

================================================================
== Vitis HLS Report for 'blockmatmul'
================================================================
* Date:           Wed Apr 12 06:50:00 2023

* Version:        2022.1 (Build 3526262 on Mon Apr 18 15:48:16 MDT 2022)
* Project:        LabB
* Solution:       solution2 (Vivado IP Flow Target)
* Product family: zynq
* Target device:  xc7z020-clg400-1


================================================================
== Performance Estimates
================================================================
+ Timing: 
    * Summary: 
    +--------+----------+----------+------------+
    |  Clock |  Target  | Estimated| Uncertainty|
    +--------+----------+----------+------------+
    |ap_clk  |  10.00 ns|  7.196 ns|     2.70 ns|
    +--------+----------+----------+------------+

+ Latency: 
    * Summary: 
    +---------+---------+-----------+-----------+------+------+---------+
    |  Latency (cycles) |   Latency (absolute)  |   Interval  | Pipeline|
    |   min   |   max   |    min    |    max    |  min |  max |   Type  |
    +---------+---------+-----------+-----------+------+------+---------+
    |     2057|     2578|  20.570 us|  25.780 us|  2058|  2579|       no|
    +---------+---------+-----------+-----------+------+------+---------+

    + Detail: 
        * Instance: 
        N/A

        * Loop: 
        +--------------+---------+---------+----------+-----------+-----------+------+----------+
        |              |  Latency (cycles) | Iteration|  Initiation Interval  | Trip |          |
        |   Loop Name  |   min   |   max   |  Latency |  achieved |   target  | Count| Pipelined|
        +--------------+---------+---------+----------+-----------+-----------+------+----------+
        |- partialsum  |     1536|     1536|        24|          -|          -|    64|        no|
        +--------------+---------+---------+----------+-----------+-----------+------+----------+

============================================================
+ Verbose Summary: Synthesis Manager
============================================================
InlineROM: 1
ExposeGlobal: 0
============================================================
+ Verbose Summary: CDFG Model
============================================================
IsTopModel: 1
ResetActiveHigh: 1
IsCombinational: 0
IsDatapathOnly: 0
HasWiredReturn: 1
HasMFsm: 0
HasVarLatency: 1
IsPipeline: 0
IsRtlPipelined: 0
IsInstanceOverlapped: 0
IsDontTouch: 0
HasImplIP: 0
IsGatedGlobalClock: 0


============================================================
+ Verbose Summary: Schedule
============================================================
* Number of FSM states : 8
* Pipeline : 0
* Dataflow Pipeline: 0

* FSM state transitions: 
1 --> 2 
2 --> 3 4 
3 --> 4 
4 --> 5 
5 --> 6 8 
6 --> 7 
7 --> 5 
8 --> 

* FSM state operations: 

State 1 <SV = 0> <Delay = 0.00>
ST_1 : Operation 9 [1/1] (0.00ns)   --->   "%AB = alloca i64 1" [LabB/BlockMatrix_design.cpp:7]   --->   Operation 9 'alloca' 'AB' <Predicate = true> <Delay = 0.00>
ST_1 : Operation 10 [1/1] (0.00ns)   --->   "%AB_1 = alloca i64 1" [LabB/BlockMatrix_design.cpp:7]   --->   Operation 10 'alloca' 'AB_1' <Predicate = true> <Delay = 0.00>
ST_1 : Operation 11 [1/1] (0.00ns)   --->   "%AB_2 = alloca i64 1" [LabB/BlockMatrix_design.cpp:7]   --->   Operation 11 'alloca' 'AB_2' <Predicate = true> <Delay = 0.00>
ST_1 : Operation 12 [1/1] (0.00ns)   --->   "%AB_3 = alloca i64 1" [LabB/BlockMatrix_design.cpp:7]   --->   Operation 12 'alloca' 'AB_3' <Predicate = true> <Delay = 0.00>
ST_1 : Operation 13 [1/1] (0.00ns)   --->   "%AB_4 = alloca i64 1" [LabB/BlockMatrix_design.cpp:7]   --->   Operation 13 'alloca' 'AB_4' <Predicate = true> <Delay = 0.00>
ST_1 : Operation 14 [1/1] (0.00ns)   --->   "%AB_5 = alloca i64 1" [LabB/BlockMatrix_design.cpp:7]   --->   Operation 14 'alloca' 'AB_5' <Predicate = true> <Delay = 0.00>
ST_1 : Operation 15 [1/1] (0.00ns)   --->   "%AB_6 = alloca i64 1" [LabB/BlockMatrix_design.cpp:7]   --->   Operation 15 'alloca' 'AB_6' <Predicate = true> <Delay = 0.00>
ST_1 : Operation 16 [1/1] (0.00ns)   --->   "%AB_7 = alloca i64 1" [LabB/BlockMatrix_design.cpp:7]   --->   Operation 16 'alloca' 'AB_7' <Predicate = true> <Delay = 0.00>
ST_1 : Operation 17 [1/1] (0.00ns)   --->   "%AB_8 = alloca i64 1" [LabB/BlockMatrix_design.cpp:7]   --->   Operation 17 'alloca' 'AB_8' <Predicate = true> <Delay = 0.00>
ST_1 : Operation 18 [1/1] (0.00ns)   --->   "%AB_9 = alloca i64 1" [LabB/BlockMatrix_design.cpp:7]   --->   Operation 18 'alloca' 'AB_9' <Predicate = true> <Delay = 0.00>
ST_1 : Operation 19 [1/1] (0.00ns)   --->   "%AB_10 = alloca i64 1" [LabB/BlockMatrix_design.cpp:7]   --->   Operation 19 'alloca' 'AB_10' <Predicate = true> <Delay = 0.00>
ST_1 : Operation 20 [1/1] (0.00ns)   --->   "%AB_11 = alloca i64 1" [LabB/BlockMatrix_design.cpp:7]   --->   Operation 20 'alloca' 'AB_11' <Predicate = true> <Delay = 0.00>
ST_1 : Operation 21 [1/1] (0.00ns)   --->   "%AB_12 = alloca i64 1" [LabB/BlockMatrix_design.cpp:7]   --->   Operation 21 'alloca' 'AB_12' <Predicate = true> <Delay = 0.00>
ST_1 : Operation 22 [1/1] (0.00ns)   --->   "%AB_13 = alloca i64 1" [LabB/BlockMatrix_design.cpp:7]   --->   Operation 22 'alloca' 'AB_13' <Predicate = true> <Delay = 0.00>
ST_1 : Operation 23 [1/1] (0.00ns)   --->   "%AB_14 = alloca i64 1" [LabB/BlockMatrix_design.cpp:7]   --->   Operation 23 'alloca' 'AB_14' <Predicate = true> <Delay = 0.00>
ST_1 : Operation 24 [1/1] (0.00ns)   --->   "%AB_15 = alloca i64 1" [LabB/BlockMatrix_design.cpp:7]   --->   Operation 24 'alloca' 'AB_15' <Predicate = true> <Delay = 0.00>
ST_1 : Operation 25 [2/2] (0.00ns)   --->   "%call_ln0 = call void @blockmatmul_Pipeline_1, i32 %AB, i32 %AB_1, i32 %AB_2, i32 %AB_3, i32 %AB_4, i32 %AB_5, i32 %AB_6, i32 %AB_7, i32 %AB_8, i32 %AB_9, i32 %AB_10, i32 %AB_11, i32 %AB_12, i32 %AB_13, i32 %AB_14, i32 %AB_15"   --->   Operation 25 'call' 'call_ln0' <Predicate = true> <Delay = 0.00> <CoreType = "Generic">   --->   Core 0 '' <Latency = 0> <II = 1> <Delay = 1.00> <Generic> <Opcode : >

State 2 <SV = 1> <Delay = 0.95>
ST_2 : Operation 26 [1/1] (0.00ns)   --->   "%it_read = read i32 @_ssdm_op_Read.ap_auto.i32, i32 %it" [LabB/BlockMatrix_design.cpp:5]   --->   Operation 26 'read' 'it_read' <Predicate = true> <Delay = 0.00>
ST_2 : Operation 27 [1/1] (0.00ns)   --->   "%trunc_ln5 = trunc i32 %it_read" [LabB/BlockMatrix_design.cpp:5]   --->   Operation 27 'trunc' 'trunc_ln5' <Predicate = true> <Delay = 0.00>
ST_2 : Operation 28 [1/1] (0.00ns)   --->   "%spectopmodule_ln5 = spectopmodule void @_ssdm_op_SpecTopModule, void @empty_3" [LabB/BlockMatrix_design.cpp:5]   --->   Operation 28 'spectopmodule' 'spectopmodule_ln5' <Predicate = true> <Delay = 0.00>
ST_2 : Operation 29 [1/1] (0.00ns)   --->   "%specinterface_ln0 = specinterface void @_ssdm_op_SpecInterface, i512 %Arows, void @empty_0, i32 0, i32 0, void @empty, i32 0, i32 0, void @empty, void @empty, void @empty, i32 0, i32 0, i32 0, i32 0, void @empty, void @empty, i32 4294967295, i32 0"   --->   Operation 29 'specinterface' 'specinterface_ln0' <Predicate = true> <Delay = 0.00>
ST_2 : Operation 30 [1/1] (0.00ns)   --->   "%specbitsmap_ln0 = specbitsmap void @_ssdm_op_SpecBitsMap, i512 %Arows"   --->   Operation 30 'specbitsmap' 'specbitsmap_ln0' <Predicate = true> <Delay = 0.00>
ST_2 : Operation 31 [1/1] (0.00ns)   --->   "%specinterface_ln0 = specinterface void @_ssdm_op_SpecInterface, i512 %Bcols, void @empty_0, i32 0, i32 0, void @empty, i32 0, i32 0, void @empty, void @empty, void @empty, i32 0, i32 0, i32 0, i32 0, void @empty, void @empty, i32 4294967295, i32 0"   --->   Operation 31 'specinterface' 'specinterface_ln0' <Predicate = true> <Delay = 0.00>
ST_2 : Operation 32 [1/1] (0.00ns)   --->   "%specbitsmap_ln0 = specbitsmap void @_ssdm_op_SpecBitsMap, i512 %Bcols"   --->   Operation 32 'specbitsmap' 'specbitsmap_ln0' <Predicate = true> <Delay = 0.00>
ST_2 : Operation 33 [1/1] (0.00ns)   --->   "%specinterface_ln0 = specinterface void @_ssdm_op_SpecInterface, i32 %ABpartial, void @empty_1, i32 0, i32 0, void @empty, i32 4294967295, i32 0, void @empty, void @empty, void @empty, i32 0, i32 0, i32 0, i32 0, void @empty, void @empty, i32 4294967295, i32 0"   --->   Operation 33 'specinterface' 'specinterface_ln0' <Predicate = true> <Delay = 0.00>
ST_2 : Operation 34 [1/1] (0.00ns)   --->   "%specbitsmap_ln0 = specbitsmap void @_ssdm_op_SpecBitsMap, i32 %ABpartial"   --->   Operation 34 'specbitsmap' 'specbitsmap_ln0' <Predicate = true> <Delay = 0.00>
ST_2 : Operation 35 [1/1] (0.00ns)   --->   "%specbitsmap_ln0 = specbitsmap void @_ssdm_op_SpecBitsMap, i32 %it"   --->   Operation 35 'specbitsmap' 'specbitsmap_ln0' <Predicate = true> <Delay = 0.00>
ST_2 : Operation 36 [1/1] (0.00ns)   --->   "%specinterface_ln0 = specinterface void @_ssdm_op_SpecInterface, i32 %it, void @empty_2, i32 0, i32 0, void @empty, i32 0, i32 0, void @empty, void @empty, void @empty, i32 0, i32 0, i32 0, i32 0, void @empty, void @empty, i32 4294967295, i32 0"   --->   Operation 36 'specinterface' 'specinterface_ln0' <Predicate = true> <Delay = 0.00>
ST_2 : Operation 37 [1/2] (0.00ns)   --->   "%call_ln0 = call void @blockmatmul_Pipeline_1, i32 %AB, i32 %AB_1, i32 %AB_2, i32 %AB_3, i32 %AB_4, i32 %AB_5, i32 %AB_6, i32 %AB_7, i32 %AB_8, i32 %AB_9, i32 %AB_10, i32 %AB_11, i32 %AB_12, i32 %AB_13, i32 %AB_14, i32 %AB_15"   --->   Operation 37 'call' 'call_ln0' <Predicate = true> <Delay = 0.00> <CoreType = "Generic">   --->   Core 0 '' <Latency = 0> <II = 1> <Delay = 1.00> <Generic> <Opcode : >
ST_2 : Operation 38 [1/1] (0.95ns)   --->   "%icmp_ln13 = icmp_eq  i2 %trunc_ln5, i2 0" [LabB/BlockMatrix_design.cpp:13]   --->   Operation 38 'icmp' 'icmp_ln13' <Predicate = true> <Delay = 0.95> <CoreInst = "Cmp">   --->   Core 9 'Cmp' <Latency = 0> <II = 1> <Delay = 0.95> <FuncUnit> <Opcode : 'icmp'> <InPorts = 2> <OutPorts = 1>
ST_2 : Operation 39 [1/1] (0.00ns)   --->   "%br_ln13 = br i1 %icmp_ln13, void %partialsum, void %VITIS_LOOP_16_1.preheader" [LabB/BlockMatrix_design.cpp:13]   --->   Operation 39 'br' 'br_ln13' <Predicate = true> <Delay = 0.00>
ST_2 : Operation 40 [1/1] (0.00ns)   --->   "%empty = wait i32 @_ssdm_op_Wait"   --->   Operation 40 'wait' 'empty' <Predicate = (icmp_ln13)> <Delay = 0.00>
ST_2 : Operation 41 [2/2] (0.00ns)   --->   "%call_ln0 = call void @blockmatmul_Pipeline_loadA, i512 %Arows, i32 %A"   --->   Operation 41 'call' 'call_ln0' <Predicate = (icmp_ln13)> <Delay = 0.00> <CoreType = "Generic">   --->   Core 0 '' <Latency = 0> <II = 1> <Delay = 1.00> <Generic> <Opcode : >

State 3 <SV = 2> <Delay = 0.00>
ST_3 : Operation 42 [1/2] (0.00ns)   --->   "%call_ln0 = call void @blockmatmul_Pipeline_loadA, i512 %Arows, i32 %A"   --->   Operation 42 'call' 'call_ln0' <Predicate = true> <Delay = 0.00> <CoreType = "Generic">   --->   Core 0 '' <Latency = 0> <II = 1> <Delay = 1.00> <Generic> <Opcode : >

State 4 <SV = 3> <Delay = 1.58>
ST_4 : Operation 43 [1/1] (0.00ns)   --->   "%empty_18 = wait i32 @_ssdm_op_Wait"   --->   Operation 43 'wait' 'empty_18' <Predicate = (icmp_ln13)> <Delay = 0.00>
ST_4 : Operation 44 [1/1] (0.00ns)   --->   "%br_ln0 = br void %partialsum"   --->   Operation 44 'br' 'br_ln0' <Predicate = (icmp_ln13)> <Delay = 0.00>
ST_4 : Operation 45 [1/1] (0.00ns)   --->   "%k = alloca i32 1"   --->   Operation 45 'alloca' 'k' <Predicate = true> <Delay = 0.00>
ST_4 : Operation 46 [1/1] (1.58ns)   --->   "%store_ln23 = store i7 0, i7 %k" [LabB/BlockMatrix_design.cpp:23]   --->   Operation 46 'store' 'store_ln23' <Predicate = true> <Delay = 1.58>
ST_4 : Operation 47 [1/1] (0.00ns)   --->   "%br_ln23 = br void %ps_i" [LabB/BlockMatrix_design.cpp:23]   --->   Operation 47 'br' 'br_ln23' <Predicate = true> <Delay = 0.00>

State 5 <SV = 4> <Delay = 3.45>
ST_5 : Operation 48 [1/1] (0.00ns)   --->   "%k_1 = load i7 %k" [D:/tool/Xilinx/Vitis_HLS/2022.1/common/technology/autopilot/hls_stream_39.h:144]   --->   Operation 48 'load' 'k_1' <Predicate = true> <Delay = 0.00>
ST_5 : Operation 49 [1/1] (1.48ns)   --->   "%icmp_ln23 = icmp_eq  i7 %k_1, i7 64" [LabB/BlockMatrix_design.cpp:23]   --->   Operation 49 'icmp' 'icmp_ln23' <Predicate = true> <Delay = 1.48> <CoreInst = "Cmp">   --->   Core 9 'Cmp' <Latency = 0> <II = 1> <Delay = 1.48> <FuncUnit> <Opcode : 'icmp'> <InPorts = 2> <OutPorts = 1>
ST_5 : Operation 50 [1/1] (0.00ns)   --->   "%empty_19 = speclooptripcount i32 @_ssdm_op_SpecLoopTripCount, i64 64, i64 64, i64 64"   --->   Operation 50 'speclooptripcount' 'empty_19' <Predicate = true> <Delay = 0.00>
ST_5 : Operation 51 [1/1] (1.87ns)   --->   "%add_ln23 = add i7 %k_1, i7 1" [LabB/BlockMatrix_design.cpp:23]   --->   Operation 51 'add' 'add_ln23' <Predicate = true> <Delay = 1.87> <CoreInst = "Adder">   --->   Core 1 'Adder' <Latency = 0> <II = 1> <Delay = 1.87> <FuncUnit> <Opcode : 'add' 'sub'> <InPorts = 2> <OutPorts = 1>
ST_5 : Operation 52 [1/1] (0.00ns)   --->   "%br_ln23 = br i1 %icmp_ln23, void %ps_i.split, void %for.inc69.preheader" [LabB/BlockMatrix_design.cpp:23]   --->   Operation 52 'br' 'br_ln23' <Predicate = true> <Delay = 0.00>
ST_5 : Operation 53 [1/1] (0.00ns)   --->   "%trunc_ln144 = trunc i7 %k_1" [D:/tool/Xilinx/Vitis_HLS/2022.1/common/technology/autopilot/hls_stream_39.h:144]   --->   Operation 53 'trunc' 'trunc_ln144' <Predicate = (!icmp_ln23)> <Delay = 0.00>
ST_5 : Operation 54 [1/1] (1.58ns)   --->   "%store_ln23 = store i7 %add_ln23, i7 %k" [LabB/BlockMatrix_design.cpp:23]   --->   Operation 54 'store' 'store_ln23' <Predicate = (!icmp_ln23)> <Delay = 1.58>
ST_5 : Operation 55 [2/2] (0.00ns)   --->   "%call_ln0 = call void @blockmatmul_Pipeline_writeoutput_VITIS_LOOP_34_2, i32 %AB, i32 %AB_1, i32 %AB_2, i32 %AB_3, i32 %AB_4, i32 %AB_5, i32 %AB_6, i32 %AB_7, i32 %AB_8, i32 %AB_9, i32 %AB_10, i32 %AB_11, i32 %AB_12, i32 %AB_13, i32 %AB_14, i32 %AB_15, i32 %ABpartial"   --->   Operation 55 'call' 'call_ln0' <Predicate = (icmp_ln23)> <Delay = 0.00> <CoreType = "Generic">   --->   Core 0 '' <Latency = 0> <II = 1> <Delay = 1.00> <Generic> <Opcode : >

State 6 <SV = 5> <Delay = 6.73>
ST_6 : Operation 56 [1/1] (3.47ns)   --->   "%Bcols_read = read i512 @_ssdm_op_Read.ap_fifo.volatile.i512P0A, i512 %Bcols" [D:/tool/Xilinx/Vitis_HLS/2022.1/common/technology/autopilot/hls_stream_39.h:145]   --->   Operation 56 'read' 'Bcols_read' <Predicate = true> <Delay = 3.47> <CoreInst = "FIFO">   --->   Core 78 'FIFO' <Latency = 0> <II = 1> <Delay = 3.47> <Storage> <Opcode : 'read' 'write' 'nbread' 'nbwrite'> <Ports = 0> <Width = -1> <Depth = -1> <FIFO>
ST_6 : Operation 57 [1/1] (0.00ns)   --->   "%tempB_a = trunc i512 %Bcols_read" [D:/tool/Xilinx/Vitis_HLS/2022.1/common/technology/autopilot/hls_stream_39.h:145]   --->   Operation 57 'trunc' 'tempB_a' <Predicate = true> <Delay = 0.00>
ST_6 : Operation 58 [1/1] (0.00ns)   --->   "%tmp_s = partselect i32 @_ssdm_op_PartSelect.i32.i512.i32.i32, i512 %Bcols_read, i32 96, i32 127" [D:/tool/Xilinx/Vitis_HLS/2022.1/common/technology/autopilot/hls_stream_39.h:145]   --->   Operation 58 'partselect' 'tmp_s' <Predicate = true> <Delay = 0.00>
ST_6 : Operation 59 [1/1] (0.00ns)   --->   "%tmp_12 = partselect i32 @_ssdm_op_PartSelect.i32.i512.i32.i32, i512 %Bcols_read, i32 128, i32 159" [D:/tool/Xilinx/Vitis_HLS/2022.1/common/technology/autopilot/hls_stream_39.h:145]   --->   Operation 59 'partselect' 'tmp_12' <Predicate = true> <Delay = 0.00>
ST_6 : Operation 60 [1/1] (0.00ns)   --->   "%tmp_13 = partselect i32 @_ssdm_op_PartSelect.i32.i512.i32.i32, i512 %Bcols_read, i32 160, i32 191" [D:/tool/Xilinx/Vitis_HLS/2022.1/common/technology/autopilot/hls_stream_39.h:145]   --->   Operation 60 'partselect' 'tmp_13' <Predicate = true> <Delay = 0.00>
ST_6 : Operation 61 [1/1] (0.00ns)   --->   "%tmp_15 = partselect i32 @_ssdm_op_PartSelect.i32.i512.i32.i32, i512 %Bcols_read, i32 416, i32 447" [D:/tool/Xilinx/Vitis_HLS/2022.1/common/technology/autopilot/hls_stream_39.h:145]   --->   Operation 61 'partselect' 'tmp_15' <Predicate = true> <Delay = 0.00>
ST_6 : Operation 62 [1/1] (0.00ns)   --->   "%trunc_ln145_2 = partselect i32 @_ssdm_op_PartSelect.i32.i512.i32.i32, i512 %Bcols_read, i32 448, i32 479" [D:/tool/Xilinx/Vitis_HLS/2022.1/common/technology/autopilot/hls_stream_39.h:145]   --->   Operation 62 'partselect' 'trunc_ln145_2' <Predicate = true> <Delay = 0.00>
ST_6 : Operation 63 [1/1] (0.00ns)   --->   "%trunc_ln145_3 = partselect i32 @_ssdm_op_PartSelect.i32.i512.i32.i32, i512 %Bcols_read, i32 480, i32 511" [D:/tool/Xilinx/Vitis_HLS/2022.1/common/technology/autopilot/hls_stream_39.h:145]   --->   Operation 63 'partselect' 'trunc_ln145_3' <Predicate = true> <Delay = 0.00>
ST_6 : Operation 64 [1/1] (0.00ns)   --->   "%tempB_a_1 = partselect i32 @_ssdm_op_PartSelect.i32.i512.i32.i32, i512 %Bcols_read, i32 32, i32 63" [D:/tool/Xilinx/Vitis_HLS/2022.1/common/technology/autopilot/hls_stream_39.h:145]   --->   Operation 64 'partselect' 'tempB_a_1' <Predicate = true> <Delay = 0.00>
ST_6 : Operation 65 [1/1] (0.00ns)   --->   "%tmp_14 = partselect i32 @_ssdm_op_PartSelect.i32.i512.i32.i32, i512 %Bcols_read, i32 64, i32 95" [D:/tool/Xilinx/Vitis_HLS/2022.1/common/technology/autopilot/hls_stream_39.h:145]   --->   Operation 65 'partselect' 'tmp_14' <Predicate = true> <Delay = 0.00>
ST_6 : Operation 66 [1/1] (0.00ns)   --->   "%tmp_16 = partselect i32 @_ssdm_op_PartSelect.i32.i512.i32.i32, i512 %Bcols_read, i32 192, i32 223" [D:/tool/Xilinx/Vitis_HLS/2022.1/common/technology/autopilot/hls_stream_39.h:145]   --->   Operation 66 'partselect' 'tmp_16' <Predicate = true> <Delay = 0.00>
ST_6 : Operation 67 [1/1] (0.00ns)   --->   "%tmp_17 = partselect i32 @_ssdm_op_PartSelect.i32.i512.i32.i32, i512 %Bcols_read, i32 224, i32 255" [D:/tool/Xilinx/Vitis_HLS/2022.1/common/technology/autopilot/hls_stream_39.h:145]   --->   Operation 67 'partselect' 'tmp_17' <Predicate = true> <Delay = 0.00>
ST_6 : Operation 68 [1/1] (0.00ns)   --->   "%tmp_18 = partselect i32 @_ssdm_op_PartSelect.i32.i512.i32.i32, i512 %Bcols_read, i32 256, i32 287" [D:/tool/Xilinx/Vitis_HLS/2022.1/common/technology/autopilot/hls_stream_39.h:145]   --->   Operation 68 'partselect' 'tmp_18' <Predicate = true> <Delay = 0.00>
ST_6 : Operation 69 [1/1] (0.00ns)   --->   "%tmp_19 = partselect i32 @_ssdm_op_PartSelect.i32.i512.i32.i32, i512 %Bcols_read, i32 288, i32 319" [D:/tool/Xilinx/Vitis_HLS/2022.1/common/technology/autopilot/hls_stream_39.h:145]   --->   Operation 69 'partselect' 'tmp_19' <Predicate = true> <Delay = 0.00>
ST_6 : Operation 70 [1/1] (0.00ns)   --->   "%tmp_20 = partselect i32 @_ssdm_op_PartSelect.i32.i512.i32.i32, i512 %Bcols_read, i32 320, i32 351" [D:/tool/Xilinx/Vitis_HLS/2022.1/common/technology/autopilot/hls_stream_39.h:145]   --->   Operation 70 'partselect' 'tmp_20' <Predicate = true> <Delay = 0.00>
ST_6 : Operation 71 [1/1] (0.00ns)   --->   "%tmp_21 = partselect i32 @_ssdm_op_PartSelect.i32.i512.i32.i32, i512 %Bcols_read, i32 352, i32 383" [D:/tool/Xilinx/Vitis_HLS/2022.1/common/technology/autopilot/hls_stream_39.h:145]   --->   Operation 71 'partselect' 'tmp_21' <Predicate = true> <Delay = 0.00>
ST_6 : Operation 72 [1/1] (0.00ns)   --->   "%tmp_22 = partselect i32 @_ssdm_op_PartSelect.i32.i512.i32.i32, i512 %Bcols_read, i32 384, i32 415" [D:/tool/Xilinx/Vitis_HLS/2022.1/common/technology/autopilot/hls_stream_39.h:145]   --->   Operation 72 'partselect' 'tmp_22' <Predicate = true> <Delay = 0.00>
ST_6 : Operation 73 [2/2] (3.25ns)   --->   "%call_ln144 = call void @blockmatmul_Pipeline_ps_i, i6 %trunc_ln144, i32 %AB_15, i32 %AB_14, i32 %AB_13, i32 %AB_12, i32 %AB_11, i32 %AB_10, i32 %AB_9, i32 %AB_8, i32 %AB_7, i32 %AB_6, i32 %AB_5, i32 %AB_4, i32 %AB_3, i32 %AB_2, i32 %AB_1, i32 %AB, i32 %tempB_a, i32 %tempB_a_1, i32 %tmp_14, i32 %tmp_s, i32 %tmp_12, i32 %tmp_13, i32 %tmp_16, i32 %tmp_17, i32 %tmp_18, i32 %tmp_19, i32 %tmp_20, i32 %tmp_21, i32 %tmp_22, i32 %tmp_15, i32 %trunc_ln145_2, i32 %trunc_ln145_3, i32 %A" [D:/tool/Xilinx/Vitis_HLS/2022.1/common/technology/autopilot/hls_stream_39.h:144]   --->   Operation 73 'call' 'call_ln144' <Predicate = true> <Delay = 3.25> <CoreType = "Generic">   --->   Core 0 '' <Latency = 0> <II = 1> <Delay = 1.00> <Generic> <Opcode : >

State 7 <SV = 6> <Delay = 0.00>
ST_7 : Operation 74 [1/1] (0.00ns)   --->   "%specloopname_ln144 = specloopname void @_ssdm_op_SpecLoopName, void @empty_6" [D:/tool/Xilinx/Vitis_HLS/2022.1/common/technology/autopilot/hls_stream_39.h:144]   --->   Operation 74 'specloopname' 'specloopname_ln144' <Predicate = true> <Delay = 0.00>
ST_7 : Operation 75 [1/2] (0.00ns)   --->   "%call_ln144 = call void @blockmatmul_Pipeline_ps_i, i6 %trunc_ln144, i32 %AB_15, i32 %AB_14, i32 %AB_13, i32 %AB_12, i32 %AB_11, i32 %AB_10, i32 %AB_9, i32 %AB_8, i32 %AB_7, i32 %AB_6, i32 %AB_5, i32 %AB_4, i32 %AB_3, i32 %AB_2, i32 %AB_1, i32 %AB, i32 %tempB_a, i32 %tempB_a_1, i32 %tmp_14, i32 %tmp_s, i32 %tmp_12, i32 %tmp_13, i32 %tmp_16, i32 %tmp_17, i32 %tmp_18, i32 %tmp_19, i32 %tmp_20, i32 %tmp_21, i32 %tmp_22, i32 %tmp_15, i32 %trunc_ln145_2, i32 %trunc_ln145_3, i32 %A" [D:/tool/Xilinx/Vitis_HLS/2022.1/common/technology/autopilot/hls_stream_39.h:144]   --->   Operation 75 'call' 'call_ln144' <Predicate = true> <Delay = 0.00> <CoreType = "Generic">   --->   Core 0 '' <Latency = 0> <II = 1> <Delay = 1.00> <Generic> <Opcode : >
ST_7 : Operation 76 [1/1] (0.00ns)   --->   "%br_ln23 = br void %ps_i" [LabB/BlockMatrix_design.cpp:23]   --->   Operation 76 'br' 'br_ln23' <Predicate = true> <Delay = 0.00>

State 8 <SV = 5> <Delay = 0.00>
ST_8 : Operation 77 [1/2] (0.00ns)   --->   "%call_ln0 = call void @blockmatmul_Pipeline_writeoutput_VITIS_LOOP_34_2, i32 %AB, i32 %AB_1, i32 %AB_2, i32 %AB_3, i32 %AB_4, i32 %AB_5, i32 %AB_6, i32 %AB_7, i32 %AB_8, i32 %AB_9, i32 %AB_10, i32 %AB_11, i32 %AB_12, i32 %AB_13, i32 %AB_14, i32 %AB_15, i32 %ABpartial"   --->   Operation 77 'call' 'call_ln0' <Predicate = true> <Delay = 0.00> <CoreType = "Generic">   --->   Core 0 '' <Latency = 0> <II = 1> <Delay = 1.00> <Generic> <Opcode : >
ST_8 : Operation 78 [1/1] (0.00ns)   --->   "%ret_ln39 = ret" [LabB/BlockMatrix_design.cpp:39]   --->   Operation 78 'ret' 'ret_ln39' <Predicate = true> <Delay = 0.00>


============================================================
+ Verbose Summary: Timing violations
============================================================
Target clock period: 10ns, clock uncertainty: 2.7ns.

 <State 1>: 0ns
The critical path consists of the following:

 <State 2>: 0.959ns
The critical path consists of the following:
	wire read operation ('it_read', LabB/BlockMatrix_design.cpp:5) on port 'it' (LabB/BlockMatrix_design.cpp:5) [6]  (0 ns)
	'icmp' operation ('icmp_ln13', LabB/BlockMatrix_design.cpp:13) [34]  (0.959 ns)

 <State 3>: 0ns
The critical path consists of the following:

 <State 4>: 1.59ns
The critical path consists of the following:
	'alloca' operation ('k') [42]  (0 ns)
	'store' operation ('store_ln23', LabB/BlockMatrix_design.cpp:23) of constant 0 on local variable 'k' [43]  (1.59 ns)

 <State 5>: 3.46ns
The critical path consists of the following:
	'load' operation ('k', D:/tool/Xilinx/Vitis_HLS/2022.1/common/technology/autopilot/hls_stream_39.h:144) on local variable 'k' [46]  (0 ns)
	'add' operation ('add_ln23', LabB/BlockMatrix_design.cpp:23) [49]  (1.87 ns)
	'store' operation ('store_ln23', LabB/BlockMatrix_design.cpp:23) of variable 'add_ln23', LabB/BlockMatrix_design.cpp:23 on local variable 'k' [72]  (1.59 ns)

 <State 6>: 6.73ns
The critical path consists of the following:
	fifo read operation ('Bcols_read', D:/tool/Xilinx/Vitis_HLS/2022.1/common/technology/autopilot/hls_stream_39.h:145) on port 'Bcols' (D:/tool/Xilinx/Vitis_HLS/2022.1/common/technology/autopilot/hls_stream_39.h:145) [54]  (3.48 ns)
	'call' operation ('call_ln144', D:/tool/Xilinx/Vitis_HLS/2022.1/common/technology/autopilot/hls_stream_39.h:144) to 'blockmatmul_Pipeline_ps_i' [71]  (3.25 ns)

 <State 7>: 0ns
The critical path consists of the following:

 <State 8>: 0ns
The critical path consists of the following:


============================================================
+ Verbose Summary: Binding
============================================================
N/A
* FSMD analyzer results:
  - Output states:
 - Input state : 
  - Chain level:
	State 1
	State 2
	State 3
	State 4
	State 5
	State 6
	State 7
	State 8


============================================================
+ Verbose Summary: Datapath Resource usage 
============================================================
N/A
