

================================================================
== Vitis HLS Report for 'blockmatmul_Pipeline_ps_i'
================================================================
* Date:           Wed Apr 12 06:49:59 2023

* Version:        2022.1 (Build 3526262 on Mon Apr 18 15:48:16 MDT 2022)
* Project:        LabB
* Solution:       solution2 (Vivado IP Flow Target)
* Product family: zynq
* Target device:  xc7z020-clg400-1


================================================================
== Performance Estimates
================================================================
+ Timing: 
    * Summary: 
    +--------+----------+----------+------------+
    |  Clock |  Target  | Estimated| Uncertainty|
    +--------+----------+----------+------------+
    |ap_clk  |  10.00 ns|  7.196 ns|     2.70 ns|
    +--------+----------+----------+------------+

+ Latency: 
    * Summary: 
    +---------+---------+----------+----------+-----+-----+---------+
    |  Latency (cycles) |  Latency (absolute) |  Interval | Pipeline|
    |   min   |   max   |    min   |    max   | min | max |   Type  |
    +---------+---------+----------+----------+-----+-----+---------+
    |       21|       21|  0.210 us|  0.210 us|   21|   21|       no|
    +---------+---------+----------+----------+-----+-----+---------+

    + Detail: 
        * Instance: 
        N/A

        * Loop: 
        +----------+---------+---------+----------+-----------+-----------+------+----------+
        |          |  Latency (cycles) | Iteration|  Initiation Interval  | Trip |          |
        | Loop Name|   min   |   max   |  Latency |  achieved |   target  | Count| Pipelined|
        +----------+---------+---------+----------+-----------+-----------+------+----------+
        |- ps_i    |       19|       19|         5|          1|          1|    16|       yes|
        +----------+---------+---------+----------+-----------+-----------+------+----------+

============================================================
+ Verbose Summary: Synthesis Manager
============================================================
InlineROM: 1
ExposeGlobal: 0
============================================================
+ Verbose Summary: CDFG Model
============================================================
IsTopModel: 0
ResetActiveHigh: 1
IsCombinational: 0
IsDatapathOnly: 0
HasWiredReturn: 1
HasMFsm: 2
HasVarLatency: 1
IsPipeline: 0
IsRtlPipelined: 0
IsInstanceOverlapped: 0
IsDontTouch: 0
HasImplIP: 0
IsGatedGlobalClock: 0

+ Individual pipeline summary: 
  * Pipeline-0: initiation interval (II) = 1, depth = 5


============================================================
+ Verbose Summary: Schedule
============================================================
* Number of FSM states : 5
* Pipeline : 1
  Pipeline-0 : II = 1, D = 5, States = { 1 2 3 4 5 }
* Dataflow Pipeline: 0

* FSM state transitions: 
1 --> 2 
2 --> 3 
3 --> 4 
4 --> 5 
5 --> 

* FSM state operations: 

State 1 <SV = 0> <Delay = 3.36>
ST_1 : Operation 8 [1/1] (0.00ns)   --->   "%i = alloca i32 1"   --->   Operation 8 'alloca' 'i' <Predicate = true> <Delay = 0.00>
ST_1 : Operation 9 [1/1] (0.00ns)   --->   "%trunc_ln145_3_read = read i32 @_ssdm_op_Read.ap_auto.i32, i32 %trunc_ln145_3"   --->   Operation 9 'read' 'trunc_ln145_3_read' <Predicate = true> <Delay = 0.00>
ST_1 : Operation 10 [1/1] (0.00ns)   --->   "%trunc_ln145_2_read = read i32 @_ssdm_op_Read.ap_auto.i32, i32 %trunc_ln145_2"   --->   Operation 10 'read' 'trunc_ln145_2_read' <Predicate = true> <Delay = 0.00>
ST_1 : Operation 11 [1/1] (0.00ns)   --->   "%tmp_32_read = read i32 @_ssdm_op_Read.ap_auto.i32, i32 %tmp_32"   --->   Operation 11 'read' 'tmp_32_read' <Predicate = true> <Delay = 0.00>
ST_1 : Operation 12 [1/1] (0.00ns)   --->   "%tmp_24_read = read i32 @_ssdm_op_Read.ap_auto.i32, i32 %tmp_24"   --->   Operation 12 'read' 'tmp_24_read' <Predicate = true> <Delay = 0.00>
ST_1 : Operation 13 [1/1] (0.00ns)   --->   "%tmp_23_read = read i32 @_ssdm_op_Read.ap_auto.i32, i32 %tmp_23"   --->   Operation 13 'read' 'tmp_23_read' <Predicate = true> <Delay = 0.00>
ST_1 : Operation 14 [1/1] (0.00ns)   --->   "%tmp_22_read = read i32 @_ssdm_op_Read.ap_auto.i32, i32 %tmp_22"   --->   Operation 14 'read' 'tmp_22_read' <Predicate = true> <Delay = 0.00>
ST_1 : Operation 15 [1/1] (0.00ns)   --->   "%tmp_21_read = read i32 @_ssdm_op_Read.ap_auto.i32, i32 %tmp_21"   --->   Operation 15 'read' 'tmp_21_read' <Predicate = true> <Delay = 0.00>
ST_1 : Operation 16 [1/1] (0.00ns)   --->   "%tmp_20_read = read i32 @_ssdm_op_Read.ap_auto.i32, i32 %tmp_20"   --->   Operation 16 'read' 'tmp_20_read' <Predicate = true> <Delay = 0.00>
ST_1 : Operation 17 [1/1] (0.00ns)   --->   "%tmp_19_read = read i32 @_ssdm_op_Read.ap_auto.i32, i32 %tmp_19"   --->   Operation 17 'read' 'tmp_19_read' <Predicate = true> <Delay = 0.00>
ST_1 : Operation 18 [1/1] (0.00ns)   --->   "%tmp_18_read = read i32 @_ssdm_op_Read.ap_auto.i32, i32 %tmp_18"   --->   Operation 18 'read' 'tmp_18_read' <Predicate = true> <Delay = 0.00>
ST_1 : Operation 19 [1/1] (0.00ns)   --->   "%tmp_31_read = read i32 @_ssdm_op_Read.ap_auto.i32, i32 %tmp_31"   --->   Operation 19 'read' 'tmp_31_read' <Predicate = true> <Delay = 0.00>
ST_1 : Operation 20 [1/1] (0.00ns)   --->   "%tmp_30_read = read i32 @_ssdm_op_Read.ap_auto.i32, i32 %tmp_30"   --->   Operation 20 'read' 'tmp_30_read' <Predicate = true> <Delay = 0.00>
ST_1 : Operation 21 [1/1] (0.00ns)   --->   "%tmp_29_read = read i32 @_ssdm_op_Read.ap_auto.i32, i32 %tmp_29"   --->   Operation 21 'read' 'tmp_29_read' <Predicate = true> <Delay = 0.00>
ST_1 : Operation 22 [1/1] (0.00ns)   --->   "%tmp_14_read = read i32 @_ssdm_op_Read.ap_auto.i32, i32 %tmp_14"   --->   Operation 22 'read' 'tmp_14_read' <Predicate = true> <Delay = 0.00>
ST_1 : Operation 23 [1/1] (0.00ns)   --->   "%tempB_a_1_read = read i32 @_ssdm_op_Read.ap_auto.i32, i32 %tempB_a_1"   --->   Operation 23 'read' 'tempB_a_1_read' <Predicate = true> <Delay = 0.00>
ST_1 : Operation 24 [1/1] (0.00ns)   --->   "%tempB_a_read = read i32 @_ssdm_op_Read.ap_auto.i32, i32 %tempB_a"   --->   Operation 24 'read' 'tempB_a_read' <Predicate = true> <Delay = 0.00>
ST_1 : Operation 25 [1/1] (0.00ns)   --->   "%zext_ln23_read = read i6 @_ssdm_op_Read.ap_auto.i6, i6 %zext_ln23"   --->   Operation 25 'read' 'zext_ln23_read' <Predicate = true> <Delay = 0.00>
ST_1 : Operation 26 [1/1] (1.58ns)   --->   "%store_ln0 = store i5 0, i5 %i"   --->   Operation 26 'store' 'store_ln0' <Predicate = true> <Delay = 1.58>
ST_1 : Operation 27 [1/1] (0.00ns)   --->   "%br_ln0 = br void %for.inc42"   --->   Operation 27 'br' 'br_ln0' <Predicate = true> <Delay = 0.00>
ST_1 : Operation 28 [1/1] (0.00ns)   --->   "%i_1 = load i5 %i" [LabB/BlockMatrix_design.cpp:26]   --->   Operation 28 'load' 'i_1' <Predicate = true> <Delay = 0.00>
ST_1 : Operation 29 [1/1] (0.00ns)   --->   "%trunc_ln26 = trunc i5 %i_1" [LabB/BlockMatrix_design.cpp:26]   --->   Operation 29 'trunc' 'trunc_ln26' <Predicate = true> <Delay = 0.00>
ST_1 : Operation 30 [1/1] (1.36ns)   --->   "%icmp_ln26 = icmp_eq  i5 %i_1, i5 16" [LabB/BlockMatrix_design.cpp:26]   --->   Operation 30 'icmp' 'icmp_ln26' <Predicate = true> <Delay = 1.36> <CoreInst = "Cmp">   --->   Core 9 'Cmp' <Latency = 0> <II = 1> <Delay = 1.36> <FuncUnit> <Opcode : 'icmp'> <InPorts = 2> <OutPorts = 1>
ST_1 : Operation 31 [1/1] (0.00ns)   --->   "%empty = speclooptripcount i32 @_ssdm_op_SpecLoopTripCount, i64 16, i64 16, i64 16"   --->   Operation 31 'speclooptripcount' 'empty' <Predicate = true> <Delay = 0.00>
ST_1 : Operation 32 [1/1] (1.78ns)   --->   "%add_ln26 = add i5 %i_1, i5 1" [LabB/BlockMatrix_design.cpp:26]   --->   Operation 32 'add' 'add_ln26' <Predicate = true> <Delay = 1.78> <CoreInst = "Adder">   --->   Core 1 'Adder' <Latency = 0> <II = 1> <Delay = 1.78> <FuncUnit> <Opcode : 'add' 'sub'> <InPorts = 2> <OutPorts = 1>
ST_1 : Operation 33 [1/1] (0.00ns)   --->   "%br_ln26 = br i1 %icmp_ln26, void %for.inc42.split, void %for.inc48.exitStub" [LabB/BlockMatrix_design.cpp:26]   --->   Operation 33 'br' 'br_ln26' <Predicate = true> <Delay = 0.00>
ST_1 : Operation 34 [1/1] (0.00ns)   --->   "%tmp = bitconcatenate i10 @_ssdm_op_BitConcatenate.i10.i4.i6, i4 %trunc_ln26, i6 %zext_ln23_read" [LabB/BlockMatrix_design.cpp:26]   --->   Operation 34 'bitconcatenate' 'tmp' <Predicate = (!icmp_ln26)> <Delay = 0.00>
ST_1 : Operation 35 [1/1] (0.00ns)   --->   "%p_cast = zext i10 %tmp" [LabB/BlockMatrix_design.cpp:26]   --->   Operation 35 'zext' 'p_cast' <Predicate = (!icmp_ln26)> <Delay = 0.00>
ST_1 : Operation 36 [1/1] (0.00ns)   --->   "%A_addr = getelementptr i32 %A, i64 0, i64 %p_cast" [LabB/BlockMatrix_design.cpp:26]   --->   Operation 36 'getelementptr' 'A_addr' <Predicate = (!icmp_ln26)> <Delay = 0.00>
ST_1 : Operation 37 [2/2] (3.25ns)   --->   "%A_load = load i10 %A_addr" [LabB/BlockMatrix_design.cpp:28]   --->   Operation 37 'load' 'A_load' <Predicate = (!icmp_ln26)> <Delay = 3.25> <CoreInst = "RAM">   --->   Core 82 'RAM' <Latency = 1> <II = 1> <Delay = 3.25> <Storage> <Opcode : 'load' 'store'> <Ports = 2> <Width = 32> <Depth = 1024> <RAM>
ST_1 : Operation 38 [1/1] (1.58ns)   --->   "%store_ln26 = store i5 %add_ln26, i5 %i" [LabB/BlockMatrix_design.cpp:26]   --->   Operation 38 'store' 'store_ln26' <Predicate = (!icmp_ln26)> <Delay = 1.58>

State 2 <SV = 1> <Delay = 3.25>
ST_2 : Operation 39 [1/2] (3.25ns)   --->   "%A_load = load i10 %A_addr" [LabB/BlockMatrix_design.cpp:28]   --->   Operation 39 'load' 'A_load' <Predicate = true> <Delay = 3.25> <CoreInst = "RAM">   --->   Core 82 'RAM' <Latency = 1> <II = 1> <Delay = 3.25> <Storage> <Opcode : 'load' 'store'> <Ports = 2> <Width = 32> <Depth = 1024> <RAM>

State 3 <SV = 2> <Delay = 6.91>
ST_3 : Operation 40 [2/2] (6.91ns)   --->   "%mul_ln28 = mul i32 %A_load, i32 %tempB_a_read" [LabB/BlockMatrix_design.cpp:28]   --->   Operation 40 'mul' 'mul_ln28' <Predicate = true> <Delay = 6.91> <CoreInst = "Multiplier">   --->   Core 3 'Multiplier' <Latency = 1> <II = 1> <Delay = 6.91> <FuncUnit> <Opcode : 'mul'> <InPorts = 2> <OutPorts = 1>
ST_3 : Operation 41 [2/2] (6.91ns)   --->   "%mul_ln28_1 = mul i32 %A_load, i32 %tempB_a_1_read" [LabB/BlockMatrix_design.cpp:28]   --->   Operation 41 'mul' 'mul_ln28_1' <Predicate = true> <Delay = 6.91> <CoreInst = "Multiplier">   --->   Core 3 'Multiplier' <Latency = 1> <II = 1> <Delay = 6.91> <FuncUnit> <Opcode : 'mul'> <InPorts = 2> <OutPorts = 1>
ST_3 : Operation 42 [2/2] (6.91ns)   --->   "%mul_ln28_2 = mul i32 %A_load, i32 %tmp_14_read" [LabB/BlockMatrix_design.cpp:28]   --->   Operation 42 'mul' 'mul_ln28_2' <Predicate = true> <Delay = 6.91> <CoreInst = "Multiplier">   --->   Core 3 'Multiplier' <Latency = 1> <II = 1> <Delay = 6.91> <FuncUnit> <Opcode : 'mul'> <InPorts = 2> <OutPorts = 1>
ST_3 : Operation 43 [2/2] (6.91ns)   --->   "%mul_ln28_3 = mul i32 %A_load, i32 %tmp_29_read" [LabB/BlockMatrix_design.cpp:28]   --->   Operation 43 'mul' 'mul_ln28_3' <Predicate = true> <Delay = 6.91> <CoreInst = "Multiplier">   --->   Core 3 'Multiplier' <Latency = 1> <II = 1> <Delay = 6.91> <FuncUnit> <Opcode : 'mul'> <InPorts = 2> <OutPorts = 1>
ST_3 : Operation 44 [2/2] (6.91ns)   --->   "%mul_ln28_4 = mul i32 %A_load, i32 %tmp_30_read" [LabB/BlockMatrix_design.cpp:28]   --->   Operation 44 'mul' 'mul_ln28_4' <Predicate = true> <Delay = 6.91> <CoreInst = "Multiplier">   --->   Core 3 'Multiplier' <Latency = 1> <II = 1> <Delay = 6.91> <FuncUnit> <Opcode : 'mul'> <InPorts = 2> <OutPorts = 1>
ST_3 : Operation 45 [2/2] (6.91ns)   --->   "%mul_ln28_5 = mul i32 %A_load, i32 %tmp_31_read" [LabB/BlockMatrix_design.cpp:28]   --->   Operation 45 'mul' 'mul_ln28_5' <Predicate = true> <Delay = 6.91> <CoreInst = "Multiplier">   --->   Core 3 'Multiplier' <Latency = 1> <II = 1> <Delay = 6.91> <FuncUnit> <Opcode : 'mul'> <InPorts = 2> <OutPorts = 1>
ST_3 : Operation 46 [2/2] (6.91ns)   --->   "%mul_ln28_6 = mul i32 %A_load, i32 %tmp_18_read" [LabB/BlockMatrix_design.cpp:28]   --->   Operation 46 'mul' 'mul_ln28_6' <Predicate = true> <Delay = 6.91> <CoreInst = "Multiplier">   --->   Core 3 'Multiplier' <Latency = 1> <II = 1> <Delay = 6.91> <FuncUnit> <Opcode : 'mul'> <InPorts = 2> <OutPorts = 1>
ST_3 : Operation 47 [2/2] (6.91ns)   --->   "%mul_ln28_7 = mul i32 %A_load, i32 %tmp_19_read" [LabB/BlockMatrix_design.cpp:28]   --->   Operation 47 'mul' 'mul_ln28_7' <Predicate = true> <Delay = 6.91> <CoreInst = "Multiplier">   --->   Core 3 'Multiplier' <Latency = 1> <II = 1> <Delay = 6.91> <FuncUnit> <Opcode : 'mul'> <InPorts = 2> <OutPorts = 1>
ST_3 : Operation 48 [2/2] (6.91ns)   --->   "%mul_ln28_8 = mul i32 %A_load, i32 %tmp_20_read" [LabB/BlockMatrix_design.cpp:28]   --->   Operation 48 'mul' 'mul_ln28_8' <Predicate = true> <Delay = 6.91> <CoreInst = "Multiplier">   --->   Core 3 'Multiplier' <Latency = 1> <II = 1> <Delay = 6.91> <FuncUnit> <Opcode : 'mul'> <InPorts = 2> <OutPorts = 1>
ST_3 : Operation 49 [2/2] (6.91ns)   --->   "%mul_ln28_9 = mul i32 %A_load, i32 %tmp_21_read" [LabB/BlockMatrix_design.cpp:28]   --->   Operation 49 'mul' 'mul_ln28_9' <Predicate = true> <Delay = 6.91> <CoreInst = "Multiplier">   --->   Core 3 'Multiplier' <Latency = 1> <II = 1> <Delay = 6.91> <FuncUnit> <Opcode : 'mul'> <InPorts = 2> <OutPorts = 1>
ST_3 : Operation 50 [2/2] (6.91ns)   --->   "%mul_ln28_10 = mul i32 %A_load, i32 %tmp_22_read" [LabB/BlockMatrix_design.cpp:28]   --->   Operation 50 'mul' 'mul_ln28_10' <Predicate = true> <Delay = 6.91> <CoreInst = "Multiplier">   --->   Core 3 'Multiplier' <Latency = 1> <II = 1> <Delay = 6.91> <FuncUnit> <Opcode : 'mul'> <InPorts = 2> <OutPorts = 1>
ST_3 : Operation 51 [2/2] (6.91ns)   --->   "%mul_ln28_11 = mul i32 %A_load, i32 %tmp_23_read" [LabB/BlockMatrix_design.cpp:28]   --->   Operation 51 'mul' 'mul_ln28_11' <Predicate = true> <Delay = 6.91> <CoreInst = "Multiplier">   --->   Core 3 'Multiplier' <Latency = 1> <II = 1> <Delay = 6.91> <FuncUnit> <Opcode : 'mul'> <InPorts = 2> <OutPorts = 1>
ST_3 : Operation 52 [2/2] (6.91ns)   --->   "%mul_ln28_12 = mul i32 %A_load, i32 %tmp_24_read" [LabB/BlockMatrix_design.cpp:28]   --->   Operation 52 'mul' 'mul_ln28_12' <Predicate = true> <Delay = 6.91> <CoreInst = "Multiplier">   --->   Core 3 'Multiplier' <Latency = 1> <II = 1> <Delay = 6.91> <FuncUnit> <Opcode : 'mul'> <InPorts = 2> <OutPorts = 1>
ST_3 : Operation 53 [2/2] (6.91ns)   --->   "%mul_ln28_13 = mul i32 %A_load, i32 %tmp_32_read" [LabB/BlockMatrix_design.cpp:28]   --->   Operation 53 'mul' 'mul_ln28_13' <Predicate = true> <Delay = 6.91> <CoreInst = "Multiplier">   --->   Core 3 'Multiplier' <Latency = 1> <II = 1> <Delay = 6.91> <FuncUnit> <Opcode : 'mul'> <InPorts = 2> <OutPorts = 1>
ST_3 : Operation 54 [2/2] (6.91ns)   --->   "%mul_ln28_14 = mul i32 %A_load, i32 %trunc_ln145_2_read" [LabB/BlockMatrix_design.cpp:28]   --->   Operation 54 'mul' 'mul_ln28_14' <Predicate = true> <Delay = 6.91> <CoreInst = "Multiplier">   --->   Core 3 'Multiplier' <Latency = 1> <II = 1> <Delay = 6.91> <FuncUnit> <Opcode : 'mul'> <InPorts = 2> <OutPorts = 1>
ST_3 : Operation 55 [2/2] (6.91ns)   --->   "%mul_ln28_15 = mul i32 %A_load, i32 %trunc_ln145_3_read" [LabB/BlockMatrix_design.cpp:28]   --->   Operation 55 'mul' 'mul_ln28_15' <Predicate = true> <Delay = 6.91> <CoreInst = "Multiplier">   --->   Core 3 'Multiplier' <Latency = 1> <II = 1> <Delay = 6.91> <FuncUnit> <Opcode : 'mul'> <InPorts = 2> <OutPorts = 1>

State 4 <SV = 3> <Delay = 6.91>
ST_4 : Operation 56 [1/1] (0.00ns)   --->   "%zext_ln26 = zext i5 %i_1" [LabB/BlockMatrix_design.cpp:26]   --->   Operation 56 'zext' 'zext_ln26' <Predicate = true> <Delay = 0.00>
ST_4 : Operation 57 [1/1] (0.00ns)   --->   "%AB_addr = getelementptr i32 %AB, i64 0, i64 %zext_ln26" [LabB/BlockMatrix_design.cpp:28]   --->   Operation 57 'getelementptr' 'AB_addr' <Predicate = true> <Delay = 0.00>
ST_4 : Operation 58 [2/2] (2.32ns)   --->   "%AB_load = load i4 %AB_addr" [LabB/BlockMatrix_design.cpp:28]   --->   Operation 58 'load' 'AB_load' <Predicate = true> <Delay = 2.32> <CoreInst = "RAM">   --->   Core 82 'RAM' <Latency = 1> <II = 1> <Delay = 2.32> <Storage> <Opcode : 'load' 'store'> <Ports = 2> <Width = 32> <Depth = 16> <RAM>
ST_4 : Operation 59 [1/2] (6.91ns)   --->   "%mul_ln28 = mul i32 %A_load, i32 %tempB_a_read" [LabB/BlockMatrix_design.cpp:28]   --->   Operation 59 'mul' 'mul_ln28' <Predicate = true> <Delay = 6.91> <CoreInst = "Multiplier">   --->   Core 3 'Multiplier' <Latency = 1> <II = 1> <Delay = 6.91> <FuncUnit> <Opcode : 'mul'> <InPorts = 2> <OutPorts = 1>
ST_4 : Operation 60 [1/1] (0.00ns)   --->   "%AB_1_addr = getelementptr i32 %AB_1, i64 0, i64 %zext_ln26" [LabB/BlockMatrix_design.cpp:28]   --->   Operation 60 'getelementptr' 'AB_1_addr' <Predicate = true> <Delay = 0.00>
ST_4 : Operation 61 [2/2] (2.32ns)   --->   "%AB_1_load = load i4 %AB_1_addr" [LabB/BlockMatrix_design.cpp:28]   --->   Operation 61 'load' 'AB_1_load' <Predicate = true> <Delay = 2.32> <CoreInst = "RAM">   --->   Core 82 'RAM' <Latency = 1> <II = 1> <Delay = 2.32> <Storage> <Opcode : 'load' 'store'> <Ports = 2> <Width = 32> <Depth = 16> <RAM>
ST_4 : Operation 62 [1/2] (6.91ns)   --->   "%mul_ln28_1 = mul i32 %A_load, i32 %tempB_a_1_read" [LabB/BlockMatrix_design.cpp:28]   --->   Operation 62 'mul' 'mul_ln28_1' <Predicate = true> <Delay = 6.91> <CoreInst = "Multiplier">   --->   Core 3 'Multiplier' <Latency = 1> <II = 1> <Delay = 6.91> <FuncUnit> <Opcode : 'mul'> <InPorts = 2> <OutPorts = 1>
ST_4 : Operation 63 [1/1] (0.00ns)   --->   "%AB_2_addr = getelementptr i32 %AB_2, i64 0, i64 %zext_ln26" [LabB/BlockMatrix_design.cpp:28]   --->   Operation 63 'getelementptr' 'AB_2_addr' <Predicate = true> <Delay = 0.00>
ST_4 : Operation 64 [2/2] (2.32ns)   --->   "%AB_2_load = load i4 %AB_2_addr" [LabB/BlockMatrix_design.cpp:28]   --->   Operation 64 'load' 'AB_2_load' <Predicate = true> <Delay = 2.32> <CoreInst = "RAM">   --->   Core 82 'RAM' <Latency = 1> <II = 1> <Delay = 2.32> <Storage> <Opcode : 'load' 'store'> <Ports = 2> <Width = 32> <Depth = 16> <RAM>
ST_4 : Operation 65 [1/2] (6.91ns)   --->   "%mul_ln28_2 = mul i32 %A_load, i32 %tmp_14_read" [LabB/BlockMatrix_design.cpp:28]   --->   Operation 65 'mul' 'mul_ln28_2' <Predicate = true> <Delay = 6.91> <CoreInst = "Multiplier">   --->   Core 3 'Multiplier' <Latency = 1> <II = 1> <Delay = 6.91> <FuncUnit> <Opcode : 'mul'> <InPorts = 2> <OutPorts = 1>
ST_4 : Operation 66 [1/1] (0.00ns)   --->   "%AB_3_addr = getelementptr i32 %AB_3, i64 0, i64 %zext_ln26" [LabB/BlockMatrix_design.cpp:28]   --->   Operation 66 'getelementptr' 'AB_3_addr' <Predicate = true> <Delay = 0.00>
ST_4 : Operation 67 [2/2] (2.32ns)   --->   "%AB_3_load = load i4 %AB_3_addr" [LabB/BlockMatrix_design.cpp:28]   --->   Operation 67 'load' 'AB_3_load' <Predicate = true> <Delay = 2.32> <CoreInst = "RAM">   --->   Core 82 'RAM' <Latency = 1> <II = 1> <Delay = 2.32> <Storage> <Opcode : 'load' 'store'> <Ports = 2> <Width = 32> <Depth = 16> <RAM>
ST_4 : Operation 68 [1/2] (6.91ns)   --->   "%mul_ln28_3 = mul i32 %A_load, i32 %tmp_29_read" [LabB/BlockMatrix_design.cpp:28]   --->   Operation 68 'mul' 'mul_ln28_3' <Predicate = true> <Delay = 6.91> <CoreInst = "Multiplier">   --->   Core 3 'Multiplier' <Latency = 1> <II = 1> <Delay = 6.91> <FuncUnit> <Opcode : 'mul'> <InPorts = 2> <OutPorts = 1>
ST_4 : Operation 69 [1/1] (0.00ns)   --->   "%AB_4_addr = getelementptr i32 %AB_4, i64 0, i64 %zext_ln26" [LabB/BlockMatrix_design.cpp:28]   --->   Operation 69 'getelementptr' 'AB_4_addr' <Predicate = true> <Delay = 0.00>
ST_4 : Operation 70 [2/2] (2.32ns)   --->   "%AB_4_load = load i4 %AB_4_addr" [LabB/BlockMatrix_design.cpp:28]   --->   Operation 70 'load' 'AB_4_load' <Predicate = true> <Delay = 2.32> <CoreInst = "RAM">   --->   Core 82 'RAM' <Latency = 1> <II = 1> <Delay = 2.32> <Storage> <Opcode : 'load' 'store'> <Ports = 2> <Width = 32> <Depth = 16> <RAM>
ST_4 : Operation 71 [1/2] (6.91ns)   --->   "%mul_ln28_4 = mul i32 %A_load, i32 %tmp_30_read" [LabB/BlockMatrix_design.cpp:28]   --->   Operation 71 'mul' 'mul_ln28_4' <Predicate = true> <Delay = 6.91> <CoreInst = "Multiplier">   --->   Core 3 'Multiplier' <Latency = 1> <II = 1> <Delay = 6.91> <FuncUnit> <Opcode : 'mul'> <InPorts = 2> <OutPorts = 1>
ST_4 : Operation 72 [1/1] (0.00ns)   --->   "%AB_5_addr = getelementptr i32 %AB_5, i64 0, i64 %zext_ln26" [LabB/BlockMatrix_design.cpp:28]   --->   Operation 72 'getelementptr' 'AB_5_addr' <Predicate = true> <Delay = 0.00>
ST_4 : Operation 73 [2/2] (2.32ns)   --->   "%AB_5_load = load i4 %AB_5_addr" [LabB/BlockMatrix_design.cpp:28]   --->   Operation 73 'load' 'AB_5_load' <Predicate = true> <Delay = 2.32> <CoreInst = "RAM">   --->   Core 82 'RAM' <Latency = 1> <II = 1> <Delay = 2.32> <Storage> <Opcode : 'load' 'store'> <Ports = 2> <Width = 32> <Depth = 16> <RAM>
ST_4 : Operation 74 [1/2] (6.91ns)   --->   "%mul_ln28_5 = mul i32 %A_load, i32 %tmp_31_read" [LabB/BlockMatrix_design.cpp:28]   --->   Operation 74 'mul' 'mul_ln28_5' <Predicate = true> <Delay = 6.91> <CoreInst = "Multiplier">   --->   Core 3 'Multiplier' <Latency = 1> <II = 1> <Delay = 6.91> <FuncUnit> <Opcode : 'mul'> <InPorts = 2> <OutPorts = 1>
ST_4 : Operation 75 [1/1] (0.00ns)   --->   "%AB_6_addr = getelementptr i32 %AB_6, i64 0, i64 %zext_ln26" [LabB/BlockMatrix_design.cpp:28]   --->   Operation 75 'getelementptr' 'AB_6_addr' <Predicate = true> <Delay = 0.00>
ST_4 : Operation 76 [2/2] (2.32ns)   --->   "%AB_6_load = load i4 %AB_6_addr" [LabB/BlockMatrix_design.cpp:28]   --->   Operation 76 'load' 'AB_6_load' <Predicate = true> <Delay = 2.32> <CoreInst = "RAM">   --->   Core 82 'RAM' <Latency = 1> <II = 1> <Delay = 2.32> <Storage> <Opcode : 'load' 'store'> <Ports = 2> <Width = 32> <Depth = 16> <RAM>
ST_4 : Operation 77 [1/2] (6.91ns)   --->   "%mul_ln28_6 = mul i32 %A_load, i32 %tmp_18_read" [LabB/BlockMatrix_design.cpp:28]   --->   Operation 77 'mul' 'mul_ln28_6' <Predicate = true> <Delay = 6.91> <CoreInst = "Multiplier">   --->   Core 3 'Multiplier' <Latency = 1> <II = 1> <Delay = 6.91> <FuncUnit> <Opcode : 'mul'> <InPorts = 2> <OutPorts = 1>
ST_4 : Operation 78 [1/1] (0.00ns)   --->   "%AB_7_addr = getelementptr i32 %AB_7, i64 0, i64 %zext_ln26" [LabB/BlockMatrix_design.cpp:28]   --->   Operation 78 'getelementptr' 'AB_7_addr' <Predicate = true> <Delay = 0.00>
ST_4 : Operation 79 [2/2] (2.32ns)   --->   "%AB_7_load = load i4 %AB_7_addr" [LabB/BlockMatrix_design.cpp:28]   --->   Operation 79 'load' 'AB_7_load' <Predicate = true> <Delay = 2.32> <CoreInst = "RAM">   --->   Core 82 'RAM' <Latency = 1> <II = 1> <Delay = 2.32> <Storage> <Opcode : 'load' 'store'> <Ports = 2> <Width = 32> <Depth = 16> <RAM>
ST_4 : Operation 80 [1/2] (6.91ns)   --->   "%mul_ln28_7 = mul i32 %A_load, i32 %tmp_19_read" [LabB/BlockMatrix_design.cpp:28]   --->   Operation 80 'mul' 'mul_ln28_7' <Predicate = true> <Delay = 6.91> <CoreInst = "Multiplier">   --->   Core 3 'Multiplier' <Latency = 1> <II = 1> <Delay = 6.91> <FuncUnit> <Opcode : 'mul'> <InPorts = 2> <OutPorts = 1>
ST_4 : Operation 81 [1/1] (0.00ns)   --->   "%AB_8_addr = getelementptr i32 %AB_8, i64 0, i64 %zext_ln26" [LabB/BlockMatrix_design.cpp:28]   --->   Operation 81 'getelementptr' 'AB_8_addr' <Predicate = true> <Delay = 0.00>
ST_4 : Operation 82 [2/2] (2.32ns)   --->   "%AB_8_load = load i4 %AB_8_addr" [LabB/BlockMatrix_design.cpp:28]   --->   Operation 82 'load' 'AB_8_load' <Predicate = true> <Delay = 2.32> <CoreInst = "RAM">   --->   Core 82 'RAM' <Latency = 1> <II = 1> <Delay = 2.32> <Storage> <Opcode : 'load' 'store'> <Ports = 2> <Width = 32> <Depth = 16> <RAM>
ST_4 : Operation 83 [1/2] (6.91ns)   --->   "%mul_ln28_8 = mul i32 %A_load, i32 %tmp_20_read" [LabB/BlockMatrix_design.cpp:28]   --->   Operation 83 'mul' 'mul_ln28_8' <Predicate = true> <Delay = 6.91> <CoreInst = "Multiplier">   --->   Core 3 'Multiplier' <Latency = 1> <II = 1> <Delay = 6.91> <FuncUnit> <Opcode : 'mul'> <InPorts = 2> <OutPorts = 1>
ST_4 : Operation 84 [1/1] (0.00ns)   --->   "%AB_9_addr = getelementptr i32 %AB_9, i64 0, i64 %zext_ln26" [LabB/BlockMatrix_design.cpp:28]   --->   Operation 84 'getelementptr' 'AB_9_addr' <Predicate = true> <Delay = 0.00>
ST_4 : Operation 85 [2/2] (2.32ns)   --->   "%AB_9_load = load i4 %AB_9_addr" [LabB/BlockMatrix_design.cpp:28]   --->   Operation 85 'load' 'AB_9_load' <Predicate = true> <Delay = 2.32> <CoreInst = "RAM">   --->   Core 82 'RAM' <Latency = 1> <II = 1> <Delay = 2.32> <Storage> <Opcode : 'load' 'store'> <Ports = 2> <Width = 32> <Depth = 16> <RAM>
ST_4 : Operation 86 [1/2] (6.91ns)   --->   "%mul_ln28_9 = mul i32 %A_load, i32 %tmp_21_read" [LabB/BlockMatrix_design.cpp:28]   --->   Operation 86 'mul' 'mul_ln28_9' <Predicate = true> <Delay = 6.91> <CoreInst = "Multiplier">   --->   Core 3 'Multiplier' <Latency = 1> <II = 1> <Delay = 6.91> <FuncUnit> <Opcode : 'mul'> <InPorts = 2> <OutPorts = 1>
ST_4 : Operation 87 [1/1] (0.00ns)   --->   "%AB_10_addr = getelementptr i32 %AB_10, i64 0, i64 %zext_ln26" [LabB/BlockMatrix_design.cpp:28]   --->   Operation 87 'getelementptr' 'AB_10_addr' <Predicate = true> <Delay = 0.00>
ST_4 : Operation 88 [2/2] (2.32ns)   --->   "%AB_10_load = load i4 %AB_10_addr" [LabB/BlockMatrix_design.cpp:28]   --->   Operation 88 'load' 'AB_10_load' <Predicate = true> <Delay = 2.32> <CoreInst = "RAM">   --->   Core 82 'RAM' <Latency = 1> <II = 1> <Delay = 2.32> <Storage> <Opcode : 'load' 'store'> <Ports = 2> <Width = 32> <Depth = 16> <RAM>
ST_4 : Operation 89 [1/2] (6.91ns)   --->   "%mul_ln28_10 = mul i32 %A_load, i32 %tmp_22_read" [LabB/BlockMatrix_design.cpp:28]   --->   Operation 89 'mul' 'mul_ln28_10' <Predicate = true> <Delay = 6.91> <CoreInst = "Multiplier">   --->   Core 3 'Multiplier' <Latency = 1> <II = 1> <Delay = 6.91> <FuncUnit> <Opcode : 'mul'> <InPorts = 2> <OutPorts = 1>
ST_4 : Operation 90 [1/1] (0.00ns)   --->   "%AB_11_addr = getelementptr i32 %AB_11, i64 0, i64 %zext_ln26" [LabB/BlockMatrix_design.cpp:28]   --->   Operation 90 'getelementptr' 'AB_11_addr' <Predicate = true> <Delay = 0.00>
ST_4 : Operation 91 [2/2] (2.32ns)   --->   "%AB_11_load = load i4 %AB_11_addr" [LabB/BlockMatrix_design.cpp:28]   --->   Operation 91 'load' 'AB_11_load' <Predicate = true> <Delay = 2.32> <CoreInst = "RAM">   --->   Core 82 'RAM' <Latency = 1> <II = 1> <Delay = 2.32> <Storage> <Opcode : 'load' 'store'> <Ports = 2> <Width = 32> <Depth = 16> <RAM>
ST_4 : Operation 92 [1/2] (6.91ns)   --->   "%mul_ln28_11 = mul i32 %A_load, i32 %tmp_23_read" [LabB/BlockMatrix_design.cpp:28]   --->   Operation 92 'mul' 'mul_ln28_11' <Predicate = true> <Delay = 6.91> <CoreInst = "Multiplier">   --->   Core 3 'Multiplier' <Latency = 1> <II = 1> <Delay = 6.91> <FuncUnit> <Opcode : 'mul'> <InPorts = 2> <OutPorts = 1>
ST_4 : Operation 93 [1/1] (0.00ns)   --->   "%AB_12_addr = getelementptr i32 %AB_12, i64 0, i64 %zext_ln26" [LabB/BlockMatrix_design.cpp:28]   --->   Operation 93 'getelementptr' 'AB_12_addr' <Predicate = true> <Delay = 0.00>
ST_4 : Operation 94 [2/2] (2.32ns)   --->   "%AB_12_load = load i4 %AB_12_addr" [LabB/BlockMatrix_design.cpp:28]   --->   Operation 94 'load' 'AB_12_load' <Predicate = true> <Delay = 2.32> <CoreInst = "RAM">   --->   Core 82 'RAM' <Latency = 1> <II = 1> <Delay = 2.32> <Storage> <Opcode : 'load' 'store'> <Ports = 2> <Width = 32> <Depth = 16> <RAM>
ST_4 : Operation 95 [1/2] (6.91ns)   --->   "%mul_ln28_12 = mul i32 %A_load, i32 %tmp_24_read" [LabB/BlockMatrix_design.cpp:28]   --->   Operation 95 'mul' 'mul_ln28_12' <Predicate = true> <Delay = 6.91> <CoreInst = "Multiplier">   --->   Core 3 'Multiplier' <Latency = 1> <II = 1> <Delay = 6.91> <FuncUnit> <Opcode : 'mul'> <InPorts = 2> <OutPorts = 1>
ST_4 : Operation 96 [1/1] (0.00ns)   --->   "%AB_13_addr = getelementptr i32 %AB_13, i64 0, i64 %zext_ln26" [LabB/BlockMatrix_design.cpp:28]   --->   Operation 96 'getelementptr' 'AB_13_addr' <Predicate = true> <Delay = 0.00>
ST_4 : Operation 97 [2/2] (2.32ns)   --->   "%AB_13_load = load i4 %AB_13_addr" [LabB/BlockMatrix_design.cpp:28]   --->   Operation 97 'load' 'AB_13_load' <Predicate = true> <Delay = 2.32> <CoreInst = "RAM">   --->   Core 82 'RAM' <Latency = 1> <II = 1> <Delay = 2.32> <Storage> <Opcode : 'load' 'store'> <Ports = 2> <Width = 32> <Depth = 16> <RAM>
ST_4 : Operation 98 [1/2] (6.91ns)   --->   "%mul_ln28_13 = mul i32 %A_load, i32 %tmp_32_read" [LabB/BlockMatrix_design.cpp:28]   --->   Operation 98 'mul' 'mul_ln28_13' <Predicate = true> <Delay = 6.91> <CoreInst = "Multiplier">   --->   Core 3 'Multiplier' <Latency = 1> <II = 1> <Delay = 6.91> <FuncUnit> <Opcode : 'mul'> <InPorts = 2> <OutPorts = 1>
ST_4 : Operation 99 [1/1] (0.00ns)   --->   "%AB_14_addr = getelementptr i32 %AB_14, i64 0, i64 %zext_ln26" [LabB/BlockMatrix_design.cpp:28]   --->   Operation 99 'getelementptr' 'AB_14_addr' <Predicate = true> <Delay = 0.00>
ST_4 : Operation 100 [2/2] (2.32ns)   --->   "%AB_14_load = load i4 %AB_14_addr" [LabB/BlockMatrix_design.cpp:28]   --->   Operation 100 'load' 'AB_14_load' <Predicate = true> <Delay = 2.32> <CoreInst = "RAM">   --->   Core 82 'RAM' <Latency = 1> <II = 1> <Delay = 2.32> <Storage> <Opcode : 'load' 'store'> <Ports = 2> <Width = 32> <Depth = 16> <RAM>
ST_4 : Operation 101 [1/2] (6.91ns)   --->   "%mul_ln28_14 = mul i32 %A_load, i32 %trunc_ln145_2_read" [LabB/BlockMatrix_design.cpp:28]   --->   Operation 101 'mul' 'mul_ln28_14' <Predicate = true> <Delay = 6.91> <CoreInst = "Multiplier">   --->   Core 3 'Multiplier' <Latency = 1> <II = 1> <Delay = 6.91> <FuncUnit> <Opcode : 'mul'> <InPorts = 2> <OutPorts = 1>
ST_4 : Operation 102 [1/1] (0.00ns)   --->   "%AB_15_addr = getelementptr i32 %AB_15, i64 0, i64 %zext_ln26" [LabB/BlockMatrix_design.cpp:28]   --->   Operation 102 'getelementptr' 'AB_15_addr' <Predicate = true> <Delay = 0.00>
ST_4 : Operation 103 [2/2] (2.32ns)   --->   "%AB_15_load = load i4 %AB_15_addr" [LabB/BlockMatrix_design.cpp:28]   --->   Operation 103 'load' 'AB_15_load' <Predicate = true> <Delay = 2.32> <CoreInst = "RAM">   --->   Core 82 'RAM' <Latency = 1> <II = 1> <Delay = 2.32> <Storage> <Opcode : 'load' 'store'> <Ports = 2> <Width = 32> <Depth = 16> <RAM>
ST_4 : Operation 104 [1/2] (6.91ns)   --->   "%mul_ln28_15 = mul i32 %A_load, i32 %trunc_ln145_3_read" [LabB/BlockMatrix_design.cpp:28]   --->   Operation 104 'mul' 'mul_ln28_15' <Predicate = true> <Delay = 6.91> <CoreInst = "Multiplier">   --->   Core 3 'Multiplier' <Latency = 1> <II = 1> <Delay = 6.91> <FuncUnit> <Opcode : 'mul'> <InPorts = 2> <OutPorts = 1>
ST_4 : Operation 156 [1/1] (0.00ns)   --->   "%ret_ln0 = ret"   --->   Operation 156 'ret' 'ret_ln0' <Predicate = (icmp_ln26)> <Delay = 0.00>

State 5 <SV = 4> <Delay = 7.19>
ST_5 : Operation 105 [1/1] (0.00ns)   --->   "%specpipeline_ln7 = specpipeline void @_ssdm_op_SpecPipeline, i32 1, i32 0, i32 0, i32 0, void @empty" [E:/Xilinx/Vitis/LabB/solution2/directives.tcl:7]   --->   Operation 105 'specpipeline' 'specpipeline_ln7' <Predicate = true> <Delay = 0.00>
ST_5 : Operation 106 [1/1] (0.00ns)   --->   "%specloopname_ln26 = specloopname void @_ssdm_op_SpecLoopName, void @empty_5" [LabB/BlockMatrix_design.cpp:26]   --->   Operation 106 'specloopname' 'specloopname_ln26' <Predicate = true> <Delay = 0.00>
ST_5 : Operation 107 [1/2] (2.32ns)   --->   "%AB_load = load i4 %AB_addr" [LabB/BlockMatrix_design.cpp:28]   --->   Operation 107 'load' 'AB_load' <Predicate = true> <Delay = 2.32> <CoreInst = "RAM">   --->   Core 82 'RAM' <Latency = 1> <II = 1> <Delay = 2.32> <Storage> <Opcode : 'load' 'store'> <Ports = 2> <Width = 32> <Depth = 16> <RAM>
ST_5 : Operation 108 [1/1] (2.55ns)   --->   "%add_ln28 = add i32 %AB_load, i32 %mul_ln28" [LabB/BlockMatrix_design.cpp:28]   --->   Operation 108 'add' 'add_ln28' <Predicate = true> <Delay = 2.55> <CoreInst = "Adder">   --->   Core 1 'Adder' <Latency = 0> <II = 1> <Delay = 2.55> <FuncUnit> <Opcode : 'add' 'sub'> <InPorts = 2> <OutPorts = 1>
ST_5 : Operation 109 [1/1] (2.32ns)   --->   "%store_ln28 = store i32 %add_ln28, i4 %AB_addr" [LabB/BlockMatrix_design.cpp:28]   --->   Operation 109 'store' 'store_ln28' <Predicate = true> <Delay = 2.32> <CoreInst = "RAM">   --->   Core 82 'RAM' <Latency = 1> <II = 1> <Delay = 2.32> <Storage> <Opcode : 'load' 'store'> <Ports = 2> <Width = 32> <Depth = 16> <RAM>
ST_5 : Operation 110 [1/2] (2.32ns)   --->   "%AB_1_load = load i4 %AB_1_addr" [LabB/BlockMatrix_design.cpp:28]   --->   Operation 110 'load' 'AB_1_load' <Predicate = true> <Delay = 2.32> <CoreInst = "RAM">   --->   Core 82 'RAM' <Latency = 1> <II = 1> <Delay = 2.32> <Storage> <Opcode : 'load' 'store'> <Ports = 2> <Width = 32> <Depth = 16> <RAM>
ST_5 : Operation 111 [1/1] (2.55ns)   --->   "%add_ln28_1 = add i32 %AB_1_load, i32 %mul_ln28_1" [LabB/BlockMatrix_design.cpp:28]   --->   Operation 111 'add' 'add_ln28_1' <Predicate = true> <Delay = 2.55> <CoreInst = "Adder">   --->   Core 1 'Adder' <Latency = 0> <II = 1> <Delay = 2.55> <FuncUnit> <Opcode : 'add' 'sub'> <InPorts = 2> <OutPorts = 1>
ST_5 : Operation 112 [1/1] (2.32ns)   --->   "%store_ln28 = store i32 %add_ln28_1, i4 %AB_1_addr" [LabB/BlockMatrix_design.cpp:28]   --->   Operation 112 'store' 'store_ln28' <Predicate = true> <Delay = 2.32> <CoreInst = "RAM">   --->   Core 82 'RAM' <Latency = 1> <II = 1> <Delay = 2.32> <Storage> <Opcode : 'load' 'store'> <Ports = 2> <Width = 32> <Depth = 16> <RAM>
ST_5 : Operation 113 [1/2] (2.32ns)   --->   "%AB_2_load = load i4 %AB_2_addr" [LabB/BlockMatrix_design.cpp:28]   --->   Operation 113 'load' 'AB_2_load' <Predicate = true> <Delay = 2.32> <CoreInst = "RAM">   --->   Core 82 'RAM' <Latency = 1> <II = 1> <Delay = 2.32> <Storage> <Opcode : 'load' 'store'> <Ports = 2> <Width = 32> <Depth = 16> <RAM>
ST_5 : Operation 114 [1/1] (2.55ns)   --->   "%add_ln28_2 = add i32 %AB_2_load, i32 %mul_ln28_2" [LabB/BlockMatrix_design.cpp:28]   --->   Operation 114 'add' 'add_ln28_2' <Predicate = true> <Delay = 2.55> <CoreInst = "Adder">   --->   Core 1 'Adder' <Latency = 0> <II = 1> <Delay = 2.55> <FuncUnit> <Opcode : 'add' 'sub'> <InPorts = 2> <OutPorts = 1>
ST_5 : Operation 115 [1/1] (2.32ns)   --->   "%store_ln28 = store i32 %add_ln28_2, i4 %AB_2_addr" [LabB/BlockMatrix_design.cpp:28]   --->   Operation 115 'store' 'store_ln28' <Predicate = true> <Delay = 2.32> <CoreInst = "RAM">   --->   Core 82 'RAM' <Latency = 1> <II = 1> <Delay = 2.32> <Storage> <Opcode : 'load' 'store'> <Ports = 2> <Width = 32> <Depth = 16> <RAM>
ST_5 : Operation 116 [1/2] (2.32ns)   --->   "%AB_3_load = load i4 %AB_3_addr" [LabB/BlockMatrix_design.cpp:28]   --->   Operation 116 'load' 'AB_3_load' <Predicate = true> <Delay = 2.32> <CoreInst = "RAM">   --->   Core 82 'RAM' <Latency = 1> <II = 1> <Delay = 2.32> <Storage> <Opcode : 'load' 'store'> <Ports = 2> <Width = 32> <Depth = 16> <RAM>
ST_5 : Operation 117 [1/1] (2.55ns)   --->   "%add_ln28_3 = add i32 %AB_3_load, i32 %mul_ln28_3" [LabB/BlockMatrix_design.cpp:28]   --->   Operation 117 'add' 'add_ln28_3' <Predicate = true> <Delay = 2.55> <CoreInst = "Adder">   --->   Core 1 'Adder' <Latency = 0> <II = 1> <Delay = 2.55> <FuncUnit> <Opcode : 'add' 'sub'> <InPorts = 2> <OutPorts = 1>
ST_5 : Operation 118 [1/1] (2.32ns)   --->   "%store_ln28 = store i32 %add_ln28_3, i4 %AB_3_addr" [LabB/BlockMatrix_design.cpp:28]   --->   Operation 118 'store' 'store_ln28' <Predicate = true> <Delay = 2.32> <CoreInst = "RAM">   --->   Core 82 'RAM' <Latency = 1> <II = 1> <Delay = 2.32> <Storage> <Opcode : 'load' 'store'> <Ports = 2> <Width = 32> <Depth = 16> <RAM>
ST_5 : Operation 119 [1/2] (2.32ns)   --->   "%AB_4_load = load i4 %AB_4_addr" [LabB/BlockMatrix_design.cpp:28]   --->   Operation 119 'load' 'AB_4_load' <Predicate = true> <Delay = 2.32> <CoreInst = "RAM">   --->   Core 82 'RAM' <Latency = 1> <II = 1> <Delay = 2.32> <Storage> <Opcode : 'load' 'store'> <Ports = 2> <Width = 32> <Depth = 16> <RAM>
ST_5 : Operation 120 [1/1] (2.55ns)   --->   "%add_ln28_4 = add i32 %AB_4_load, i32 %mul_ln28_4" [LabB/BlockMatrix_design.cpp:28]   --->   Operation 120 'add' 'add_ln28_4' <Predicate = true> <Delay = 2.55> <CoreInst = "Adder">   --->   Core 1 'Adder' <Latency = 0> <II = 1> <Delay = 2.55> <FuncUnit> <Opcode : 'add' 'sub'> <InPorts = 2> <OutPorts = 1>
ST_5 : Operation 121 [1/1] (2.32ns)   --->   "%store_ln28 = store i32 %add_ln28_4, i4 %AB_4_addr" [LabB/BlockMatrix_design.cpp:28]   --->   Operation 121 'store' 'store_ln28' <Predicate = true> <Delay = 2.32> <CoreInst = "RAM">   --->   Core 82 'RAM' <Latency = 1> <II = 1> <Delay = 2.32> <Storage> <Opcode : 'load' 'store'> <Ports = 2> <Width = 32> <Depth = 16> <RAM>
ST_5 : Operation 122 [1/2] (2.32ns)   --->   "%AB_5_load = load i4 %AB_5_addr" [LabB/BlockMatrix_design.cpp:28]   --->   Operation 122 'load' 'AB_5_load' <Predicate = true> <Delay = 2.32> <CoreInst = "RAM">   --->   Core 82 'RAM' <Latency = 1> <II = 1> <Delay = 2.32> <Storage> <Opcode : 'load' 'store'> <Ports = 2> <Width = 32> <Depth = 16> <RAM>
ST_5 : Operation 123 [1/1] (2.55ns)   --->   "%add_ln28_5 = add i32 %AB_5_load, i32 %mul_ln28_5" [LabB/BlockMatrix_design.cpp:28]   --->   Operation 123 'add' 'add_ln28_5' <Predicate = true> <Delay = 2.55> <CoreInst = "Adder">   --->   Core 1 'Adder' <Latency = 0> <II = 1> <Delay = 2.55> <FuncUnit> <Opcode : 'add' 'sub'> <InPorts = 2> <OutPorts = 1>
ST_5 : Operation 124 [1/1] (2.32ns)   --->   "%store_ln28 = store i32 %add_ln28_5, i4 %AB_5_addr" [LabB/BlockMatrix_design.cpp:28]   --->   Operation 124 'store' 'store_ln28' <Predicate = true> <Delay = 2.32> <CoreInst = "RAM">   --->   Core 82 'RAM' <Latency = 1> <II = 1> <Delay = 2.32> <Storage> <Opcode : 'load' 'store'> <Ports = 2> <Width = 32> <Depth = 16> <RAM>
ST_5 : Operation 125 [1/2] (2.32ns)   --->   "%AB_6_load = load i4 %AB_6_addr" [LabB/BlockMatrix_design.cpp:28]   --->   Operation 125 'load' 'AB_6_load' <Predicate = true> <Delay = 2.32> <CoreInst = "RAM">   --->   Core 82 'RAM' <Latency = 1> <II = 1> <Delay = 2.32> <Storage> <Opcode : 'load' 'store'> <Ports = 2> <Width = 32> <Depth = 16> <RAM>
ST_5 : Operation 126 [1/1] (2.55ns)   --->   "%add_ln28_6 = add i32 %AB_6_load, i32 %mul_ln28_6" [LabB/BlockMatrix_design.cpp:28]   --->   Operation 126 'add' 'add_ln28_6' <Predicate = true> <Delay = 2.55> <CoreInst = "Adder">   --->   Core 1 'Adder' <Latency = 0> <II = 1> <Delay = 2.55> <FuncUnit> <Opcode : 'add' 'sub'> <InPorts = 2> <OutPorts = 1>
ST_5 : Operation 127 [1/1] (2.32ns)   --->   "%store_ln28 = store i32 %add_ln28_6, i4 %AB_6_addr" [LabB/BlockMatrix_design.cpp:28]   --->   Operation 127 'store' 'store_ln28' <Predicate = true> <Delay = 2.32> <CoreInst = "RAM">   --->   Core 82 'RAM' <Latency = 1> <II = 1> <Delay = 2.32> <Storage> <Opcode : 'load' 'store'> <Ports = 2> <Width = 32> <Depth = 16> <RAM>
ST_5 : Operation 128 [1/2] (2.32ns)   --->   "%AB_7_load = load i4 %AB_7_addr" [LabB/BlockMatrix_design.cpp:28]   --->   Operation 128 'load' 'AB_7_load' <Predicate = true> <Delay = 2.32> <CoreInst = "RAM">   --->   Core 82 'RAM' <Latency = 1> <II = 1> <Delay = 2.32> <Storage> <Opcode : 'load' 'store'> <Ports = 2> <Width = 32> <Depth = 16> <RAM>
ST_5 : Operation 129 [1/1] (2.55ns)   --->   "%add_ln28_7 = add i32 %AB_7_load, i32 %mul_ln28_7" [LabB/BlockMatrix_design.cpp:28]   --->   Operation 129 'add' 'add_ln28_7' <Predicate = true> <Delay = 2.55> <CoreInst = "Adder">   --->   Core 1 'Adder' <Latency = 0> <II = 1> <Delay = 2.55> <FuncUnit> <Opcode : 'add' 'sub'> <InPorts = 2> <OutPorts = 1>
ST_5 : Operation 130 [1/1] (2.32ns)   --->   "%store_ln28 = store i32 %add_ln28_7, i4 %AB_7_addr" [LabB/BlockMatrix_design.cpp:28]   --->   Operation 130 'store' 'store_ln28' <Predicate = true> <Delay = 2.32> <CoreInst = "RAM">   --->   Core 82 'RAM' <Latency = 1> <II = 1> <Delay = 2.32> <Storage> <Opcode : 'load' 'store'> <Ports = 2> <Width = 32> <Depth = 16> <RAM>
ST_5 : Operation 131 [1/2] (2.32ns)   --->   "%AB_8_load = load i4 %AB_8_addr" [LabB/BlockMatrix_design.cpp:28]   --->   Operation 131 'load' 'AB_8_load' <Predicate = true> <Delay = 2.32> <CoreInst = "RAM">   --->   Core 82 'RAM' <Latency = 1> <II = 1> <Delay = 2.32> <Storage> <Opcode : 'load' 'store'> <Ports = 2> <Width = 32> <Depth = 16> <RAM>
ST_5 : Operation 132 [1/1] (2.55ns)   --->   "%add_ln28_8 = add i32 %AB_8_load, i32 %mul_ln28_8" [LabB/BlockMatrix_design.cpp:28]   --->   Operation 132 'add' 'add_ln28_8' <Predicate = true> <Delay = 2.55> <CoreInst = "Adder">   --->   Core 1 'Adder' <Latency = 0> <II = 1> <Delay = 2.55> <FuncUnit> <Opcode : 'add' 'sub'> <InPorts = 2> <OutPorts = 1>
ST_5 : Operation 133 [1/1] (2.32ns)   --->   "%store_ln28 = store i32 %add_ln28_8, i4 %AB_8_addr" [LabB/BlockMatrix_design.cpp:28]   --->   Operation 133 'store' 'store_ln28' <Predicate = true> <Delay = 2.32> <CoreInst = "RAM">   --->   Core 82 'RAM' <Latency = 1> <II = 1> <Delay = 2.32> <Storage> <Opcode : 'load' 'store'> <Ports = 2> <Width = 32> <Depth = 16> <RAM>
ST_5 : Operation 134 [1/2] (2.32ns)   --->   "%AB_9_load = load i4 %AB_9_addr" [LabB/BlockMatrix_design.cpp:28]   --->   Operation 134 'load' 'AB_9_load' <Predicate = true> <Delay = 2.32> <CoreInst = "RAM">   --->   Core 82 'RAM' <Latency = 1> <II = 1> <Delay = 2.32> <Storage> <Opcode : 'load' 'store'> <Ports = 2> <Width = 32> <Depth = 16> <RAM>
ST_5 : Operation 135 [1/1] (2.55ns)   --->   "%add_ln28_9 = add i32 %AB_9_load, i32 %mul_ln28_9" [LabB/BlockMatrix_design.cpp:28]   --->   Operation 135 'add' 'add_ln28_9' <Predicate = true> <Delay = 2.55> <CoreInst = "Adder">   --->   Core 1 'Adder' <Latency = 0> <II = 1> <Delay = 2.55> <FuncUnit> <Opcode : 'add' 'sub'> <InPorts = 2> <OutPorts = 1>
ST_5 : Operation 136 [1/1] (2.32ns)   --->   "%store_ln28 = store i32 %add_ln28_9, i4 %AB_9_addr" [LabB/BlockMatrix_design.cpp:28]   --->   Operation 136 'store' 'store_ln28' <Predicate = true> <Delay = 2.32> <CoreInst = "RAM">   --->   Core 82 'RAM' <Latency = 1> <II = 1> <Delay = 2.32> <Storage> <Opcode : 'load' 'store'> <Ports = 2> <Width = 32> <Depth = 16> <RAM>
ST_5 : Operation 137 [1/2] (2.32ns)   --->   "%AB_10_load = load i4 %AB_10_addr" [LabB/BlockMatrix_design.cpp:28]   --->   Operation 137 'load' 'AB_10_load' <Predicate = true> <Delay = 2.32> <CoreInst = "RAM">   --->   Core 82 'RAM' <Latency = 1> <II = 1> <Delay = 2.32> <Storage> <Opcode : 'load' 'store'> <Ports = 2> <Width = 32> <Depth = 16> <RAM>
ST_5 : Operation 138 [1/1] (2.55ns)   --->   "%add_ln28_10 = add i32 %AB_10_load, i32 %mul_ln28_10" [LabB/BlockMatrix_design.cpp:28]   --->   Operation 138 'add' 'add_ln28_10' <Predicate = true> <Delay = 2.55> <CoreInst = "Adder">   --->   Core 1 'Adder' <Latency = 0> <II = 1> <Delay = 2.55> <FuncUnit> <Opcode : 'add' 'sub'> <InPorts = 2> <OutPorts = 1>
ST_5 : Operation 139 [1/1] (2.32ns)   --->   "%store_ln28 = store i32 %add_ln28_10, i4 %AB_10_addr" [LabB/BlockMatrix_design.cpp:28]   --->   Operation 139 'store' 'store_ln28' <Predicate = true> <Delay = 2.32> <CoreInst = "RAM">   --->   Core 82 'RAM' <Latency = 1> <II = 1> <Delay = 2.32> <Storage> <Opcode : 'load' 'store'> <Ports = 2> <Width = 32> <Depth = 16> <RAM>
ST_5 : Operation 140 [1/2] (2.32ns)   --->   "%AB_11_load = load i4 %AB_11_addr" [LabB/BlockMatrix_design.cpp:28]   --->   Operation 140 'load' 'AB_11_load' <Predicate = true> <Delay = 2.32> <CoreInst = "RAM">   --->   Core 82 'RAM' <Latency = 1> <II = 1> <Delay = 2.32> <Storage> <Opcode : 'load' 'store'> <Ports = 2> <Width = 32> <Depth = 16> <RAM>
ST_5 : Operation 141 [1/1] (2.55ns)   --->   "%add_ln28_11 = add i32 %AB_11_load, i32 %mul_ln28_11" [LabB/BlockMatrix_design.cpp:28]   --->   Operation 141 'add' 'add_ln28_11' <Predicate = true> <Delay = 2.55> <CoreInst = "Adder">   --->   Core 1 'Adder' <Latency = 0> <II = 1> <Delay = 2.55> <FuncUnit> <Opcode : 'add' 'sub'> <InPorts = 2> <OutPorts = 1>
ST_5 : Operation 142 [1/1] (2.32ns)   --->   "%store_ln28 = store i32 %add_ln28_11, i4 %AB_11_addr" [LabB/BlockMatrix_design.cpp:28]   --->   Operation 142 'store' 'store_ln28' <Predicate = true> <Delay = 2.32> <CoreInst = "RAM">   --->   Core 82 'RAM' <Latency = 1> <II = 1> <Delay = 2.32> <Storage> <Opcode : 'load' 'store'> <Ports = 2> <Width = 32> <Depth = 16> <RAM>
ST_5 : Operation 143 [1/2] (2.32ns)   --->   "%AB_12_load = load i4 %AB_12_addr" [LabB/BlockMatrix_design.cpp:28]   --->   Operation 143 'load' 'AB_12_load' <Predicate = true> <Delay = 2.32> <CoreInst = "RAM">   --->   Core 82 'RAM' <Latency = 1> <II = 1> <Delay = 2.32> <Storage> <Opcode : 'load' 'store'> <Ports = 2> <Width = 32> <Depth = 16> <RAM>
ST_5 : Operation 144 [1/1] (2.55ns)   --->   "%add_ln28_12 = add i32 %AB_12_load, i32 %mul_ln28_12" [LabB/BlockMatrix_design.cpp:28]   --->   Operation 144 'add' 'add_ln28_12' <Predicate = true> <Delay = 2.55> <CoreInst = "Adder">   --->   Core 1 'Adder' <Latency = 0> <II = 1> <Delay = 2.55> <FuncUnit> <Opcode : 'add' 'sub'> <InPorts = 2> <OutPorts = 1>
ST_5 : Operation 145 [1/1] (2.32ns)   --->   "%store_ln28 = store i32 %add_ln28_12, i4 %AB_12_addr" [LabB/BlockMatrix_design.cpp:28]   --->   Operation 145 'store' 'store_ln28' <Predicate = true> <Delay = 2.32> <CoreInst = "RAM">   --->   Core 82 'RAM' <Latency = 1> <II = 1> <Delay = 2.32> <Storage> <Opcode : 'load' 'store'> <Ports = 2> <Width = 32> <Depth = 16> <RAM>
ST_5 : Operation 146 [1/2] (2.32ns)   --->   "%AB_13_load = load i4 %AB_13_addr" [LabB/BlockMatrix_design.cpp:28]   --->   Operation 146 'load' 'AB_13_load' <Predicate = true> <Delay = 2.32> <CoreInst = "RAM">   --->   Core 82 'RAM' <Latency = 1> <II = 1> <Delay = 2.32> <Storage> <Opcode : 'load' 'store'> <Ports = 2> <Width = 32> <Depth = 16> <RAM>
ST_5 : Operation 147 [1/1] (2.55ns)   --->   "%add_ln28_13 = add i32 %AB_13_load, i32 %mul_ln28_13" [LabB/BlockMatrix_design.cpp:28]   --->   Operation 147 'add' 'add_ln28_13' <Predicate = true> <Delay = 2.55> <CoreInst = "Adder">   --->   Core 1 'Adder' <Latency = 0> <II = 1> <Delay = 2.55> <FuncUnit> <Opcode : 'add' 'sub'> <InPorts = 2> <OutPorts = 1>
ST_5 : Operation 148 [1/1] (2.32ns)   --->   "%store_ln28 = store i32 %add_ln28_13, i4 %AB_13_addr" [LabB/BlockMatrix_design.cpp:28]   --->   Operation 148 'store' 'store_ln28' <Predicate = true> <Delay = 2.32> <CoreInst = "RAM">   --->   Core 82 'RAM' <Latency = 1> <II = 1> <Delay = 2.32> <Storage> <Opcode : 'load' 'store'> <Ports = 2> <Width = 32> <Depth = 16> <RAM>
ST_5 : Operation 149 [1/2] (2.32ns)   --->   "%AB_14_load = load i4 %AB_14_addr" [LabB/BlockMatrix_design.cpp:28]   --->   Operation 149 'load' 'AB_14_load' <Predicate = true> <Delay = 2.32> <CoreInst = "RAM">   --->   Core 82 'RAM' <Latency = 1> <II = 1> <Delay = 2.32> <Storage> <Opcode : 'load' 'store'> <Ports = 2> <Width = 32> <Depth = 16> <RAM>
ST_5 : Operation 150 [1/1] (2.55ns)   --->   "%add_ln28_14 = add i32 %AB_14_load, i32 %mul_ln28_14" [LabB/BlockMatrix_design.cpp:28]   --->   Operation 150 'add' 'add_ln28_14' <Predicate = true> <Delay = 2.55> <CoreInst = "Adder">   --->   Core 1 'Adder' <Latency = 0> <II = 1> <Delay = 2.55> <FuncUnit> <Opcode : 'add' 'sub'> <InPorts = 2> <OutPorts = 1>
ST_5 : Operation 151 [1/1] (2.32ns)   --->   "%store_ln28 = store i32 %add_ln28_14, i4 %AB_14_addr" [LabB/BlockMatrix_design.cpp:28]   --->   Operation 151 'store' 'store_ln28' <Predicate = true> <Delay = 2.32> <CoreInst = "RAM">   --->   Core 82 'RAM' <Latency = 1> <II = 1> <Delay = 2.32> <Storage> <Opcode : 'load' 'store'> <Ports = 2> <Width = 32> <Depth = 16> <RAM>
ST_5 : Operation 152 [1/2] (2.32ns)   --->   "%AB_15_load = load i4 %AB_15_addr" [LabB/BlockMatrix_design.cpp:28]   --->   Operation 152 'load' 'AB_15_load' <Predicate = true> <Delay = 2.32> <CoreInst = "RAM">   --->   Core 82 'RAM' <Latency = 1> <II = 1> <Delay = 2.32> <Storage> <Opcode : 'load' 'store'> <Ports = 2> <Width = 32> <Depth = 16> <RAM>
ST_5 : Operation 153 [1/1] (2.55ns)   --->   "%add_ln28_15 = add i32 %AB_15_load, i32 %mul_ln28_15" [LabB/BlockMatrix_design.cpp:28]   --->   Operation 153 'add' 'add_ln28_15' <Predicate = true> <Delay = 2.55> <CoreInst = "Adder">   --->   Core 1 'Adder' <Latency = 0> <II = 1> <Delay = 2.55> <FuncUnit> <Opcode : 'add' 'sub'> <InPorts = 2> <OutPorts = 1>
ST_5 : Operation 154 [1/1] (2.32ns)   --->   "%store_ln28 = store i32 %add_ln28_15, i4 %AB_15_addr" [LabB/BlockMatrix_design.cpp:28]   --->   Operation 154 'store' 'store_ln28' <Predicate = true> <Delay = 2.32> <CoreInst = "RAM">   --->   Core 82 'RAM' <Latency = 1> <II = 1> <Delay = 2.32> <Storage> <Opcode : 'load' 'store'> <Ports = 2> <Width = 32> <Depth = 16> <RAM>
ST_5 : Operation 155 [1/1] (0.00ns)   --->   "%br_ln26 = br void %for.inc42" [LabB/BlockMatrix_design.cpp:26]   --->   Operation 155 'br' 'br_ln26' <Predicate = true> <Delay = 0.00>


============================================================
+ Verbose Summary: Timing violations
============================================================
Target clock period: 10ns, clock uncertainty: 2.7ns.

 <State 1>: 3.37ns
The critical path consists of the following:
	'alloca' operation ('i') [35]  (0 ns)
	'load' operation ('i', LabB/BlockMatrix_design.cpp:26) on local variable 'i' [56]  (0 ns)
	'add' operation ('add_ln26', LabB/BlockMatrix_design.cpp:26) [60]  (1.78 ns)
	'store' operation ('store_ln26', LabB/BlockMatrix_design.cpp:26) of variable 'add_ln26', LabB/BlockMatrix_design.cpp:26 on local variable 'i' [150]  (1.59 ns)

 <State 2>: 3.25ns
The critical path consists of the following:
	'load' operation ('A_load', LabB/BlockMatrix_design.cpp:28) on array 'A' [71]  (3.25 ns)

 <State 3>: 6.91ns
The critical path consists of the following:
	'mul' operation ('mul_ln28', LabB/BlockMatrix_design.cpp:28) [72]  (6.91 ns)

 <State 4>: 6.91ns
The critical path consists of the following:
	'mul' operation ('mul_ln28', LabB/BlockMatrix_design.cpp:28) [72]  (6.91 ns)

 <State 5>: 7.2ns
The critical path consists of the following:
	'load' operation ('AB_load', LabB/BlockMatrix_design.cpp:28) on array 'AB' [70]  (2.32 ns)
	'add' operation ('add_ln28', LabB/BlockMatrix_design.cpp:28) [73]  (2.55 ns)
	'store' operation ('store_ln28', LabB/BlockMatrix_design.cpp:28) of variable 'add_ln28', LabB/BlockMatrix_design.cpp:28 on array 'AB' [74]  (2.32 ns)


============================================================
+ Verbose Summary: Binding
============================================================
N/A
* FSMD analyzer results:
  - Output states:
 - Input state : 
  - Chain level:
	State 1
	State 2
	State 3
	State 4
	State 5


============================================================
+ Verbose Summary: Datapath Resource usage 
============================================================
N/A
