

================================================================
== Vitis HLS Report for 'blockmatmul_Pipeline_writeoutput_VITIS_LOOP_34_2'
================================================================
* Date:           Wed Apr 12 06:49:59 2023

* Version:        2022.1 (Build 3526262 on Mon Apr 18 15:48:16 MDT 2022)
* Project:        LabB
* Solution:       solution2 (Vivado IP Flow Target)
* Product family: zynq
* Target device:  xc7z020-clg400-1


================================================================
== Performance Estimates
================================================================
+ Timing: 
    * Summary: 
    +--------+----------+----------+------------+
    |  Clock |  Target  | Estimated| Uncertainty|
    +--------+----------+----------+------------+
    |ap_clk  |  10.00 ns|  5.947 ns|     2.70 ns|
    +--------+----------+----------+------------+

+ Latency: 
    * Summary: 
    +---------+---------+----------+----------+-----+-----+---------+
    |  Latency (cycles) |  Latency (absolute) |  Interval | Pipeline|
    |   min   |   max   |    min   |    max   | min | max |   Type  |
    +---------+---------+----------+----------+-----+-----+---------+
    |      259|      259|  2.590 us|  2.590 us|  259|  259|       no|
    +---------+---------+----------+----------+-----+-----+---------+

    + Detail: 
        * Instance: 
        N/A

        * Loop: 
        +-------------------------------+---------+---------+----------+-----------+-----------+------+----------+
        |                               |  Latency (cycles) | Iteration|  Initiation Interval  | Trip |          |
        |           Loop Name           |   min   |   max   |  Latency |  achieved |   target  | Count| Pipelined|
        +-------------------------------+---------+---------+----------+-----------+-----------+------+----------+
        |- writeoutput_VITIS_LOOP_34_2  |      257|      257|         3|          1|          1|   256|       yes|
        +-------------------------------+---------+---------+----------+-----------+-----------+------+----------+

============================================================
+ Verbose Summary: Synthesis Manager
============================================================
InlineROM: 1
ExposeGlobal: 0
============================================================
+ Verbose Summary: CDFG Model
============================================================
IsTopModel: 0
ResetActiveHigh: 1
IsCombinational: 0
IsDatapathOnly: 0
HasWiredReturn: 1
HasMFsm: 2
HasVarLatency: 1
IsPipeline: 0
IsRtlPipelined: 0
IsInstanceOverlapped: 0
IsDontTouch: 0
HasImplIP: 0
IsGatedGlobalClock: 0

+ Individual pipeline summary: 
  * Pipeline-0: initiation interval (II) = 1, depth = 3


============================================================
+ Verbose Summary: Schedule
============================================================
* Number of FSM states : 3
* Pipeline : 1
  Pipeline-0 : II = 1, D = 3, States = { 1 2 3 }
* Dataflow Pipeline: 0

* FSM state transitions: 
1 --> 2 
2 --> 3 
3 --> 

* FSM state operations: 

State 1 <SV = 0> <Delay = 5.94>
ST_1 : Operation 6 [1/1] (0.00ns)   --->   "%j = alloca i32 1"   --->   Operation 6 'alloca' 'j' <Predicate = true> <Delay = 0.00>
ST_1 : Operation 7 [1/1] (0.00ns)   --->   "%i = alloca i32 1"   --->   Operation 7 'alloca' 'i' <Predicate = true> <Delay = 0.00>
ST_1 : Operation 8 [1/1] (0.00ns)   --->   "%indvar_flatten = alloca i32 1"   --->   Operation 8 'alloca' 'indvar_flatten' <Predicate = true> <Delay = 0.00>
ST_1 : Operation 9 [1/1] (0.00ns)   --->   "%specinterface_ln0 = specinterface void @_ssdm_op_SpecInterface, i32 %ABpartial, void @empty_1, i32 0, i32 0, void @empty, i32 4294967295, i32 0, void @empty, void @empty, void @empty, i32 0, i32 0, i32 0, i32 0, void @empty, void @empty, i32 4294967295, i32 0"   --->   Operation 9 'specinterface' 'specinterface_ln0' <Predicate = true> <Delay = 0.00>
ST_1 : Operation 10 [1/1] (1.58ns)   --->   "%store_ln0 = store i9 0, i9 %indvar_flatten"   --->   Operation 10 'store' 'store_ln0' <Predicate = true> <Delay = 1.58>
ST_1 : Operation 11 [1/1] (1.58ns)   --->   "%store_ln0 = store i5 0, i5 %i"   --->   Operation 11 'store' 'store_ln0' <Predicate = true> <Delay = 1.58>
ST_1 : Operation 12 [1/1] (1.58ns)   --->   "%store_ln0 = store i5 0, i5 %j"   --->   Operation 12 'store' 'store_ln0' <Predicate = true> <Delay = 1.58>
ST_1 : Operation 13 [1/1] (0.00ns)   --->   "%br_ln0 = br void %for.inc69"   --->   Operation 13 'br' 'br_ln0' <Predicate = true> <Delay = 0.00>
ST_1 : Operation 14 [1/1] (0.00ns)   --->   "%indvar_flatten_load = load i9 %indvar_flatten" [LabB/BlockMatrix_design.cpp:33]   --->   Operation 14 'load' 'indvar_flatten_load' <Predicate = true> <Delay = 0.00>
ST_1 : Operation 15 [1/1] (0.00ns)   --->   "%specpipeline_ln0 = specpipeline void @_ssdm_op_SpecPipeline, i32 4294967295, i32 0, i32 1, i32 0, void @p_str"   --->   Operation 15 'specpipeline' 'specpipeline_ln0' <Predicate = true> <Delay = 0.00>
ST_1 : Operation 16 [1/1] (1.66ns)   --->   "%icmp_ln33 = icmp_eq  i9 %indvar_flatten_load, i9 256" [LabB/BlockMatrix_design.cpp:33]   --->   Operation 16 'icmp' 'icmp_ln33' <Predicate = true> <Delay = 1.66> <CoreInst = "Cmp">   --->   Core 9 'Cmp' <Latency = 0> <II = 1> <Delay = 1.66> <FuncUnit> <Opcode : 'icmp'> <InPorts = 2> <OutPorts = 1>
ST_1 : Operation 17 [1/1] (1.82ns)   --->   "%add_ln33_1 = add i9 %indvar_flatten_load, i9 1" [LabB/BlockMatrix_design.cpp:33]   --->   Operation 17 'add' 'add_ln33_1' <Predicate = true> <Delay = 1.82> <CoreInst = "Adder">   --->   Core 1 'Adder' <Latency = 0> <II = 1> <Delay = 1.82> <FuncUnit> <Opcode : 'add' 'sub'> <InPorts = 2> <OutPorts = 1>
ST_1 : Operation 18 [1/1] (0.00ns)   --->   "%br_ln33 = br i1 %icmp_ln33, void %for.inc72, void %for.end74.exitStub" [LabB/BlockMatrix_design.cpp:33]   --->   Operation 18 'br' 'br_ln33' <Predicate = true> <Delay = 0.00>
ST_1 : Operation 19 [1/1] (0.00ns)   --->   "%j_load = load i5 %j" [LabB/BlockMatrix_design.cpp:34]   --->   Operation 19 'load' 'j_load' <Predicate = (!icmp_ln33)> <Delay = 0.00>
ST_1 : Operation 20 [1/1] (0.00ns)   --->   "%i_load = load i5 %i" [LabB/BlockMatrix_design.cpp:33]   --->   Operation 20 'load' 'i_load' <Predicate = (!icmp_ln33)> <Delay = 0.00>
ST_1 : Operation 21 [1/1] (1.78ns)   --->   "%add_ln33 = add i5 %i_load, i5 1" [LabB/BlockMatrix_design.cpp:33]   --->   Operation 21 'add' 'add_ln33' <Predicate = (!icmp_ln33)> <Delay = 1.78> <CoreInst = "Adder">   --->   Core 1 'Adder' <Latency = 0> <II = 1> <Delay = 1.78> <FuncUnit> <Opcode : 'add' 'sub'> <InPorts = 2> <OutPorts = 1>
ST_1 : Operation 22 [1/1] (1.36ns)   --->   "%icmp_ln34 = icmp_eq  i5 %j_load, i5 16" [LabB/BlockMatrix_design.cpp:34]   --->   Operation 22 'icmp' 'icmp_ln34' <Predicate = (!icmp_ln33)> <Delay = 1.36> <CoreInst = "Cmp">   --->   Core 9 'Cmp' <Latency = 0> <II = 1> <Delay = 1.36> <FuncUnit> <Opcode : 'icmp'> <InPorts = 2> <OutPorts = 1>
ST_1 : Operation 23 [1/1] (1.21ns)   --->   "%select_ln33 = select i1 %icmp_ln34, i5 0, i5 %j_load" [LabB/BlockMatrix_design.cpp:33]   --->   Operation 23 'select' 'select_ln33' <Predicate = (!icmp_ln33)> <Delay = 1.21> <CoreInst = "Sel">   --->   Core 73 'Sel' <Latency = 0> <II = 1> <Delay = 1.21> <FuncUnit> <Opcode : 'select'> <InPorts = 3> <OutPorts = 1>
ST_1 : Operation 24 [1/1] (1.21ns)   --->   "%select_ln33_1 = select i1 %icmp_ln34, i5 %add_ln33, i5 %i_load" [LabB/BlockMatrix_design.cpp:33]   --->   Operation 24 'select' 'select_ln33_1' <Predicate = (!icmp_ln33)> <Delay = 1.21> <CoreInst = "Sel">   --->   Core 73 'Sel' <Latency = 0> <II = 1> <Delay = 1.21> <FuncUnit> <Opcode : 'select'> <InPorts = 3> <OutPorts = 1>
ST_1 : Operation 25 [1/1] (0.00ns)   --->   "%trunc_ln35 = trunc i5 %select_ln33_1" [LabB/BlockMatrix_design.cpp:35]   --->   Operation 25 'trunc' 'trunc_ln35' <Predicate = (!icmp_ln33)> <Delay = 0.00>
ST_1 : Operation 26 [1/1] (0.00ns)   --->   "%trunc_ln33 = trunc i5 %add_ln33" [LabB/BlockMatrix_design.cpp:33]   --->   Operation 26 'trunc' 'trunc_ln33' <Predicate = (!icmp_ln33)> <Delay = 0.00>
ST_1 : Operation 27 [1/1] (0.00ns)   --->   "%trunc_ln33_1 = trunc i5 %i_load" [LabB/BlockMatrix_design.cpp:33]   --->   Operation 27 'trunc' 'trunc_ln33_1' <Predicate = (!icmp_ln33)> <Delay = 0.00>
ST_1 : Operation 28 [1/1] (1.02ns)   --->   "%select_ln33_3 = select i1 %icmp_ln34, i4 %trunc_ln33, i4 %trunc_ln33_1" [LabB/BlockMatrix_design.cpp:33]   --->   Operation 28 'select' 'select_ln33_3' <Predicate = (!icmp_ln33)> <Delay = 1.02> <CoreInst = "Sel">   --->   Core 73 'Sel' <Latency = 0> <II = 1> <Delay = 1.02> <FuncUnit> <Opcode : 'select'> <InPorts = 3> <OutPorts = 1>
ST_1 : Operation 29 [1/1] (0.00ns)   --->   "%zext_ln33 = zext i4 %select_ln33_3" [LabB/BlockMatrix_design.cpp:33]   --->   Operation 29 'zext' 'zext_ln33' <Predicate = (!icmp_ln33)> <Delay = 0.00>
ST_1 : Operation 30 [1/1] (0.00ns)   --->   "%AB_addr = getelementptr i32 %AB, i64 0, i64 %zext_ln33" [LabB/BlockMatrix_design.cpp:35]   --->   Operation 30 'getelementptr' 'AB_addr' <Predicate = (!icmp_ln33)> <Delay = 0.00>
ST_1 : Operation 31 [2/2] (2.32ns)   --->   "%AB_load = load i4 %AB_addr" [LabB/BlockMatrix_design.cpp:33]   --->   Operation 31 'load' 'AB_load' <Predicate = (!icmp_ln33)> <Delay = 2.32> <CoreInst = "RAM">   --->   Core 82 'RAM' <Latency = 1> <II = 1> <Delay = 2.32> <Storage> <Opcode : 'load' 'store'> <Ports = 2> <Width = 32> <Depth = 16> <RAM>
ST_1 : Operation 32 [1/1] (0.00ns)   --->   "%AB_1_addr = getelementptr i32 %AB_1, i64 0, i64 %zext_ln33" [LabB/BlockMatrix_design.cpp:35]   --->   Operation 32 'getelementptr' 'AB_1_addr' <Predicate = (!icmp_ln33)> <Delay = 0.00>
ST_1 : Operation 33 [2/2] (2.32ns)   --->   "%AB_1_load = load i4 %AB_1_addr" [LabB/BlockMatrix_design.cpp:33]   --->   Operation 33 'load' 'AB_1_load' <Predicate = (!icmp_ln33)> <Delay = 2.32> <CoreInst = "RAM">   --->   Core 82 'RAM' <Latency = 1> <II = 1> <Delay = 2.32> <Storage> <Opcode : 'load' 'store'> <Ports = 2> <Width = 32> <Depth = 16> <RAM>
ST_1 : Operation 34 [1/1] (0.00ns)   --->   "%AB_2_addr = getelementptr i32 %AB_2, i64 0, i64 %zext_ln33" [LabB/BlockMatrix_design.cpp:35]   --->   Operation 34 'getelementptr' 'AB_2_addr' <Predicate = (!icmp_ln33)> <Delay = 0.00>
ST_1 : Operation 35 [2/2] (2.32ns)   --->   "%AB_2_load = load i4 %AB_2_addr" [LabB/BlockMatrix_design.cpp:33]   --->   Operation 35 'load' 'AB_2_load' <Predicate = (!icmp_ln33)> <Delay = 2.32> <CoreInst = "RAM">   --->   Core 82 'RAM' <Latency = 1> <II = 1> <Delay = 2.32> <Storage> <Opcode : 'load' 'store'> <Ports = 2> <Width = 32> <Depth = 16> <RAM>
ST_1 : Operation 36 [1/1] (0.00ns)   --->   "%AB_3_addr = getelementptr i32 %AB_3, i64 0, i64 %zext_ln33" [LabB/BlockMatrix_design.cpp:35]   --->   Operation 36 'getelementptr' 'AB_3_addr' <Predicate = (!icmp_ln33)> <Delay = 0.00>
ST_1 : Operation 37 [2/2] (2.32ns)   --->   "%AB_3_load = load i4 %AB_3_addr" [LabB/BlockMatrix_design.cpp:33]   --->   Operation 37 'load' 'AB_3_load' <Predicate = (!icmp_ln33)> <Delay = 2.32> <CoreInst = "RAM">   --->   Core 82 'RAM' <Latency = 1> <II = 1> <Delay = 2.32> <Storage> <Opcode : 'load' 'store'> <Ports = 2> <Width = 32> <Depth = 16> <RAM>
ST_1 : Operation 38 [1/1] (0.00ns)   --->   "%AB_4_addr = getelementptr i32 %AB_4, i64 0, i64 %zext_ln33" [LabB/BlockMatrix_design.cpp:35]   --->   Operation 38 'getelementptr' 'AB_4_addr' <Predicate = (!icmp_ln33)> <Delay = 0.00>
ST_1 : Operation 39 [2/2] (2.32ns)   --->   "%AB_4_load = load i4 %AB_4_addr" [LabB/BlockMatrix_design.cpp:33]   --->   Operation 39 'load' 'AB_4_load' <Predicate = (!icmp_ln33)> <Delay = 2.32> <CoreInst = "RAM">   --->   Core 82 'RAM' <Latency = 1> <II = 1> <Delay = 2.32> <Storage> <Opcode : 'load' 'store'> <Ports = 2> <Width = 32> <Depth = 16> <RAM>
ST_1 : Operation 40 [1/1] (0.00ns)   --->   "%AB_5_addr = getelementptr i32 %AB_5, i64 0, i64 %zext_ln33" [LabB/BlockMatrix_design.cpp:35]   --->   Operation 40 'getelementptr' 'AB_5_addr' <Predicate = (!icmp_ln33)> <Delay = 0.00>
ST_1 : Operation 41 [2/2] (2.32ns)   --->   "%AB_5_load = load i4 %AB_5_addr" [LabB/BlockMatrix_design.cpp:33]   --->   Operation 41 'load' 'AB_5_load' <Predicate = (!icmp_ln33)> <Delay = 2.32> <CoreInst = "RAM">   --->   Core 82 'RAM' <Latency = 1> <II = 1> <Delay = 2.32> <Storage> <Opcode : 'load' 'store'> <Ports = 2> <Width = 32> <Depth = 16> <RAM>
ST_1 : Operation 42 [1/1] (0.00ns)   --->   "%AB_6_addr = getelementptr i32 %AB_6, i64 0, i64 %zext_ln33" [LabB/BlockMatrix_design.cpp:35]   --->   Operation 42 'getelementptr' 'AB_6_addr' <Predicate = (!icmp_ln33)> <Delay = 0.00>
ST_1 : Operation 43 [2/2] (2.32ns)   --->   "%AB_6_load = load i4 %AB_6_addr" [LabB/BlockMatrix_design.cpp:33]   --->   Operation 43 'load' 'AB_6_load' <Predicate = (!icmp_ln33)> <Delay = 2.32> <CoreInst = "RAM">   --->   Core 82 'RAM' <Latency = 1> <II = 1> <Delay = 2.32> <Storage> <Opcode : 'load' 'store'> <Ports = 2> <Width = 32> <Depth = 16> <RAM>
ST_1 : Operation 44 [1/1] (0.00ns)   --->   "%AB_7_addr = getelementptr i32 %AB_7, i64 0, i64 %zext_ln33" [LabB/BlockMatrix_design.cpp:35]   --->   Operation 44 'getelementptr' 'AB_7_addr' <Predicate = (!icmp_ln33)> <Delay = 0.00>
ST_1 : Operation 45 [2/2] (2.32ns)   --->   "%AB_7_load = load i4 %AB_7_addr" [LabB/BlockMatrix_design.cpp:33]   --->   Operation 45 'load' 'AB_7_load' <Predicate = (!icmp_ln33)> <Delay = 2.32> <CoreInst = "RAM">   --->   Core 82 'RAM' <Latency = 1> <II = 1> <Delay = 2.32> <Storage> <Opcode : 'load' 'store'> <Ports = 2> <Width = 32> <Depth = 16> <RAM>
ST_1 : Operation 46 [1/1] (0.00ns)   --->   "%AB_8_addr = getelementptr i32 %AB_8, i64 0, i64 %zext_ln33" [LabB/BlockMatrix_design.cpp:35]   --->   Operation 46 'getelementptr' 'AB_8_addr' <Predicate = (!icmp_ln33)> <Delay = 0.00>
ST_1 : Operation 47 [2/2] (2.32ns)   --->   "%AB_8_load = load i4 %AB_8_addr" [LabB/BlockMatrix_design.cpp:33]   --->   Operation 47 'load' 'AB_8_load' <Predicate = (!icmp_ln33)> <Delay = 2.32> <CoreInst = "RAM">   --->   Core 82 'RAM' <Latency = 1> <II = 1> <Delay = 2.32> <Storage> <Opcode : 'load' 'store'> <Ports = 2> <Width = 32> <Depth = 16> <RAM>
ST_1 : Operation 48 [1/1] (0.00ns)   --->   "%AB_9_addr = getelementptr i32 %AB_9, i64 0, i64 %zext_ln33" [LabB/BlockMatrix_design.cpp:35]   --->   Operation 48 'getelementptr' 'AB_9_addr' <Predicate = (!icmp_ln33)> <Delay = 0.00>
ST_1 : Operation 49 [2/2] (2.32ns)   --->   "%AB_9_load = load i4 %AB_9_addr" [LabB/BlockMatrix_design.cpp:33]   --->   Operation 49 'load' 'AB_9_load' <Predicate = (!icmp_ln33)> <Delay = 2.32> <CoreInst = "RAM">   --->   Core 82 'RAM' <Latency = 1> <II = 1> <Delay = 2.32> <Storage> <Opcode : 'load' 'store'> <Ports = 2> <Width = 32> <Depth = 16> <RAM>
ST_1 : Operation 50 [1/1] (0.00ns)   --->   "%AB_10_addr = getelementptr i32 %AB_10, i64 0, i64 %zext_ln33" [LabB/BlockMatrix_design.cpp:35]   --->   Operation 50 'getelementptr' 'AB_10_addr' <Predicate = (!icmp_ln33)> <Delay = 0.00>
ST_1 : Operation 51 [2/2] (2.32ns)   --->   "%AB_10_load = load i4 %AB_10_addr" [LabB/BlockMatrix_design.cpp:33]   --->   Operation 51 'load' 'AB_10_load' <Predicate = (!icmp_ln33)> <Delay = 2.32> <CoreInst = "RAM">   --->   Core 82 'RAM' <Latency = 1> <II = 1> <Delay = 2.32> <Storage> <Opcode : 'load' 'store'> <Ports = 2> <Width = 32> <Depth = 16> <RAM>
ST_1 : Operation 52 [1/1] (0.00ns)   --->   "%AB_11_addr = getelementptr i32 %AB_11, i64 0, i64 %zext_ln33" [LabB/BlockMatrix_design.cpp:35]   --->   Operation 52 'getelementptr' 'AB_11_addr' <Predicate = (!icmp_ln33)> <Delay = 0.00>
ST_1 : Operation 53 [2/2] (2.32ns)   --->   "%AB_11_load = load i4 %AB_11_addr" [LabB/BlockMatrix_design.cpp:33]   --->   Operation 53 'load' 'AB_11_load' <Predicate = (!icmp_ln33)> <Delay = 2.32> <CoreInst = "RAM">   --->   Core 82 'RAM' <Latency = 1> <II = 1> <Delay = 2.32> <Storage> <Opcode : 'load' 'store'> <Ports = 2> <Width = 32> <Depth = 16> <RAM>
ST_1 : Operation 54 [1/1] (0.00ns)   --->   "%AB_12_addr = getelementptr i32 %AB_12, i64 0, i64 %zext_ln33" [LabB/BlockMatrix_design.cpp:35]   --->   Operation 54 'getelementptr' 'AB_12_addr' <Predicate = (!icmp_ln33)> <Delay = 0.00>
ST_1 : Operation 55 [2/2] (2.32ns)   --->   "%AB_12_load = load i4 %AB_12_addr" [LabB/BlockMatrix_design.cpp:33]   --->   Operation 55 'load' 'AB_12_load' <Predicate = (!icmp_ln33)> <Delay = 2.32> <CoreInst = "RAM">   --->   Core 82 'RAM' <Latency = 1> <II = 1> <Delay = 2.32> <Storage> <Opcode : 'load' 'store'> <Ports = 2> <Width = 32> <Depth = 16> <RAM>
ST_1 : Operation 56 [1/1] (0.00ns)   --->   "%AB_13_addr = getelementptr i32 %AB_13, i64 0, i64 %zext_ln33" [LabB/BlockMatrix_design.cpp:35]   --->   Operation 56 'getelementptr' 'AB_13_addr' <Predicate = (!icmp_ln33)> <Delay = 0.00>
ST_1 : Operation 57 [2/2] (2.32ns)   --->   "%AB_13_load = load i4 %AB_13_addr" [LabB/BlockMatrix_design.cpp:33]   --->   Operation 57 'load' 'AB_13_load' <Predicate = (!icmp_ln33)> <Delay = 2.32> <CoreInst = "RAM">   --->   Core 82 'RAM' <Latency = 1> <II = 1> <Delay = 2.32> <Storage> <Opcode : 'load' 'store'> <Ports = 2> <Width = 32> <Depth = 16> <RAM>
ST_1 : Operation 58 [1/1] (0.00ns)   --->   "%AB_14_addr = getelementptr i32 %AB_14, i64 0, i64 %zext_ln33" [LabB/BlockMatrix_design.cpp:35]   --->   Operation 58 'getelementptr' 'AB_14_addr' <Predicate = (!icmp_ln33)> <Delay = 0.00>
ST_1 : Operation 59 [2/2] (2.32ns)   --->   "%AB_14_load = load i4 %AB_14_addr" [LabB/BlockMatrix_design.cpp:33]   --->   Operation 59 'load' 'AB_14_load' <Predicate = (!icmp_ln33)> <Delay = 2.32> <CoreInst = "RAM">   --->   Core 82 'RAM' <Latency = 1> <II = 1> <Delay = 2.32> <Storage> <Opcode : 'load' 'store'> <Ports = 2> <Width = 32> <Depth = 16> <RAM>
ST_1 : Operation 60 [1/1] (0.00ns)   --->   "%AB_15_addr = getelementptr i32 %AB_15, i64 0, i64 %zext_ln33" [LabB/BlockMatrix_design.cpp:35]   --->   Operation 60 'getelementptr' 'AB_15_addr' <Predicate = (!icmp_ln33)> <Delay = 0.00>
ST_1 : Operation 61 [2/2] (2.32ns)   --->   "%AB_15_load = load i4 %AB_15_addr" [LabB/BlockMatrix_design.cpp:33]   --->   Operation 61 'load' 'AB_15_load' <Predicate = (!icmp_ln33)> <Delay = 2.32> <CoreInst = "RAM">   --->   Core 82 'RAM' <Latency = 1> <II = 1> <Delay = 2.32> <Storage> <Opcode : 'load' 'store'> <Ports = 2> <Width = 32> <Depth = 16> <RAM>
ST_1 : Operation 62 [1/1] (1.78ns)   --->   "%add_ln34 = add i5 %select_ln33, i5 1" [LabB/BlockMatrix_design.cpp:34]   --->   Operation 62 'add' 'add_ln34' <Predicate = (!icmp_ln33)> <Delay = 1.78> <CoreInst = "Adder">   --->   Core 1 'Adder' <Latency = 0> <II = 1> <Delay = 1.78> <FuncUnit> <Opcode : 'add' 'sub'> <InPorts = 2> <OutPorts = 1>
ST_1 : Operation 63 [1/1] (1.58ns)   --->   "%store_ln34 = store i9 %add_ln33_1, i9 %indvar_flatten" [LabB/BlockMatrix_design.cpp:34]   --->   Operation 63 'store' 'store_ln34' <Predicate = (!icmp_ln33)> <Delay = 1.58>
ST_1 : Operation 64 [1/1] (1.58ns)   --->   "%store_ln34 = store i5 %select_ln33_1, i5 %i" [LabB/BlockMatrix_design.cpp:34]   --->   Operation 64 'store' 'store_ln34' <Predicate = (!icmp_ln33)> <Delay = 1.58>
ST_1 : Operation 65 [1/1] (1.58ns)   --->   "%store_ln34 = store i5 %add_ln34, i5 %j" [LabB/BlockMatrix_design.cpp:34]   --->   Operation 65 'store' 'store_ln34' <Predicate = (!icmp_ln33)> <Delay = 1.58>

State 2 <SV = 1> <Delay = 4.38>
ST_2 : Operation 66 [1/1] (0.00ns)   --->   "%tmp_s = bitconcatenate i8 @_ssdm_op_BitConcatenate.i8.i4.i4, i4 %trunc_ln35, i4 0" [LabB/BlockMatrix_design.cpp:35]   --->   Operation 66 'bitconcatenate' 'tmp_s' <Predicate = true> <Delay = 0.00>
ST_2 : Operation 67 [1/2] (2.32ns)   --->   "%AB_load = load i4 %AB_addr" [LabB/BlockMatrix_design.cpp:33]   --->   Operation 67 'load' 'AB_load' <Predicate = true> <Delay = 2.32> <CoreInst = "RAM">   --->   Core 82 'RAM' <Latency = 1> <II = 1> <Delay = 2.32> <Storage> <Opcode : 'load' 'store'> <Ports = 2> <Width = 32> <Depth = 16> <RAM>
ST_2 : Operation 68 [1/2] (2.32ns)   --->   "%AB_1_load = load i4 %AB_1_addr" [LabB/BlockMatrix_design.cpp:33]   --->   Operation 68 'load' 'AB_1_load' <Predicate = true> <Delay = 2.32> <CoreInst = "RAM">   --->   Core 82 'RAM' <Latency = 1> <II = 1> <Delay = 2.32> <Storage> <Opcode : 'load' 'store'> <Ports = 2> <Width = 32> <Depth = 16> <RAM>
ST_2 : Operation 69 [1/2] (2.32ns)   --->   "%AB_2_load = load i4 %AB_2_addr" [LabB/BlockMatrix_design.cpp:33]   --->   Operation 69 'load' 'AB_2_load' <Predicate = true> <Delay = 2.32> <CoreInst = "RAM">   --->   Core 82 'RAM' <Latency = 1> <II = 1> <Delay = 2.32> <Storage> <Opcode : 'load' 'store'> <Ports = 2> <Width = 32> <Depth = 16> <RAM>
ST_2 : Operation 70 [1/2] (2.32ns)   --->   "%AB_3_load = load i4 %AB_3_addr" [LabB/BlockMatrix_design.cpp:33]   --->   Operation 70 'load' 'AB_3_load' <Predicate = true> <Delay = 2.32> <CoreInst = "RAM">   --->   Core 82 'RAM' <Latency = 1> <II = 1> <Delay = 2.32> <Storage> <Opcode : 'load' 'store'> <Ports = 2> <Width = 32> <Depth = 16> <RAM>
ST_2 : Operation 71 [1/2] (2.32ns)   --->   "%AB_4_load = load i4 %AB_4_addr" [LabB/BlockMatrix_design.cpp:33]   --->   Operation 71 'load' 'AB_4_load' <Predicate = true> <Delay = 2.32> <CoreInst = "RAM">   --->   Core 82 'RAM' <Latency = 1> <II = 1> <Delay = 2.32> <Storage> <Opcode : 'load' 'store'> <Ports = 2> <Width = 32> <Depth = 16> <RAM>
ST_2 : Operation 72 [1/2] (2.32ns)   --->   "%AB_5_load = load i4 %AB_5_addr" [LabB/BlockMatrix_design.cpp:33]   --->   Operation 72 'load' 'AB_5_load' <Predicate = true> <Delay = 2.32> <CoreInst = "RAM">   --->   Core 82 'RAM' <Latency = 1> <II = 1> <Delay = 2.32> <Storage> <Opcode : 'load' 'store'> <Ports = 2> <Width = 32> <Depth = 16> <RAM>
ST_2 : Operation 73 [1/2] (2.32ns)   --->   "%AB_6_load = load i4 %AB_6_addr" [LabB/BlockMatrix_design.cpp:33]   --->   Operation 73 'load' 'AB_6_load' <Predicate = true> <Delay = 2.32> <CoreInst = "RAM">   --->   Core 82 'RAM' <Latency = 1> <II = 1> <Delay = 2.32> <Storage> <Opcode : 'load' 'store'> <Ports = 2> <Width = 32> <Depth = 16> <RAM>
ST_2 : Operation 74 [1/2] (2.32ns)   --->   "%AB_7_load = load i4 %AB_7_addr" [LabB/BlockMatrix_design.cpp:33]   --->   Operation 74 'load' 'AB_7_load' <Predicate = true> <Delay = 2.32> <CoreInst = "RAM">   --->   Core 82 'RAM' <Latency = 1> <II = 1> <Delay = 2.32> <Storage> <Opcode : 'load' 'store'> <Ports = 2> <Width = 32> <Depth = 16> <RAM>
ST_2 : Operation 75 [1/2] (2.32ns)   --->   "%AB_8_load = load i4 %AB_8_addr" [LabB/BlockMatrix_design.cpp:33]   --->   Operation 75 'load' 'AB_8_load' <Predicate = true> <Delay = 2.32> <CoreInst = "RAM">   --->   Core 82 'RAM' <Latency = 1> <II = 1> <Delay = 2.32> <Storage> <Opcode : 'load' 'store'> <Ports = 2> <Width = 32> <Depth = 16> <RAM>
ST_2 : Operation 76 [1/2] (2.32ns)   --->   "%AB_9_load = load i4 %AB_9_addr" [LabB/BlockMatrix_design.cpp:33]   --->   Operation 76 'load' 'AB_9_load' <Predicate = true> <Delay = 2.32> <CoreInst = "RAM">   --->   Core 82 'RAM' <Latency = 1> <II = 1> <Delay = 2.32> <Storage> <Opcode : 'load' 'store'> <Ports = 2> <Width = 32> <Depth = 16> <RAM>
ST_2 : Operation 77 [1/2] (2.32ns)   --->   "%AB_10_load = load i4 %AB_10_addr" [LabB/BlockMatrix_design.cpp:33]   --->   Operation 77 'load' 'AB_10_load' <Predicate = true> <Delay = 2.32> <CoreInst = "RAM">   --->   Core 82 'RAM' <Latency = 1> <II = 1> <Delay = 2.32> <Storage> <Opcode : 'load' 'store'> <Ports = 2> <Width = 32> <Depth = 16> <RAM>
ST_2 : Operation 78 [1/2] (2.32ns)   --->   "%AB_11_load = load i4 %AB_11_addr" [LabB/BlockMatrix_design.cpp:33]   --->   Operation 78 'load' 'AB_11_load' <Predicate = true> <Delay = 2.32> <CoreInst = "RAM">   --->   Core 82 'RAM' <Latency = 1> <II = 1> <Delay = 2.32> <Storage> <Opcode : 'load' 'store'> <Ports = 2> <Width = 32> <Depth = 16> <RAM>
ST_2 : Operation 79 [1/2] (2.32ns)   --->   "%AB_12_load = load i4 %AB_12_addr" [LabB/BlockMatrix_design.cpp:33]   --->   Operation 79 'load' 'AB_12_load' <Predicate = true> <Delay = 2.32> <CoreInst = "RAM">   --->   Core 82 'RAM' <Latency = 1> <II = 1> <Delay = 2.32> <Storage> <Opcode : 'load' 'store'> <Ports = 2> <Width = 32> <Depth = 16> <RAM>
ST_2 : Operation 80 [1/2] (2.32ns)   --->   "%AB_13_load = load i4 %AB_13_addr" [LabB/BlockMatrix_design.cpp:33]   --->   Operation 80 'load' 'AB_13_load' <Predicate = true> <Delay = 2.32> <CoreInst = "RAM">   --->   Core 82 'RAM' <Latency = 1> <II = 1> <Delay = 2.32> <Storage> <Opcode : 'load' 'store'> <Ports = 2> <Width = 32> <Depth = 16> <RAM>
ST_2 : Operation 81 [1/2] (2.32ns)   --->   "%AB_14_load = load i4 %AB_14_addr" [LabB/BlockMatrix_design.cpp:33]   --->   Operation 81 'load' 'AB_14_load' <Predicate = true> <Delay = 2.32> <CoreInst = "RAM">   --->   Core 82 'RAM' <Latency = 1> <II = 1> <Delay = 2.32> <Storage> <Opcode : 'load' 'store'> <Ports = 2> <Width = 32> <Depth = 16> <RAM>
ST_2 : Operation 82 [1/2] (2.32ns)   --->   "%AB_15_load = load i4 %AB_15_addr" [LabB/BlockMatrix_design.cpp:33]   --->   Operation 82 'load' 'AB_15_load' <Predicate = true> <Delay = 2.32> <CoreInst = "RAM">   --->   Core 82 'RAM' <Latency = 1> <II = 1> <Delay = 2.32> <Storage> <Opcode : 'load' 'store'> <Ports = 2> <Width = 32> <Depth = 16> <RAM>
ST_2 : Operation 83 [1/1] (0.00ns)   --->   "%zext_ln35 = zext i5 %select_ln33" [LabB/BlockMatrix_design.cpp:35]   --->   Operation 83 'zext' 'zext_ln35' <Predicate = true> <Delay = 0.00>
ST_2 : Operation 84 [1/1] (1.91ns)   --->   "%add_ln35 = add i8 %tmp_s, i8 %zext_ln35" [LabB/BlockMatrix_design.cpp:35]   --->   Operation 84 'add' 'add_ln35' <Predicate = true> <Delay = 1.91> <CoreInst = "Adder">   --->   Core 1 'Adder' <Latency = 0> <II = 1> <Delay = 1.91> <FuncUnit> <Opcode : 'add' 'sub'> <InPorts = 2> <OutPorts = 1>
ST_2 : Operation 85 [1/1] (2.06ns)   --->   "%tmp_1 = mux i32 @_ssdm_op_Mux.ap_auto.16i32.i5, i32 %AB_load, i32 %AB_1_load, i32 %AB_2_load, i32 %AB_3_load, i32 %AB_4_load, i32 %AB_5_load, i32 %AB_6_load, i32 %AB_7_load, i32 %AB_8_load, i32 %AB_9_load, i32 %AB_10_load, i32 %AB_11_load, i32 %AB_12_load, i32 %AB_13_load, i32 %AB_14_load, i32 %AB_15_load, i5 %select_ln33" [LabB/BlockMatrix_design.cpp:35]   --->   Operation 85 'mux' 'tmp_1' <Predicate = true> <Delay = 2.06> <CoreInst = "Multiplexer">   --->   Core 76 'Multiplexer' <Latency = 0> <II = 1> <Delay = 2.06> <FuncUnit> <Opcode : 'mux'> <InPorts = 2> <OutPorts = 1>
ST_2 : Operation 94 [1/1] (0.00ns)   --->   "%ret_ln0 = ret"   --->   Operation 94 'ret' 'ret_ln0' <Predicate = (icmp_ln33)> <Delay = 0.00>

State 3 <SV = 2> <Delay = 3.25>
ST_3 : Operation 86 [1/1] (0.00ns)   --->   "%specloopname_ln0 = specloopname void @_ssdm_op_SpecLoopName, void @writeoutput_VITIS_LOOP_34_2_str"   --->   Operation 86 'specloopname' 'specloopname_ln0' <Predicate = true> <Delay = 0.00>
ST_3 : Operation 87 [1/1] (0.00ns)   --->   "%empty = speclooptripcount i32 @_ssdm_op_SpecLoopTripCount, i64 256, i64 256, i64 256"   --->   Operation 87 'speclooptripcount' 'empty' <Predicate = true> <Delay = 0.00>
ST_3 : Operation 88 [1/1] (0.00ns)   --->   "%specpipeline_ln0 = specpipeline void @_ssdm_op_SpecPipeline, i32 4294967295, i32 0, i32 1, i32 0, void @p_str"   --->   Operation 88 'specpipeline' 'specpipeline_ln0' <Predicate = true> <Delay = 0.00>
ST_3 : Operation 89 [1/1] (0.00ns)   --->   "%zext_ln35_1 = zext i8 %add_ln35" [LabB/BlockMatrix_design.cpp:35]   --->   Operation 89 'zext' 'zext_ln35_1' <Predicate = true> <Delay = 0.00>
ST_3 : Operation 90 [1/1] (0.00ns)   --->   "%ABpartial_addr = getelementptr i32 %ABpartial, i64 0, i64 %zext_ln35_1" [LabB/BlockMatrix_design.cpp:35]   --->   Operation 90 'getelementptr' 'ABpartial_addr' <Predicate = true> <Delay = 0.00>
ST_3 : Operation 91 [1/1] (0.00ns)   --->   "%specloopname_ln34 = specloopname void @_ssdm_op_SpecLoopName, void @empty_4" [LabB/BlockMatrix_design.cpp:34]   --->   Operation 91 'specloopname' 'specloopname_ln34' <Predicate = true> <Delay = 0.00>
ST_3 : Operation 92 [1/1] (3.25ns)   --->   "%store_ln35 = store i32 %tmp_1, i8 %ABpartial_addr" [LabB/BlockMatrix_design.cpp:35]   --->   Operation 92 'store' 'store_ln35' <Predicate = true> <Delay = 3.25> <CoreInst = "RAM">   --->   Core 82 'RAM' <Latency = 1> <II = 1> <Delay = 3.25> <Storage> <Opcode : 'load' 'store'> <Ports = 2> <Width = 32> <Depth = 256> <RAM>
ST_3 : Operation 93 [1/1] (0.00ns)   --->   "%br_ln34 = br void %for.inc69" [LabB/BlockMatrix_design.cpp:34]   --->   Operation 93 'br' 'br_ln34' <Predicate = true> <Delay = 0.00>


============================================================
+ Verbose Summary: Timing violations
============================================================
Target clock period: 10ns, clock uncertainty: 2.7ns.

 <State 1>: 5.95ns
The critical path consists of the following:
	'alloca' operation ('j') [18]  (0 ns)
	'load' operation ('j_load', LabB/BlockMatrix_design.cpp:34) on local variable 'j' [33]  (0 ns)
	'icmp' operation ('icmp_ln34', LabB/BlockMatrix_design.cpp:34) [38]  (1.36 ns)
	'select' operation ('select_ln33', LabB/BlockMatrix_design.cpp:33) [39]  (1.22 ns)
	'add' operation ('add_ln34', LabB/BlockMatrix_design.cpp:34) [87]  (1.78 ns)
	'store' operation ('store_ln34', LabB/BlockMatrix_design.cpp:34) of variable 'add_ln34', LabB/BlockMatrix_design.cpp:34 on local variable 'j' [90]  (1.59 ns)

 <State 2>: 4.39ns
The critical path consists of the following:
	'load' operation ('AB_load', LabB/BlockMatrix_design.cpp:33) on array 'AB' [48]  (2.32 ns)
	'mux' operation ('tmp_1', LabB/BlockMatrix_design.cpp:35) [85]  (2.06 ns)

 <State 3>: 3.25ns
The critical path consists of the following:
	'getelementptr' operation ('ABpartial_addr', LabB/BlockMatrix_design.cpp:35) [83]  (0 ns)
	'store' operation ('store_ln35', LabB/BlockMatrix_design.cpp:35) of variable 'tmp_1', LabB/BlockMatrix_design.cpp:35 on array 'ABpartial' [86]  (3.25 ns)


============================================================
+ Verbose Summary: Binding
============================================================
N/A
* FSMD analyzer results:
  - Output states:
 - Input state : 
  - Chain level:
	State 1
	State 2
	State 3


============================================================
+ Verbose Summary: Datapath Resource usage 
============================================================
N/A
