

================================================================
== Vitis HLS Report for 'blockmatmul_Pipeline_writeoutput_VITIS_LOOP_34_2'
================================================================
* Date:           Wed Apr 12 06:50:01 2023

* Version:        2022.1 (Build 3526262 on Mon Apr 18 15:48:16 MDT 2022)
* Project:        LabB
* Solution:       solution2 (Vivado IP Flow Target)
* Product family: zynq
* Target device:  xc7z020-clg400-1


================================================================
== Performance Estimates
================================================================
+ Timing: 
    * Summary: 
    +--------+----------+----------+------------+
    |  Clock |  Target  | Estimated| Uncertainty|
    +--------+----------+----------+------------+
    |ap_clk  |  10.00 ns|  5.947 ns|     2.70 ns|
    +--------+----------+----------+------------+

+ Latency: 
    * Summary: 
    +---------+---------+----------+----------+-----+-----+---------+
    |  Latency (cycles) |  Latency (absolute) |  Interval | Pipeline|
    |   min   |   max   |    min   |    max   | min | max |   Type  |
    +---------+---------+----------+----------+-----+-----+---------+
    |      259|      259|  2.590 us|  2.590 us|  259|  259|       no|
    +---------+---------+----------+----------+-----+-----+---------+

    + Detail: 
        * Instance: 
        N/A

        * Loop: 
        +-------------------------------+---------+---------+----------+-----------+-----------+------+----------+
        |                               |  Latency (cycles) | Iteration|  Initiation Interval  | Trip |          |
        |           Loop Name           |   min   |   max   |  Latency |  achieved |   target  | Count| Pipelined|
        +-------------------------------+---------+---------+----------+-----------+-----------+------+----------+
        |- writeoutput_VITIS_LOOP_34_2  |      257|      257|         3|          1|          1|   256|       yes|
        +-------------------------------+---------+---------+----------+-----------+-----------+------+----------+



================================================================
== Utilization Estimates
================================================================
* Summary: 
+-----------------+---------+-----+--------+-------+-----+
|       Name      | BRAM_18K| DSP |   FF   |  LUT  | URAM|
+-----------------+---------+-----+--------+-------+-----+
|DSP              |        -|    -|       -|      -|    -|
|Expression       |        -|    -|       0|     92|    -|
|FIFO             |        -|    -|       -|      -|    -|
|Instance         |        -|    -|       0|     65|    -|
|Memory           |        -|    -|       -|      -|    -|
|Multiplexer      |        -|    -|       -|     72|    -|
|Register         |        -|    -|      73|      -|    -|
+-----------------+---------+-----+--------+-------+-----+
|Total            |        0|    0|      73|    229|    0|
+-----------------+---------+-----+--------+-------+-----+
|Available        |      280|  220|  106400|  53200|    0|
+-----------------+---------+-----+--------+-------+-----+
|Utilization (%)  |        0|    0|      ~0|     ~0|    0|
+-----------------+---------+-----+--------+-------+-----+

+ Detail: 
    * Instance: 
    +--------------------+----------------+---------+----+---+----+-----+
    |      Instance      |     Module     | BRAM_18K| DSP| FF| LUT| URAM|
    +--------------------+----------------+---------+----+---+----+-----+
    |mux_165_32_1_1_U70  |mux_165_32_1_1  |        0|   0|  0|  65|    0|
    +--------------------+----------------+---------+----+---+----+-----+
    |Total               |                |        0|   0|  0|  65|    0|
    +--------------------+----------------+---------+----+---+----+-----+

    * DSP: 
    N/A

    * Memory: 
    N/A

    * FIFO: 
    N/A

    * Expression: 
    +-------------------------+----------+----+---+----+------------+------------+
    |      Variable Name      | Operation| DSP| FF| LUT| Bitwidth P0| Bitwidth P1|
    +-------------------------+----------+----+---+----+------------+------------+
    |add_ln33_1_fu_337_p2     |         +|   0|  0|  14|           9|           1|
    |add_ln33_fu_349_p2       |         +|   0|  0|  13|           5|           1|
    |add_ln34_fu_417_p2       |         +|   0|  0|  13|           5|           1|
    |add_ln35_fu_448_p2       |         +|   0|  0|  15|           8|           8|
    |icmp_ln33_fu_331_p2      |      icmp|   0|  0|  11|           9|          10|
    |icmp_ln34_fu_355_p2      |      icmp|   0|  0|  10|           5|           6|
    |select_ln33_1_fu_369_p3  |    select|   0|  0|   5|           1|           5|
    |select_ln33_3_fu_389_p3  |    select|   0|  0|   4|           1|           4|
    |select_ln33_fu_361_p3    |    select|   0|  0|   5|           1|           1|
    |ap_enable_pp0            |       xor|   0|  0|   2|           1|           2|
    +-------------------------+----------+----+---+----+------------+------------+
    |Total                    |          |   0|  0|  92|          45|          39|
    +-------------------------+----------+----+---+----+------------+------------+

    * Multiplexer: 
    +--------------------------------------+----+-----------+-----+-----------+
    |                 Name                 | LUT| Input Size| Bits| Total Bits|
    +--------------------------------------+----+-----------+-----+-----------+
    |ap_done_int                           |   9|          2|    1|          2|
    |ap_enable_reg_pp0_iter1               |   9|          2|    1|          2|
    |ap_sig_allocacmp_i_load               |   9|          2|    5|         10|
    |ap_sig_allocacmp_indvar_flatten_load  |   9|          2|    9|         18|
    |ap_sig_allocacmp_j_load               |   9|          2|    5|         10|
    |i_fu_84                               |   9|          2|    5|         10|
    |indvar_flatten_fu_88                  |   9|          2|    9|         18|
    |j_fu_80                               |   9|          2|    5|         10|
    +--------------------------------------+----+-----------+-----+-----------+
    |Total                                 |  72|         16|   40|         80|
    +--------------------------------------+----+-----------+-----+-----------+

    * Register: 
    +----------------------------------+----+----+-----+-----------+
    |               Name               | FF | LUT| Bits| Const Bits|
    +----------------------------------+----+----+-----+-----------+
    |add_ln35_reg_611                  |   8|   0|    8|          0|
    |ap_CS_fsm                         |   1|   0|    1|          0|
    |ap_done_reg                       |   1|   0|    1|          0|
    |ap_enable_reg_pp0_iter1           |   1|   0|    1|          0|
    |ap_enable_reg_pp0_iter2           |   1|   0|    1|          0|
    |ap_loop_exit_ready_pp0_iter1_reg  |   1|   0|    1|          0|
    |i_fu_84                           |   5|   0|    5|          0|
    |indvar_flatten_fu_88              |   9|   0|    9|          0|
    |j_fu_80                           |   5|   0|    5|          0|
    |select_ln33_reg_520               |   5|   0|    5|          0|
    |tmp_1_reg_616                     |  32|   0|   32|          0|
    |trunc_ln35_reg_526                |   4|   0|    4|          0|
    +----------------------------------+----+----+-----+-----------+
    |Total                             |  73|   0|   73|          0|
    +----------------------------------+----+----+-----+-----------+



================================================================
== Interface
================================================================
* Summary: 
+--------------------+-----+-----+------------+--------------------------------------------------+--------------+
|      RTL Ports     | Dir | Bits|  Protocol  |                   Source Object                  |    C Type    |
+--------------------+-----+-----+------------+--------------------------------------------------+--------------+
|ap_clk              |   in|    1|  ap_ctrl_hs|  blockmatmul_Pipeline_writeoutput_VITIS_LOOP_34_2|  return value|
|ap_rst              |   in|    1|  ap_ctrl_hs|  blockmatmul_Pipeline_writeoutput_VITIS_LOOP_34_2|  return value|
|ap_start            |   in|    1|  ap_ctrl_hs|  blockmatmul_Pipeline_writeoutput_VITIS_LOOP_34_2|  return value|
|ap_done             |  out|    1|  ap_ctrl_hs|  blockmatmul_Pipeline_writeoutput_VITIS_LOOP_34_2|  return value|
|ap_idle             |  out|    1|  ap_ctrl_hs|  blockmatmul_Pipeline_writeoutput_VITIS_LOOP_34_2|  return value|
|ap_ready            |  out|    1|  ap_ctrl_hs|  blockmatmul_Pipeline_writeoutput_VITIS_LOOP_34_2|  return value|
|AB_address0         |  out|    4|   ap_memory|                                                AB|         array|
|AB_ce0              |  out|    1|   ap_memory|                                                AB|         array|
|AB_q0               |   in|   32|   ap_memory|                                                AB|         array|
|AB_1_address0       |  out|    4|   ap_memory|                                              AB_1|         array|
|AB_1_ce0            |  out|    1|   ap_memory|                                              AB_1|         array|
|AB_1_q0             |   in|   32|   ap_memory|                                              AB_1|         array|
|AB_2_address0       |  out|    4|   ap_memory|                                              AB_2|         array|
|AB_2_ce0            |  out|    1|   ap_memory|                                              AB_2|         array|
|AB_2_q0             |   in|   32|   ap_memory|                                              AB_2|         array|
|AB_3_address0       |  out|    4|   ap_memory|                                              AB_3|         array|
|AB_3_ce0            |  out|    1|   ap_memory|                                              AB_3|         array|
|AB_3_q0             |   in|   32|   ap_memory|                                              AB_3|         array|
|AB_4_address0       |  out|    4|   ap_memory|                                              AB_4|         array|
|AB_4_ce0            |  out|    1|   ap_memory|                                              AB_4|         array|
|AB_4_q0             |   in|   32|   ap_memory|                                              AB_4|         array|
|AB_5_address0       |  out|    4|   ap_memory|                                              AB_5|         array|
|AB_5_ce0            |  out|    1|   ap_memory|                                              AB_5|         array|
|AB_5_q0             |   in|   32|   ap_memory|                                              AB_5|         array|
|AB_6_address0       |  out|    4|   ap_memory|                                              AB_6|         array|
|AB_6_ce0            |  out|    1|   ap_memory|                                              AB_6|         array|
|AB_6_q0             |   in|   32|   ap_memory|                                              AB_6|         array|
|AB_7_address0       |  out|    4|   ap_memory|                                              AB_7|         array|
|AB_7_ce0            |  out|    1|   ap_memory|                                              AB_7|         array|
|AB_7_q0             |   in|   32|   ap_memory|                                              AB_7|         array|
|AB_8_address0       |  out|    4|   ap_memory|                                              AB_8|         array|
|AB_8_ce0            |  out|    1|   ap_memory|                                              AB_8|         array|
|AB_8_q0             |   in|   32|   ap_memory|                                              AB_8|         array|
|AB_9_address0       |  out|    4|   ap_memory|                                              AB_9|         array|
|AB_9_ce0            |  out|    1|   ap_memory|                                              AB_9|         array|
|AB_9_q0             |   in|   32|   ap_memory|                                              AB_9|         array|
|AB_10_address0      |  out|    4|   ap_memory|                                             AB_10|         array|
|AB_10_ce0           |  out|    1|   ap_memory|                                             AB_10|         array|
|AB_10_q0            |   in|   32|   ap_memory|                                             AB_10|         array|
|AB_11_address0      |  out|    4|   ap_memory|                                             AB_11|         array|
|AB_11_ce0           |  out|    1|   ap_memory|                                             AB_11|         array|
|AB_11_q0            |   in|   32|   ap_memory|                                             AB_11|         array|
|AB_12_address0      |  out|    4|   ap_memory|                                             AB_12|         array|
|AB_12_ce0           |  out|    1|   ap_memory|                                             AB_12|         array|
|AB_12_q0            |   in|   32|   ap_memory|                                             AB_12|         array|
|AB_13_address0      |  out|    4|   ap_memory|                                             AB_13|         array|
|AB_13_ce0           |  out|    1|   ap_memory|                                             AB_13|         array|
|AB_13_q0            |   in|   32|   ap_memory|                                             AB_13|         array|
|AB_14_address0      |  out|    4|   ap_memory|                                             AB_14|         array|
|AB_14_ce0           |  out|    1|   ap_memory|                                             AB_14|         array|
|AB_14_q0            |   in|   32|   ap_memory|                                             AB_14|         array|
|AB_15_address0      |  out|    4|   ap_memory|                                             AB_15|         array|
|AB_15_ce0           |  out|    1|   ap_memory|                                             AB_15|         array|
|AB_15_q0            |   in|   32|   ap_memory|                                             AB_15|         array|
|ABpartial_address0  |  out|    8|   ap_memory|                                         ABpartial|         array|
|ABpartial_ce0       |  out|    1|   ap_memory|                                         ABpartial|         array|
|ABpartial_we0       |  out|    1|   ap_memory|                                         ABpartial|         array|
|ABpartial_d0        |  out|   32|   ap_memory|                                         ABpartial|         array|
+--------------------+-----+-----+------------+--------------------------------------------------+--------------+

