

================================================================
== Vitis HLS Report for 'blockmatmul_Pipeline_1'
================================================================
* Date:           Wed Apr 12 06:50:00 2023

* Version:        2022.1 (Build 3526262 on Mon Apr 18 15:48:16 MDT 2022)
* Project:        LabB
* Solution:       solution2 (Vivado IP Flow Target)
* Product family: zynq
* Target device:  xc7z020-clg400-1


================================================================
== Performance Estimates
================================================================
+ Timing: 
    * Summary: 
    +--------+----------+----------+------------+
    |  Clock |  Target  | Estimated| Uncertainty|
    +--------+----------+----------+------------+
    |ap_clk  |  10.00 ns|  3.983 ns|     2.70 ns|
    +--------+----------+----------+------------+

+ Latency: 
    * Summary: 
    +---------+---------+----------+----------+-----+-----+---------+
    |  Latency (cycles) |  Latency (absolute) |  Interval | Pipeline|
    |   min   |   max   |    min   |    max   | min | max |   Type  |
    +---------+---------+----------+----------+-----+-----+---------+
    |      258|      258|  2.580 us|  2.580 us|  258|  258|       no|
    +---------+---------+----------+----------+-----+-----+---------+

    + Detail: 
        * Instance: 
        N/A

        * Loop: 
        +----------+---------+---------+----------+-----------+-----------+------+----------+
        |          |  Latency (cycles) | Iteration|  Initiation Interval  | Trip |          |
        | Loop Name|   min   |   max   |  Latency |  achieved |   target  | Count| Pipelined|
        +----------+---------+---------+----------+-----------+-----------+------+----------+
        |- Loop 1  |      256|      256|         1|          1|          1|   256|       yes|
        +----------+---------+---------+----------+-----------+-----------+------+----------+



================================================================
== Utilization Estimates
================================================================
* Summary: 
+-----------------+---------+-----+--------+-------+-----+
|       Name      | BRAM_18K| DSP |   FF   |  LUT  | URAM|
+-----------------+---------+-----+--------+-------+-----+
|DSP              |        -|    -|       -|      -|    -|
|Expression       |        -|    -|       0|     25|    -|
|FIFO             |        -|    -|       -|      -|    -|
|Instance         |        -|    -|       -|      -|    -|
|Memory           |        -|    -|       -|      -|    -|
|Multiplexer      |        -|    -|       -|     27|    -|
|Register         |        -|    -|      11|      -|    -|
+-----------------+---------+-----+--------+-------+-----+
|Total            |        0|    0|      11|     52|    0|
+-----------------+---------+-----+--------+-------+-----+
|Available        |      280|  220|  106400|  53200|    0|
+-----------------+---------+-----+--------+-------+-----+
|Utilization (%)  |        0|    0|      ~0|     ~0|    0|
+-----------------+---------+-----+--------+-------+-----+

+ Detail: 
    * Instance: 
    N/A

    * DSP: 
    N/A

    * Memory: 
    N/A

    * FIFO: 
    N/A

    * Expression: 
    +-----------------------+----------+----+---+----+------------+------------+
    |     Variable Name     | Operation| DSP| FF| LUT| Bitwidth P0| Bitwidth P1|
    +-----------------------+----------+----+---+----+------------+------------+
    |empty_16_fu_332_p2     |         +|   0|  0|  14|           9|           1|
    |exitcond397_fu_326_p2  |      icmp|   0|  0|  11|           9|          10|
    +-----------------------+----------+----+---+----+------------+------------+
    |Total                  |          |   0|  0|  25|          18|          11|
    +-----------------------+----------+----+---+----+------------+------------+

    * Multiplexer: 
    +-------------------------+----+-----------+-----+-----------+
    |           Name          | LUT| Input Size| Bits| Total Bits|
    +-------------------------+----+-----------+-----+-----------+
    |ap_done_int              |   9|          2|    1|          2|
    |ap_sig_allocacmp_p_load  |   9|          2|    9|         18|
    |empty_fu_90              |   9|          2|    9|         18|
    +-------------------------+----+-----------+-----+-----------+
    |Total                    |  27|          6|   19|         38|
    +-------------------------+----+-----------+-----+-----------+

    * Register: 
    +-------------+---+----+-----+-----------+
    |     Name    | FF| LUT| Bits| Const Bits|
    +-------------+---+----+-----+-----------+
    |ap_CS_fsm    |  1|   0|    1|          0|
    |ap_done_reg  |  1|   0|    1|          0|
    |empty_fu_90  |  9|   0|    9|          0|
    +-------------+---+----+-----+-----------+
    |Total        | 11|   0|   11|          0|
    +-------------+---+----+-----+-----------+



================================================================
== Interface
================================================================
* Summary: 
+----------------+-----+-----+------------+------------------------+--------------+
|    RTL Ports   | Dir | Bits|  Protocol  |      Source Object     |    C Type    |
+----------------+-----+-----+------------+------------------------+--------------+
|ap_clk          |   in|    1|  ap_ctrl_hs|  blockmatmul_Pipeline_1|  return value|
|ap_rst          |   in|    1|  ap_ctrl_hs|  blockmatmul_Pipeline_1|  return value|
|ap_start        |   in|    1|  ap_ctrl_hs|  blockmatmul_Pipeline_1|  return value|
|ap_done         |  out|    1|  ap_ctrl_hs|  blockmatmul_Pipeline_1|  return value|
|ap_idle         |  out|    1|  ap_ctrl_hs|  blockmatmul_Pipeline_1|  return value|
|ap_ready        |  out|    1|  ap_ctrl_hs|  blockmatmul_Pipeline_1|  return value|
|AB_address0     |  out|    4|   ap_memory|                      AB|         array|
|AB_ce0          |  out|    1|   ap_memory|                      AB|         array|
|AB_we0          |  out|    1|   ap_memory|                      AB|         array|
|AB_d0           |  out|   32|   ap_memory|                      AB|         array|
|AB_1_address0   |  out|    4|   ap_memory|                    AB_1|         array|
|AB_1_ce0        |  out|    1|   ap_memory|                    AB_1|         array|
|AB_1_we0        |  out|    1|   ap_memory|                    AB_1|         array|
|AB_1_d0         |  out|   32|   ap_memory|                    AB_1|         array|
|AB_2_address0   |  out|    4|   ap_memory|                    AB_2|         array|
|AB_2_ce0        |  out|    1|   ap_memory|                    AB_2|         array|
|AB_2_we0        |  out|    1|   ap_memory|                    AB_2|         array|
|AB_2_d0         |  out|   32|   ap_memory|                    AB_2|         array|
|AB_3_address0   |  out|    4|   ap_memory|                    AB_3|         array|
|AB_3_ce0        |  out|    1|   ap_memory|                    AB_3|         array|
|AB_3_we0        |  out|    1|   ap_memory|                    AB_3|         array|
|AB_3_d0         |  out|   32|   ap_memory|                    AB_3|         array|
|AB_4_address0   |  out|    4|   ap_memory|                    AB_4|         array|
|AB_4_ce0        |  out|    1|   ap_memory|                    AB_4|         array|
|AB_4_we0        |  out|    1|   ap_memory|                    AB_4|         array|
|AB_4_d0         |  out|   32|   ap_memory|                    AB_4|         array|
|AB_5_address0   |  out|    4|   ap_memory|                    AB_5|         array|
|AB_5_ce0        |  out|    1|   ap_memory|                    AB_5|         array|
|AB_5_we0        |  out|    1|   ap_memory|                    AB_5|         array|
|AB_5_d0         |  out|   32|   ap_memory|                    AB_5|         array|
|AB_6_address0   |  out|    4|   ap_memory|                    AB_6|         array|
|AB_6_ce0        |  out|    1|   ap_memory|                    AB_6|         array|
|AB_6_we0        |  out|    1|   ap_memory|                    AB_6|         array|
|AB_6_d0         |  out|   32|   ap_memory|                    AB_6|         array|
|AB_7_address0   |  out|    4|   ap_memory|                    AB_7|         array|
|AB_7_ce0        |  out|    1|   ap_memory|                    AB_7|         array|
|AB_7_we0        |  out|    1|   ap_memory|                    AB_7|         array|
|AB_7_d0         |  out|   32|   ap_memory|                    AB_7|         array|
|AB_8_address0   |  out|    4|   ap_memory|                    AB_8|         array|
|AB_8_ce0        |  out|    1|   ap_memory|                    AB_8|         array|
|AB_8_we0        |  out|    1|   ap_memory|                    AB_8|         array|
|AB_8_d0         |  out|   32|   ap_memory|                    AB_8|         array|
|AB_9_address0   |  out|    4|   ap_memory|                    AB_9|         array|
|AB_9_ce0        |  out|    1|   ap_memory|                    AB_9|         array|
|AB_9_we0        |  out|    1|   ap_memory|                    AB_9|         array|
|AB_9_d0         |  out|   32|   ap_memory|                    AB_9|         array|
|AB_10_address0  |  out|    4|   ap_memory|                   AB_10|         array|
|AB_10_ce0       |  out|    1|   ap_memory|                   AB_10|         array|
|AB_10_we0       |  out|    1|   ap_memory|                   AB_10|         array|
|AB_10_d0        |  out|   32|   ap_memory|                   AB_10|         array|
|AB_11_address0  |  out|    4|   ap_memory|                   AB_11|         array|
|AB_11_ce0       |  out|    1|   ap_memory|                   AB_11|         array|
|AB_11_we0       |  out|    1|   ap_memory|                   AB_11|         array|
|AB_11_d0        |  out|   32|   ap_memory|                   AB_11|         array|
|AB_12_address0  |  out|    4|   ap_memory|                   AB_12|         array|
|AB_12_ce0       |  out|    1|   ap_memory|                   AB_12|         array|
|AB_12_we0       |  out|    1|   ap_memory|                   AB_12|         array|
|AB_12_d0        |  out|   32|   ap_memory|                   AB_12|         array|
|AB_13_address0  |  out|    4|   ap_memory|                   AB_13|         array|
|AB_13_ce0       |  out|    1|   ap_memory|                   AB_13|         array|
|AB_13_we0       |  out|    1|   ap_memory|                   AB_13|         array|
|AB_13_d0        |  out|   32|   ap_memory|                   AB_13|         array|
|AB_14_address0  |  out|    4|   ap_memory|                   AB_14|         array|
|AB_14_ce0       |  out|    1|   ap_memory|                   AB_14|         array|
|AB_14_we0       |  out|    1|   ap_memory|                   AB_14|         array|
|AB_14_d0        |  out|   32|   ap_memory|                   AB_14|         array|
|AB_15_address0  |  out|    4|   ap_memory|                   AB_15|         array|
|AB_15_ce0       |  out|    1|   ap_memory|                   AB_15|         array|
|AB_15_we0       |  out|    1|   ap_memory|                   AB_15|         array|
|AB_15_d0        |  out|   32|   ap_memory|                   AB_15|         array|
+----------------+-----+-----+------------+------------------------+--------------+

