

================================================================
== Synthesis Summary Report of 'example'
================================================================
+ General Information: 
    * Date:           Sun Mar 12 23:03:29 2023
    * Version:        2022.1 (Build 3526262 on Mon Apr 18 15:47:01 MDT 2022)
    * Project:        proj
    * Solution:       solution1 (Vivado IP Flow Target)
    * Product family: virtex7
    * Target device:  xc7v585t-ffg1761-2
    

+ Performance & Resource Estimates: 
    
    PS: '+' for module; 'o' for loop; '*' for dataflow
    +----------------------------------------+------+------+---------+---------+----------+---------+------+----------+------+----+-----------+------------+-----+
    |                 Modules                | Issue|      | Latency | Latency | Iteration|         | Trip |          |      |    |           |            |     |
    |                 & Loops                | Type | Slack| (cycles)|   (ns)  |  Latency | Interval| Count| Pipelined| BRAM | DSP|     FF    |     LUT    | URAM|
    +----------------------------------------+------+------+---------+---------+----------+---------+------+----------+------+----+-----------+------------+-----+
    |+ example*                              |     -|  3.22|       34|  453.322|         -|       29|     -|  dataflow|     -|   -|  766 (~0%)|  1333 (~0%)|    -|
    | + proc_1*                              |     -|  3.51|       32|  426.656|         -|       29|     -|  dataflow|     -|   -|  308 (~0%)|   645 (~0%)|    -|
    |  + proc_1_1                            |     -|  4.74|       28|  373.324|         -|       28|     -|        no|     -|   -|   55 (~0%)|   225 (~0%)|    -|
    |   + proc_1_1_Pipeline_VITIS_LOOP_43_1  |     -|  4.74|       12|  159.996|         -|       12|     -|        no|     -|   -|   39 (~0%)|    82 (~0%)|    -|
    |    o VITIS_LOOP_43_1                   |     -|  9.73|       10|  133.330|         2|        1|    10|       yes|     -|   -|          -|           -|    -|
    |   + proc_1_1_Pipeline_VITIS_LOOP_47_2  |     -|  7.34|       12|  159.996|         -|       12|     -|        no|     -|   -|    7 (~0%)|    71 (~0%)|    -|
    |    o VITIS_LOOP_47_2                   |     -|  9.73|       10|  133.330|         2|        1|    10|       yes|     -|   -|          -|           -|    -|
    |  + proc_1_2                            |     -|  3.51|       28|  373.324|         -|       28|     -|        no|     -|   -|   54 (~0%)|   273 (~0%)|    -|
    |   + proc_1_2_Pipeline_VITIS_LOOP_56_1  |     -|  3.51|       12|  159.996|         -|       12|     -|        no|     -|   -|   39 (~0%)|   130 (~0%)|    -|
    |    o VITIS_LOOP_56_1                   |     -|  9.73|       10|  133.330|         2|        1|    10|       yes|     -|   -|          -|           -|    -|
    |   + proc_1_2_Pipeline_VITIS_LOOP_60_2  |     -|  7.34|       12|  159.996|         -|       12|     -|        no|     -|   -|    7 (~0%)|    71 (~0%)|    -|
    |    o VITIS_LOOP_60_2                   |     -|  9.73|       10|  133.330|         2|        1|    10|       yes|     -|   -|          -|           -|    -|
    | + proc_2*                              |     -|  3.22|       28|  373.324|         -|       29|     -|  dataflow|     -|   -|  260 (~0%)|   551 (~0%)|    -|
    |  + proc_2_1                            |     -|  3.51|       28|  373.324|         -|       28|     -|        no|     -|   -|   55 (~0%)|   282 (~0%)|    -|
    |   + proc_2_1_Pipeline_VITIS_LOOP_78_1  |     -|  3.51|       12|  159.996|         -|       12|     -|        no|     -|   -|   39 (~0%)|   130 (~0%)|    -|
    |    o VITIS_LOOP_78_1                   |     -|  9.73|       10|  133.330|         2|        1|    10|       yes|     -|   -|          -|           -|    -|
    |   + proc_2_1_Pipeline_VITIS_LOOP_82_2  |     -|  7.34|       12|  159.996|         -|       12|     -|        no|     -|   -|    7 (~0%)|    71 (~0%)|    -|
    |    o VITIS_LOOP_82_2                   |     -|  9.73|       10|  133.330|         2|        1|    10|       yes|     -|   -|          -|           -|    -|
    |  + proc_2_2                            |     -|  3.22|       12|  159.996|         -|       12|     -|        no|     -|   -|    7 (~0%)|   132 (~0%)|    -|
    |   o VITIS_LOOP_90_1                    |     -|  9.73|       10|  133.330|         2|        1|    10|       yes|     -|   -|          -|           -|    -|
    +----------------------------------------+------+------+---------+---------+----------+---------+------+----------+------+----+-----------+------------+-----+


================================================================
== HW Interfaces
================================================================
* AP_FIFO
+-----------+------------+
| Interface | Data Width |
+-----------+------------+
| A         | 32         |
| B         | 32         |
+-----------+------------+

* TOP LEVEL CONTROL
+-----------+------------+-----------------------------------+
| Interface | Type       | Ports                             |
+-----------+------------+-----------------------------------+
| ap_clk    | clock      | ap_clk                            |
| ap_rst    | reset      | ap_rst                            |
| ap_ctrl   | ap_ctrl_hs | ap_done ap_idle ap_ready ap_start |
+-----------+------------+-----------------------------------+


================================================================
== SW I/O Information
================================================================
* Top Function Arguments
+----------+-----------+-----------------+
| Argument | Direction | Datatype        |
+----------+-----------+-----------------+
| A        | in        | stream<int, 0>& |
| B        | out       | stream<int, 0>& |
+----------+-----------+-----------------+

* SW-to-HW Mapping
+----------+--------------+-----------+
| Argument | HW Interface | HW Type   |
+----------+--------------+-----------+
| A        | A            | interface |
| B        | B            | interface |
+----------+--------------+-----------+


================================================================
== Bind Op Report
================================================================
+----------------------------------------+-----+--------+----------+-----+--------+---------+
| Name                                   | DSP | Pragma | Variable | Op  | Impl   | Latency |
+----------------------------------------+-----+--------+----------+-----+--------+---------+
| + example                              | 0   |        |          |     |        |         |
|  + proc_1                              | 0   |        |          |     |        |         |
|   + proc_1_1                           | 0   |        |          |     |        |         |
|    + proc_1_1_Pipeline_VITIS_LOOP_43_1 | 0   |        |          |     |        |         |
|      i_11_fu_85_p2                     | -   |        | i_11     | add | fabric | 0       |
|    + proc_1_1_Pipeline_VITIS_LOOP_47_2 | 0   |        |          |     |        |         |
|      i_10_fu_69_p2                     | -   |        | i_10     | add | fabric | 0       |
|   + proc_1_2                           | 0   |        |          |     |        |         |
|    + proc_1_2_Pipeline_VITIS_LOOP_56_1 | 0   |        |          |     |        |         |
|      i_9_fu_92_p2                      | -   |        | i_9      | add | fabric | 0       |
|      tmp_8_fu_103_p2                   | -   |        | tmp_8    | add | fabric | 0       |
|    + proc_1_2_Pipeline_VITIS_LOOP_60_2 | 0   |        |          |     |        |         |
|      i_7_fu_69_p2                      | -   |        | i_7      | add | fabric | 0       |
|  + proc_2                              | 0   |        |          |     |        |         |
|   + proc_2_1                           | 0   |        |          |     |        |         |
|    + proc_2_1_Pipeline_VITIS_LOOP_78_1 | 0   |        |          |     |        |         |
|      i_6_fu_92_p2                      | -   |        | i_6      | add | fabric | 0       |
|      tmp_5_fu_103_p2                   | -   |        | tmp_5    | add | fabric | 0       |
|    + proc_2_1_Pipeline_VITIS_LOOP_82_2 | 0   |        |          |     |        |         |
|      i_4_fu_69_p2                      | -   |        | i_4      | add | fabric | 0       |
|   + proc_2_2                           | 0   |        |          |     |        |         |
|     i_2_fu_77_p2                       | -   |        | i_2      | add | fabric | 0       |
|     B_din                              | -   |        | tmp_2    | add | fabric | 0       |
+----------------------------------------+-----+--------+----------+-----+--------+---------+


================================================================
== Bind Storage Report
================================================================
+--------------------+------+------+--------+---------------+---------+------+---------+
| Name               | BRAM | URAM | Pragma | Variable      | Storage | Impl | Latency |
+--------------------+------+------+--------+---------------+---------+------+---------+
| + example          | 0    | 0    |        |               |         |      |         |
|   data_channel1_U  | -    | -    |        | data_channel1 | fifo    | srl  | 0       |
|   data_channel2_U  | -    | -    |        | data_channel2 | fifo    | srl  | 0       |
|  + proc_1          | 0    | 0    |        |               |         |      |         |
|    data_channel1_U | -    | -    |        | data_channel1 | fifo    | srl  | 0       |
|    data_channel2_U | -    | -    |        | data_channel2 | fifo    | srl  | 0       |
|  + proc_2          | 0    | 0    |        |               |         |      |         |
|    data_channel1_U | -    | -    |        | data_channel1 | fifo    | srl  | 0       |
|    data_channel2_U | -    | -    |        | data_channel2 | fifo    | srl  | 0       |
+--------------------+------+------+--------+---------------+---------+------+---------+


================================================================
== Pragma Report
================================================================
* Pragmas with Warnings
+-----------+-----------------+-------------------------------+---------------------------------------------------+
| Type      | Options         | Location                      | Messages                                          |
+-----------+-----------------+-------------------------------+---------------------------------------------------+
| interface | ap_fifo port=&A | example.cpp:20 in example, &A | extra token before variable expression is ignored |
| interface | ap_fifo port=&B | example.cpp:21 in example, &B | extra token before variable expression is ignored |
+-----------+-----------------+-------------------------------+---------------------------------------------------+

* Valid Pragma Syntax
+----------+---------------------------------+------------------------------------------+
| Type     | Options                         | Location                                 |
+----------+---------------------------------+------------------------------------------+
| dataflow |                                 | example.cpp:19 in example                |
| stream   | depth=10 variable=data_channel1 | example.cpp:23 in example, data_channel1 |
| stream   | depth=10 variable=data_channel1 | example.cpp:24 in example, data_channel1 |
| dataflow |                                 | example.cpp:32 in proc_1                 |
| dataflow |                                 | example.cpp:66 in proc_2                 |
| stream   | depth=10 variable=data_channel1 | example.cpp:68 in proc_2, data_channel1  |
+----------+---------------------------------+------------------------------------------+


