

================================================================
== Vitis HLS Report for 'example'
================================================================
* Date:           Sun Mar 12 23:03:29 2023

* Version:        2022.1 (Build 3526262 on Mon Apr 18 15:47:01 MDT 2022)
* Project:        proj
* Solution:       solution1 (Vivado IP Flow Target)
* Product family: virtex7
* Target device:  xc7v585t-ffg1761-2


================================================================
== Performance Estimates
================================================================
+ Timing: 
    * Summary: 
    +--------+----------+----------+------------+
    |  Clock |  Target  | Estimated| Uncertainty|
    +--------+----------+----------+------------+
    |ap_clk  |  13.33 ns|  6.507 ns|     3.60 ns|
    +--------+----------+----------+------------+

+ Latency: 
    * Summary: 
    +---------+---------+----------+----------+-----+-----+----------+
    |  Latency (cycles) |  Latency (absolute) |  Interval | Pipeline |
    |   min   |   max   |    min   |    max   | min | max |   Type   |
    +---------+---------+----------+----------+-----+-----+----------+
    |       34|       34|  0.453 us|  0.453 us|   29|   29|  dataflow|
    +---------+---------+----------+----------+-----+-----+----------+

    + Detail: 
        * Instance: 
        +-----------+--------+---------+---------+----------+----------+-----+-----+----------+
        |           |        |  Latency (cycles) |  Latency (absolute) |  Interval | Pipeline |
        |  Instance | Module |   min   |   max   |    min   |    max   | min | max |   Type   |
        +-----------+--------+---------+---------+----------+----------+-----+-----+----------+
        |proc_1_U0  |proc_1  |       32|       32|  0.427 us|  0.427 us|   29|   29|  dataflow|
        |proc_2_U0  |proc_2  |       28|       28|  0.373 us|  0.373 us|   29|   29|  dataflow|
        +-----------+--------+---------+---------+----------+----------+-----+-----+----------+

        * Loop: 
        N/A



================================================================
== Utilization Estimates
================================================================
* Summary: 
+-----------------+---------+------+--------+--------+-----+
|       Name      | BRAM_18K|  DSP |   FF   |   LUT  | URAM|
+-----------------+---------+------+--------+--------+-----+
|DSP              |        -|     -|       -|       -|    -|
|Expression       |        -|     -|       0|       2|    -|
|FIFO             |        -|     -|     198|     135|    -|
|Instance         |        -|     -|     568|    1196|    -|
|Memory           |        -|     -|       -|       -|    -|
|Multiplexer      |        -|     -|       -|       -|    -|
|Register         |        -|     -|       -|       -|    -|
+-----------------+---------+------+--------+--------+-----+
|Total            |        0|     0|     766|    1333|    0|
+-----------------+---------+------+--------+--------+-----+
|Available        |     1590|  1260|  728400|  364200|    0|
+-----------------+---------+------+--------+--------+-----+
|Utilization (%)  |        0|     0|      ~0|      ~0|    0|
+-----------------+---------+------+--------+--------+-----+

+ Detail: 
    * Instance: 
    +-----------+--------+---------+----+-----+-----+-----+
    |  Instance | Module | BRAM_18K| DSP|  FF | LUT | URAM|
    +-----------+--------+---------+----+-----+-----+-----+
    |proc_1_U0  |proc_1  |        0|   0|  308|  645|    0|
    |proc_2_U0  |proc_2  |        0|   0|  260|  551|    0|
    +-----------+--------+---------+----+-----+-----+-----+
    |Total      |        |        0|   0|  568| 1196|    0|
    +-----------+--------+---------+----+-----+-----+-----+

    * DSP: 
    N/A

    * Memory: 
    N/A

    * FIFO: 
    +-----------------+---------+----+----+-----+------+-----+---------+
    |       Name      | BRAM_18K| FF | LUT| URAM| Depth| Bits| Size:D*B|
    +-----------------+---------+----+----+-----+------+-----+---------+
    |data_channel1_U  |        0|  99|   0|    -|    10|   32|      320|
    |data_channel2_U  |        0|  99|   0|    -|     2|   32|       64|
    +-----------------+---------+----+----+-----+------+-----+---------+
    |Total            |        0| 198|   0|    0|    12|   64|      384|
    +-----------------+---------+----+----+-----+------+-----+---------+

    * Expression: 
    +--------------+----------+----+---+----+------------+------------+
    | Variable Name| Operation| DSP| FF| LUT| Bitwidth P0| Bitwidth P1|
    +--------------+----------+----+---+----+------------+------------+
    |ap_idle       |       and|   0|  0|   2|           1|           1|
    +--------------+----------+----+---+----+------------+------------+
    |Total         |          |   0|  0|   2|           1|           1|
    +--------------+----------+----+---+----+------------+------------+

    * Multiplexer: 
    N/A

    * Register: 
    N/A



================================================================
== Interface
================================================================
* Summary: 
+-----------+-----+-----+------------+--------------+--------------+
| RTL Ports | Dir | Bits|  Protocol  | Source Object|    C Type    |
+-----------+-----+-----+------------+--------------+--------------+
|A_dout     |   in|   32|     ap_fifo|             A|       pointer|
|A_empty_n  |   in|    1|     ap_fifo|             A|       pointer|
|A_read     |  out|    1|     ap_fifo|             A|       pointer|
|B_din      |  out|   32|     ap_fifo|             B|       pointer|
|B_full_n   |   in|    1|     ap_fifo|             B|       pointer|
|B_write    |  out|    1|     ap_fifo|             B|       pointer|
|ap_clk     |   in|    1|  ap_ctrl_hs|       example|  return value|
|ap_rst     |   in|    1|  ap_ctrl_hs|       example|  return value|
|ap_start   |   in|    1|  ap_ctrl_hs|       example|  return value|
|ap_done    |  out|    1|  ap_ctrl_hs|       example|  return value|
|ap_ready   |  out|    1|  ap_ctrl_hs|       example|  return value|
|ap_idle    |  out|    1|  ap_ctrl_hs|       example|  return value|
+-----------+-----+-----+------------+--------------+--------------+

