

================================================================
== Vitis HLS Report for 'proc_1_1_Pipeline_VITIS_LOOP_43_1'
================================================================
* Date:           Sun Mar 12 23:03:27 2023

* Version:        2022.1 (Build 3526262 on Mon Apr 18 15:47:01 MDT 2022)
* Project:        proj
* Solution:       solution1 (Vivado IP Flow Target)
* Product family: virtex7
* Target device:  xc7v585t-ffg1761-2


================================================================
== Performance Estimates
================================================================
+ Timing: 
    * Summary: 
    +--------+----------+----------+------------+
    |  Clock |  Target  | Estimated| Uncertainty|
    +--------+----------+----------+------------+
    |ap_clk  |  13.33 ns|  4.993 ns|     3.60 ns|
    +--------+----------+----------+------------+

+ Latency: 
    * Summary: 
    +---------+---------+----------+----------+-----+-----+---------+
    |  Latency (cycles) |  Latency (absolute) |  Interval | Pipeline|
    |   min   |   max   |    min   |    max   | min | max |   Type  |
    +---------+---------+----------+----------+-----+-----+---------+
    |       12|       12|  0.160 us|  0.160 us|   12|   12|       no|
    +---------+---------+----------+----------+-----+-----+---------+

    + Detail: 
        * Instance: 
        N/A

        * Loop: 
        +-------------------+---------+---------+----------+-----------+-----------+------+----------+
        |                   |  Latency (cycles) | Iteration|  Initiation Interval  | Trip |          |
        |     Loop Name     |   min   |   max   |  Latency |  achieved |   target  | Count| Pipelined|
        +-------------------+---------+---------+----------+-----------+-----------+------+----------+
        |- VITIS_LOOP_43_1  |       10|       10|         2|          1|          1|    10|       yes|
        +-------------------+---------+---------+----------+-----------+-----------+------+----------+



================================================================
== Utilization Estimates
================================================================
* Summary: 
+-----------------+---------+------+--------+--------+-----+
|       Name      | BRAM_18K|  DSP |   FF   |   LUT  | URAM|
+-----------------+---------+------+--------+--------+-----+
|DSP              |        -|     -|       -|       -|    -|
|Expression       |        -|     -|       0|      28|    -|
|FIFO             |        -|     -|       -|       -|    -|
|Instance         |        -|     -|       -|       -|    -|
|Memory           |        -|     -|       -|       -|    -|
|Multiplexer      |        -|     -|       -|      54|    -|
|Register         |        -|     -|      39|       -|    -|
+-----------------+---------+------+--------+--------+-----+
|Total            |        0|     0|      39|      82|    0|
+-----------------+---------+------+--------+--------+-----+
|Available        |     1590|  1260|  728400|  364200|    0|
+-----------------+---------+------+--------+--------+-----+
|Utilization (%)  |        0|     0|      ~0|      ~0|    0|
+-----------------+---------+------+--------+--------+-----+

+ Detail: 
    * Instance: 
    N/A

    * DSP: 
    N/A

    * Memory: 
    N/A

    * FIFO: 
    N/A

    * Expression: 
    +----------------------------------+----------+----+---+----+------------+------------+
    |           Variable Name          | Operation| DSP| FF| LUT| Bitwidth P0| Bitwidth P1|
    +----------------------------------+----------+----+---+----+------------+------------+
    |i_11_fu_85_p2                     |         +|   0|  0|  13|           4|           1|
    |ap_block_pp0_stage0_01001         |       and|   0|  0|   2|           1|           1|
    |icmp_ln43_fu_79_p2                |      icmp|   0|  0|   9|           4|           4|
    |ap_block_state2_pp0_stage0_iter1  |        or|   0|  0|   2|           1|           1|
    |ap_enable_pp0                     |       xor|   0|  0|   2|           1|           2|
    +----------------------------------+----------+----+---+----+------------+------------+
    |Total                             |          |   0|  0|  28|          11|           9|
    +----------------------------------+----------+----+---+----+------------+------------+

    * Multiplexer: 
    +-------------------------+----+-----------+-----+-----------+
    |           Name          | LUT| Input Size| Bits| Total Bits|
    +-------------------------+----+-----------+-----+-----------+
    |A_blk_n                  |   9|          2|    1|          2|
    |ap_done_int              |   9|          2|    1|          2|
    |ap_enable_reg_pp0_iter1  |   9|          2|    1|          2|
    |ap_sig_allocacmp_i       |   9|          2|    4|          8|
    |data_channel12_blk_n     |   9|          2|    1|          2|
    |i_03_fu_46               |   9|          2|    4|          8|
    +-------------------------+----+-----------+-----+-----------+
    |Total                    |  54|         12|   12|         24|
    +-------------------------+----+-----------+-----+-----------+

    * Register: 
    +-------------------------+----+----+-----+-----------+
    |           Name          | FF | LUT| Bits| Const Bits|
    +-------------------------+----+----+-----+-----------+
    |ap_CS_fsm                |   1|   0|    1|          0|
    |ap_done_reg              |   1|   0|    1|          0|
    |ap_enable_reg_pp0_iter1  |   1|   0|    1|          0|
    |i_03_fu_46               |   4|   0|    4|          0|
    |tmp_fu_42                |  32|   0|   32|          0|
    +-------------------------+----+----+-----+-----------+
    |Total                    |  39|   0|   39|          0|
    +-------------------------+----+----+-----+-----------+



================================================================
== Interface
================================================================
* Summary: 
+-------------------------------+-----+-----+------------+-----------------------------------+--------------+
|           RTL Ports           | Dir | Bits|  Protocol  |           Source Object           |    C Type    |
+-------------------------------+-----+-----+------------+-----------------------------------+--------------+
|ap_clk                         |   in|    1|  ap_ctrl_hs|  proc_1_1_Pipeline_VITIS_LOOP_43_1|  return value|
|ap_rst                         |   in|    1|  ap_ctrl_hs|  proc_1_1_Pipeline_VITIS_LOOP_43_1|  return value|
|ap_start                       |   in|    1|  ap_ctrl_hs|  proc_1_1_Pipeline_VITIS_LOOP_43_1|  return value|
|ap_done                        |  out|    1|  ap_ctrl_hs|  proc_1_1_Pipeline_VITIS_LOOP_43_1|  return value|
|ap_idle                        |  out|    1|  ap_ctrl_hs|  proc_1_1_Pipeline_VITIS_LOOP_43_1|  return value|
|ap_ready                       |  out|    1|  ap_ctrl_hs|  proc_1_1_Pipeline_VITIS_LOOP_43_1|  return value|
|A_dout                         |   in|   32|     ap_fifo|                                  A|       pointer|
|A_empty_n                      |   in|    1|     ap_fifo|                                  A|       pointer|
|A_read                         |  out|    1|     ap_fifo|                                  A|       pointer|
|data_channel12_din             |  out|   32|     ap_fifo|                     data_channel12|       pointer|
|data_channel12_num_data_valid  |   in|    2|     ap_fifo|                     data_channel12|       pointer|
|data_channel12_fifo_cap        |   in|    2|     ap_fifo|                     data_channel12|       pointer|
|data_channel12_full_n          |   in|    1|     ap_fifo|                     data_channel12|       pointer|
|data_channel12_write           |  out|    1|     ap_fifo|                     data_channel12|       pointer|
|p_phi_out                      |  out|   32|      ap_vld|                          p_phi_out|       pointer|
|p_phi_out_ap_vld               |  out|    1|      ap_vld|                          p_phi_out|       pointer|
+-------------------------------+-----+-----+------------+-----------------------------------+--------------+

