

================================================================
== Vitis HLS Report for 'proc_2'
================================================================
* Date:           Sun Mar 12 23:03:29 2023

* Version:        2022.1 (Build 3526262 on Mon Apr 18 15:47:01 MDT 2022)
* Project:        proj
* Solution:       solution1 (Vivado IP Flow Target)
* Product family: virtex7
* Target device:  xc7v585t-ffg1761-2


================================================================
== Performance Estimates
================================================================
+ Timing: 
    * Summary: 
    +--------+----------+----------+------------+
    |  Clock |  Target  | Estimated| Uncertainty|
    +--------+----------+----------+------------+
    |ap_clk  |  13.33 ns|  6.507 ns|     3.60 ns|
    +--------+----------+----------+------------+

+ Latency: 
    * Summary: 
    +---------+---------+----------+----------+-----+-----+----------+
    |  Latency (cycles) |  Latency (absolute) |  Interval | Pipeline |
    |   min   |   max   |    min   |    max   | min | max |   Type   |
    +---------+---------+----------+----------+-----+-----+----------+
    |       28|       28|  0.373 us|  0.373 us|   29|   29|  dataflow|
    +---------+---------+----------+----------+-----+-----+----------+

    + Detail: 
        * Instance: 
        +-------------+----------+---------+---------+----------+----------+-----+-----+---------+
        |             |          |  Latency (cycles) |  Latency (absolute) |  Interval | Pipeline|
        |   Instance  |  Module  |   min   |   max   |    min   |    max   | min | max |   Type  |
        +-------------+----------+---------+---------+----------+----------+-----+-----+---------+
        |proc_2_1_U0  |proc_2_1  |       28|       28|  0.373 us|  0.373 us|   28|   28|       no|
        |proc_2_2_U0  |proc_2_2  |       12|       12|  0.160 us|  0.160 us|   12|   12|       no|
        +-------------+----------+---------+---------+----------+----------+-----+-----+---------+

        * Loop: 
        N/A



================================================================
== Utilization Estimates
================================================================
* Summary: 
+-----------------+---------+------+--------+--------+-----+
|       Name      | BRAM_18K|  DSP |   FF   |   LUT  | URAM|
+-----------------+---------+------+--------+--------+-----+
|DSP              |        -|     -|       -|       -|    -|
|Expression       |        -|     -|       0|       2|    -|
|FIFO             |        -|     -|     198|     135|    -|
|Instance         |        -|     -|      62|     414|    -|
|Memory           |        -|     -|       -|       -|    -|
|Multiplexer      |        -|     -|       -|       -|    -|
|Register         |        -|     -|       -|       -|    -|
+-----------------+---------+------+--------+--------+-----+
|Total            |        0|     0|     260|     551|    0|
+-----------------+---------+------+--------+--------+-----+
|Available        |     1590|  1260|  728400|  364200|    0|
+-----------------+---------+------+--------+--------+-----+
|Utilization (%)  |        0|     0|      ~0|      ~0|    0|
+-----------------+---------+------+--------+--------+-----+

+ Detail: 
    * Instance: 
    +-------------+----------+---------+----+----+-----+-----+
    |   Instance  |  Module  | BRAM_18K| DSP| FF | LUT | URAM|
    +-------------+----------+---------+----+----+-----+-----+
    |proc_2_1_U0  |proc_2_1  |        0|   0|  55|  282|    0|
    |proc_2_2_U0  |proc_2_2  |        0|   0|   7|  132|    0|
    +-------------+----------+---------+----+----+-----+-----+
    |Total        |          |        0|   0|  62|  414|    0|
    +-------------+----------+---------+----+----+-----+-----+

    * DSP: 
    N/A

    * Memory: 
    N/A

    * FIFO: 
    +-----------------+---------+----+----+-----+------+-----+---------+
    |       Name      | BRAM_18K| FF | LUT| URAM| Depth| Bits| Size:D*B|
    +-----------------+---------+----+----+-----+------+-----+---------+
    |data_channel1_U  |        0|  99|   0|    -|    10|   32|      320|
    |data_channel2_U  |        0|  99|   0|    -|     2|   32|       64|
    +-----------------+---------+----+----+-----+------+-----+---------+
    |Total            |        0| 198|   0|    0|    12|   64|      384|
    +-----------------+---------+----+----+-----+------+-----+---------+

    * Expression: 
    +--------------+----------+----+---+----+------------+------------+
    | Variable Name| Operation| DSP| FF| LUT| Bitwidth P0| Bitwidth P1|
    +--------------+----------+----+---+----+------------+------------+
    |ap_idle       |       and|   0|  0|   2|           1|           1|
    +--------------+----------+----+---+----+------------+------------+
    |Total         |          |   0|  0|   2|           1|           1|
    +--------------+----------+----+---+----+------------+------------+

    * Multiplexer: 
    N/A

    * Register: 
    N/A



================================================================
== Interface
================================================================
* Summary: 
+------------------------+-----+-----+------------+----------------+--------------+
|        RTL Ports       | Dir | Bits|  Protocol  |  Source Object |    C Type    |
+------------------------+-----+-----+------------+----------------+--------------+
|data_channel12_dout     |   in|   32|     ap_fifo|  data_channel12|       pointer|
|data_channel12_empty_n  |   in|    1|     ap_fifo|  data_channel12|       pointer|
|data_channel12_read     |  out|    1|     ap_fifo|  data_channel12|       pointer|
|data_channel23_dout     |   in|   32|     ap_fifo|  data_channel23|       pointer|
|data_channel23_empty_n  |   in|    1|     ap_fifo|  data_channel23|       pointer|
|data_channel23_read     |  out|    1|     ap_fifo|  data_channel23|       pointer|
|B1_din                  |  out|   32|     ap_fifo|              B1|       pointer|
|B1_full_n               |   in|    1|     ap_fifo|              B1|       pointer|
|B1_write                |  out|    1|     ap_fifo|              B1|       pointer|
|ap_clk                  |   in|    1|  ap_ctrl_hs|          proc_2|  return value|
|ap_rst                  |   in|    1|  ap_ctrl_hs|          proc_2|  return value|
|ap_start                |   in|    1|  ap_ctrl_hs|          proc_2|  return value|
|ap_done                 |  out|    1|  ap_ctrl_hs|          proc_2|  return value|
|ap_ready                |  out|    1|  ap_ctrl_hs|          proc_2|  return value|
|ap_idle                 |  out|    1|  ap_ctrl_hs|          proc_2|  return value|
|ap_continue             |   in|    1|  ap_ctrl_hs|          proc_2|  return value|
+------------------------+-----+-----+------------+----------------+--------------+

