

================================================================
== Vitis HLS Report for 'blockmatmul_Pipeline_1'
================================================================
* Date:           Tue Apr 11 22:26:41 2023

* Version:        2022.1 (Build 3526262 on Mon Apr 18 15:48:16 MDT 2022)
* Project:        LabB
* Solution:       solution1 (Vivado IP Flow Target)
* Product family: zynq
* Target device:  xc7z020-clg400-1


================================================================
== Performance Estimates
================================================================
+ Timing: 
    * Summary: 
    +--------+----------+----------+------------+
    |  Clock |  Target  | Estimated| Uncertainty|
    +--------+----------+----------+------------+
    |ap_clk  |  10.00 ns|  3.686 ns|     2.70 ns|
    +--------+----------+----------+------------+

+ Latency: 
    * Summary: 
    +---------+---------+----------+----------+-----+-----+---------+
    |  Latency (cycles) |  Latency (absolute) |  Interval | Pipeline|
    |   min   |   max   |    min   |    max   | min | max |   Type  |
    +---------+---------+----------+----------+-----+-----+---------+
    |       18|       18|  0.180 us|  0.180 us|   18|   18|       no|
    +---------+---------+----------+----------+-----+-----+---------+

    + Detail: 
        * Instance: 
        N/A

        * Loop: 
        +----------+---------+---------+----------+-----------+-----------+------+----------+
        |          |  Latency (cycles) | Iteration|  Initiation Interval  | Trip |          |
        | Loop Name|   min   |   max   |  Latency |  achieved |   target  | Count| Pipelined|
        +----------+---------+---------+----------+-----------+-----------+------+----------+
        |- Loop 1  |       16|       16|         1|          1|          1|    16|       yes|
        +----------+---------+---------+----------+-----------+-----------+------+----------+

============================================================
+ Verbose Summary: Synthesis Manager
============================================================
InlineROM: 1
ExposeGlobal: 0
============================================================
+ Verbose Summary: CDFG Model
============================================================
IsTopModel: 0
ResetActiveHigh: 1
IsCombinational: 0
IsDatapathOnly: 0
HasWiredReturn: 1
HasMFsm: 2
HasVarLatency: 1
IsPipeline: 0
IsRtlPipelined: 0
IsInstanceOverlapped: 0
IsDontTouch: 0
HasImplIP: 0
IsGatedGlobalClock: 0

+ Individual pipeline summary: 
  * Pipeline-0: initiation interval (II) = 1, depth = 1


============================================================
+ Verbose Summary: Schedule
============================================================
* Number of FSM states : 1
* Pipeline : 1
  Pipeline-0 : II = 1, D = 1, States = { 1 }
* Dataflow Pipeline: 0

* FSM state transitions: 
1 --> 

* FSM state operations: 

State 1 <SV = 0> <Delay = 3.68>
ST_1 : Operation 4 [1/1] (0.00ns)   --->   "%empty = alloca i32 1"   --->   Operation 4 'alloca' 'empty' <Predicate = true> <Delay = 0.00>
ST_1 : Operation 5 [1/1] (1.58ns)   --->   "%store_ln0 = store i5 0, i5 %empty"   --->   Operation 5 'store' 'store_ln0' <Predicate = true> <Delay = 1.58>
ST_1 : Operation 6 [1/1] (0.00ns)   --->   "%br_ln0 = br void %memset.loop"   --->   Operation 6 'br' 'br_ln0' <Predicate = true> <Delay = 0.00>
ST_1 : Operation 7 [1/1] (0.00ns)   --->   "%p_load = load i5 %empty"   --->   Operation 7 'load' 'p_load' <Predicate = true> <Delay = 0.00>
ST_1 : Operation 8 [1/1] (0.00ns)   --->   "%specpipeline_ln0 = specpipeline void @_ssdm_op_SpecPipeline, i32 4294967295, i32 0, i32 1, i32 0, void @p_str"   --->   Operation 8 'specpipeline' 'specpipeline_ln0' <Predicate = true> <Delay = 0.00>
ST_1 : Operation 9 [1/1] (1.36ns)   --->   "%exitcond448 = icmp_eq  i5 %p_load, i5 16"   --->   Operation 9 'icmp' 'exitcond448' <Predicate = true> <Delay = 1.36> <CoreInst = "Cmp">   --->   Core 9 'Cmp' <Latency = 0> <II = 1> <Delay = 1.36> <FuncUnit> <Opcode : 'icmp'> <InPorts = 2> <OutPorts = 1>
ST_1 : Operation 10 [1/1] (0.00ns)   --->   "%empty_12 = speclooptripcount i32 @_ssdm_op_SpecLoopTripCount, i64 16, i64 16, i64 16"   --->   Operation 10 'speclooptripcount' 'empty_12' <Predicate = true> <Delay = 0.00>
ST_1 : Operation 11 [1/1] (1.78ns)   --->   "%empty_13 = add i5 %p_load, i5 1"   --->   Operation 11 'add' 'empty_13' <Predicate = true> <Delay = 1.78> <CoreInst = "Adder">   --->   Core 1 'Adder' <Latency = 0> <II = 1> <Delay = 1.78> <FuncUnit> <Opcode : 'add' 'sub'> <InPorts = 2> <OutPorts = 1>
ST_1 : Operation 12 [1/1] (0.00ns)   --->   "%br_ln0 = br i1 %exitcond448, void %memset.loop.split, void %split.exitStub"   --->   Operation 12 'br' 'br_ln0' <Predicate = true> <Delay = 0.00>
ST_1 : Operation 13 [1/1] (0.00ns)   --->   "%empty_14 = trunc i5 %p_load"   --->   Operation 13 'trunc' 'empty_14' <Predicate = (!exitcond448)> <Delay = 0.00>
ST_1 : Operation 14 [1/1] (0.00ns)   --->   "%tmp_cast = zext i4 %empty_14"   --->   Operation 14 'zext' 'tmp_cast' <Predicate = (!exitcond448)> <Delay = 0.00>
ST_1 : Operation 15 [1/1] (0.00ns)   --->   "%AB_addr = getelementptr i32 %AB, i64 0, i64 %tmp_cast"   --->   Operation 15 'getelementptr' 'AB_addr' <Predicate = (!exitcond448)> <Delay = 0.00>
ST_1 : Operation 16 [1/1] (2.32ns)   --->   "%store_ln0 = store i32 0, i4 %AB_addr"   --->   Operation 16 'store' 'store_ln0' <Predicate = (!exitcond448)> <Delay = 2.32> <CoreInst = "RAM">   --->   Core 82 'RAM' <Latency = 1> <II = 1> <Delay = 2.32> <Storage> <Opcode : 'load' 'store'> <Ports = 2> <Width = 32> <Depth = 16> <RAM>
ST_1 : Operation 17 [1/1] (1.58ns)   --->   "%store_ln0 = store i5 %empty_13, i5 %empty"   --->   Operation 17 'store' 'store_ln0' <Predicate = (!exitcond448)> <Delay = 1.58>
ST_1 : Operation 18 [1/1] (0.00ns)   --->   "%br_ln0 = br void %memset.loop"   --->   Operation 18 'br' 'br_ln0' <Predicate = (!exitcond448)> <Delay = 0.00>
ST_1 : Operation 19 [1/1] (0.00ns)   --->   "%ret_ln0 = ret"   --->   Operation 19 'ret' 'ret_ln0' <Predicate = (exitcond448)> <Delay = 0.00>


============================================================
+ Verbose Summary: Binding
============================================================
STG Binding: 
---------------- STG Properties BEGIN ----------------
- Is combinational: 0
- Is one-state seq: 0
- Is datapath-only: 0
- Is pipelined: 0
- Is top level: 0
Port [ Return ] is wired: 1; IO mode=ap_ctrl_hs:ce=0
Port [ AB]:  wired=1; compound=1; hidden=0; nouse=0; global=0; static=0; extern=0; dir=1; type=1; pingpong=0; private_global=0; MemPort=[03]; IO mode=ap_memory:ce=0
---------------- STG Properties END ------------------

---------------- Datapath Model BEGIN ----------------

<LifeTime>
<method=bitvector/>
empty            (alloca           ) [ 01]
store_ln0        (store            ) [ 00]
br_ln0           (br               ) [ 00]
p_load           (load             ) [ 00]
specpipeline_ln0 (specpipeline     ) [ 00]
exitcond448      (icmp             ) [ 01]
empty_12         (speclooptripcount) [ 00]
empty_13         (add              ) [ 00]
br_ln0           (br               ) [ 00]
empty_14         (trunc            ) [ 00]
tmp_cast         (zext             ) [ 00]
AB_addr          (getelementptr    ) [ 00]
store_ln0        (store            ) [ 00]
store_ln0        (store            ) [ 00]
br_ln0           (br               ) [ 00]
ret_ln0          (ret              ) [ 00]
</LifeTime>

<model>

<comp_list>
<comp id="0" class="1000" name="AB">
<pin_list>
<pin id="1" dir="1" index="0" bw="1" slack="0"/>
</pin_list>
<bind>
<StgValue><ssdm name="AB"/><MemPortTyVec>0 3 </MemPortTyVec>
</StgValue>
</bind>
</comp>

<comp id="2" class="1001" name="const_2">
<pin_list>
<pin id="3" dir="1" index="0" bw="1" slack="0"/>
</pin_list>
<bind>
<StgValue><ssdm name=""/></StgValue>
</bind>
</comp>

<comp id="4" class="1001" name="const_4">
<pin_list>
<pin id="5" dir="1" index="0" bw="1" slack="0"/>
</pin_list>
<bind>
<StgValue><ssdm name=""/></StgValue>
</bind>
</comp>

<comp id="6" class="1001" name="const_6">
<pin_list>
<pin id="7" dir="1" index="0" bw="1" slack="2147483647"/>
</pin_list>
<bind>
<StgValue><ssdm name="_ssdm_op_SpecPipeline"/></StgValue>
</bind>
</comp>

<comp id="8" class="1001" name="const_8">
<pin_list>
<pin id="9" dir="1" index="0" bw="1" slack="2147483647"/>
</pin_list>
<bind>
<StgValue><ssdm name=""/></StgValue>
</bind>
</comp>

<comp id="10" class="1001" name="const_10">
<pin_list>
<pin id="11" dir="1" index="0" bw="1" slack="0"/>
</pin_list>
<bind>
<StgValue><ssdm name=""/></StgValue>
</bind>
</comp>

<comp id="12" class="1001" name="const_12">
<pin_list>
<pin id="13" dir="1" index="0" bw="1" slack="2147483647"/>
</pin_list>
<bind>
<StgValue><ssdm name="p_str"/></StgValue>
</bind>
</comp>

<comp id="14" class="1001" name="const_14">
<pin_list>
<pin id="15" dir="1" index="0" bw="1" slack="0"/>
</pin_list>
<bind>
<StgValue><ssdm name=""/></StgValue>
</bind>
</comp>

<comp id="16" class="1001" name="const_16">
<pin_list>
<pin id="17" dir="1" index="0" bw="1" slack="2147483647"/>
</pin_list>
<bind>
<StgValue><ssdm name="_ssdm_op_SpecLoopTripCount"/></StgValue>
</bind>
</comp>

<comp id="18" class="1001" name="const_18">
<pin_list>
<pin id="19" dir="1" index="0" bw="1" slack="2147483647"/>
</pin_list>
<bind>
<StgValue><ssdm name=""/></StgValue>
</bind>
</comp>

<comp id="20" class="1001" name="const_20">
<pin_list>
<pin id="21" dir="1" index="0" bw="1" slack="0"/>
</pin_list>
<bind>
<StgValue><ssdm name=""/></StgValue>
</bind>
</comp>

<comp id="22" class="1001" name="const_22">
<pin_list>
<pin id="23" dir="1" index="0" bw="1" slack="0"/>
</pin_list>
<bind>
<StgValue><ssdm name=""/></StgValue>
</bind>
</comp>

<comp id="24" class="1004" name="empty_fu_24">
<pin_list>
<pin id="25" dir="0" index="0" bw="1" slack="0"/>
<pin id="26" dir="1" index="1" bw="5" slack="0"/>
</pin_list>
<bind>
<opcode="alloca(26) " fcode="alloca"/>
<opset="empty/1 "/>
</bind>
</comp>

<comp id="28" class="1004" name="AB_addr_gep_fu_28">
<pin_list>
<pin id="29" dir="0" index="0" bw="32" slack="0"/>
<pin id="30" dir="0" index="1" bw="1" slack="0"/>
<pin id="31" dir="0" index="2" bw="4" slack="0"/>
<pin id="32" dir="1" index="3" bw="4" slack="0"/>
</pin_list>
<bind>
<opcode="getelementptr(29) " fcode="getelementptr"/>
<opset="AB_addr/1 "/>
</bind>
</comp>

<comp id="35" class="1004" name="store_ln0_access_fu_35">
<pin_list>
<pin id="36" dir="0" index="0" bw="4" slack="0"/>
<pin id="37" dir="0" index="1" bw="32" slack="0"/>
<pin id="38" dir="0" index="2" bw="0" slack="2147483647"/>
<pin id="39" dir="1" index="3" bw="32" slack="2147483647"/>
</pin_list>
<bind>
<opcode="store(28) " fcode="store"/>
<opset="store_ln0/1 "/>
</bind>
</comp>

<comp id="42" class="1004" name="store_ln0_store_fu_42">
<pin_list>
<pin id="43" dir="0" index="0" bw="1" slack="0"/>
<pin id="44" dir="0" index="1" bw="5" slack="0"/>
<pin id="45" dir="1" index="2" bw="0" slack="2147483647"/>
</pin_list>
<bind>
<opcode="store(28) " fcode="store"/>
<opset="store_ln0/1 "/>
</bind>
</comp>

<comp id="47" class="1004" name="p_load_load_fu_47">
<pin_list>
<pin id="48" dir="0" index="0" bw="5" slack="0"/>
<pin id="49" dir="1" index="1" bw="5" slack="0"/>
</pin_list>
<bind>
<opcode="load(27) " fcode="load"/>
<opset="p_load/1 "/>
</bind>
</comp>

<comp id="50" class="1004" name="exitcond448_fu_50">
<pin_list>
<pin id="51" dir="0" index="0" bw="5" slack="0"/>
<pin id="52" dir="0" index="1" bw="5" slack="0"/>
<pin id="53" dir="1" index="2" bw="1" slack="2147483647"/>
</pin_list>
<bind>
<opcode="icmp(45) " fcode="icmp"/>
<opset="exitcond448/1 "/>
</bind>
</comp>

<comp id="56" class="1004" name="empty_13_fu_56">
<pin_list>
<pin id="57" dir="0" index="0" bw="5" slack="0"/>
<pin id="58" dir="0" index="1" bw="1" slack="0"/>
<pin id="59" dir="1" index="2" bw="5" slack="0"/>
</pin_list>
<bind>
<opcode="add(8) " fcode="add"/>
<opset="empty_13/1 "/>
</bind>
</comp>

<comp id="62" class="1004" name="empty_14_fu_62">
<pin_list>
<pin id="63" dir="0" index="0" bw="5" slack="0"/>
<pin id="64" dir="1" index="1" bw="4" slack="0"/>
</pin_list>
<bind>
<opcode="trunc(33) " fcode="trunc"/>
<opset="empty_14/1 "/>
</bind>
</comp>

<comp id="66" class="1004" name="tmp_cast_fu_66">
<pin_list>
<pin id="67" dir="0" index="0" bw="4" slack="0"/>
<pin id="68" dir="1" index="1" bw="64" slack="0"/>
</pin_list>
<bind>
<opcode="zext(34) " fcode="zext"/>
<opset="tmp_cast/1 "/>
</bind>
</comp>

<comp id="71" class="1004" name="store_ln0_store_fu_71">
<pin_list>
<pin id="72" dir="0" index="0" bw="5" slack="0"/>
<pin id="73" dir="0" index="1" bw="5" slack="0"/>
<pin id="74" dir="1" index="2" bw="0" slack="2147483647"/>
</pin_list>
<bind>
<opcode="store(28) " fcode="store"/>
<opset="store_ln0/1 "/>
</bind>
</comp>

<comp id="76" class="1005" name="empty_reg_76">
<pin_list>
<pin id="77" dir="0" index="0" bw="5" slack="0"/>
<pin id="78" dir="1" index="1" bw="5" slack="0"/>
</pin_list>
<bind>
<opset="empty "/>
</bind>
</comp>

</comp_list>

<net_list>
<net id="27"><net_src comp="2" pin="0"/><net_sink comp="24" pin=0"/></net>

<net id="33"><net_src comp="0" pin="0"/><net_sink comp="28" pin=0"/></net>

<net id="34"><net_src comp="22" pin="0"/><net_sink comp="28" pin=1"/></net>

<net id="40"><net_src comp="10" pin="0"/><net_sink comp="35" pin=1"/></net>

<net id="41"><net_src comp="28" pin="3"/><net_sink comp="35" pin=0"/></net>

<net id="46"><net_src comp="4" pin="0"/><net_sink comp="42" pin=0"/></net>

<net id="54"><net_src comp="47" pin="1"/><net_sink comp="50" pin=0"/></net>

<net id="55"><net_src comp="14" pin="0"/><net_sink comp="50" pin=1"/></net>

<net id="60"><net_src comp="47" pin="1"/><net_sink comp="56" pin=0"/></net>

<net id="61"><net_src comp="20" pin="0"/><net_sink comp="56" pin=1"/></net>

<net id="65"><net_src comp="47" pin="1"/><net_sink comp="62" pin=0"/></net>

<net id="69"><net_src comp="62" pin="1"/><net_sink comp="66" pin=0"/></net>

<net id="70"><net_src comp="66" pin="1"/><net_sink comp="28" pin=2"/></net>

<net id="75"><net_src comp="56" pin="2"/><net_sink comp="71" pin=0"/></net>

<net id="79"><net_src comp="24" pin="1"/><net_sink comp="76" pin=0"/></net>

<net id="80"><net_src comp="76" pin="1"/><net_sink comp="42" pin=1"/></net>

<net id="81"><net_src comp="76" pin="1"/><net_sink comp="47" pin=0"/></net>

<net id="82"><net_src comp="76" pin="1"/><net_sink comp="71" pin=1"/></net>

</net_list>

</model> 
---------------- Datapath Model END ------------------

* FSMD analyzer results:
  - Output states:
	Port: AB | {1 }
 - Input state : 
  - Chain level:
	State 1
		store_ln0 : 1
		p_load : 1
		exitcond448 : 2
		empty_13 : 2
		br_ln0 : 3
		empty_14 : 2
		tmp_cast : 3
		AB_addr : 4
		store_ln0 : 5
		store_ln0 : 3


============================================================
+ Verbose Summary: Datapath Resource usage 
============================================================

* Functional unit list:
|----------|-------------------|---------|---------|
| Operation|  Functional Unit  |    FF   |   LUT   |
|----------|-------------------|---------|---------|
|    add   |   empty_13_fu_56  |    0    |    13   |
|----------|-------------------|---------|---------|
|   icmp   | exitcond448_fu_50 |    0    |    9    |
|----------|-------------------|---------|---------|
|   trunc  |   empty_14_fu_62  |    0    |    0    |
|----------|-------------------|---------|---------|
|   zext   |   tmp_cast_fu_66  |    0    |    0    |
|----------|-------------------|---------|---------|
|   Total  |                   |    0    |    22   |
|----------|-------------------|---------|---------|

Memories:
N/A

* Register list:
+------------+--------+
|            |   FF   |
+------------+--------+
|empty_reg_76|    5   |
+------------+--------+
|    Total   |    5   |
+------------+--------+

* Multiplexer (MUX) list: 
|--------|------|------|------|--------|
|  Comp  |  Pin | Size |  BW  | S x BW |
|--------|------|------|------|--------|
|  Total |      |      |      |    0   |
|--------|------|------|------|--------|



* Summary:
+-----------+--------+--------+
|           |   FF   |   LUT  |
+-----------+--------+--------+
|  Function |    0   |   22   |
|   Memory  |    -   |    -   |
|Multiplexer|    -   |    -   |
|  Register |    5   |    -   |
+-----------+--------+--------+
|   Total   |    5   |   22   |
+-----------+--------+--------+
