

================================================================
== Vitis HLS Report for 'Loop_writeoutput_proc'
================================================================
* Date:           Wed Apr 12 06:48:24 2023

* Version:        2022.1 (Build 3526262 on Mon Apr 18 15:48:16 MDT 2022)
* Project:        LabB
* Solution:       solution3 (Vivado IP Flow Target)
* Product family: zynq
* Target device:  xc7z020-clg400-1


================================================================
== Performance Estimates
================================================================
+ Timing: 
    * Summary: 
    +--------+----------+----------+------------+
    |  Clock |  Target  | Estimated| Uncertainty|
    +--------+----------+----------+------------+
    |ap_clk  |  10.00 ns|  5.947 ns|     2.70 ns|
    +--------+----------+----------+------------+

+ Latency: 
    * Summary: 
    +---------+---------+----------+----------+-----+-----+---------+
    |  Latency (cycles) |  Latency (absolute) |  Interval | Pipeline|
    |   min   |   max   |    min   |    max   | min | max |   Type  |
    +---------+---------+----------+----------+-----+-----+---------+
    |      259|      259|  2.590 us|  2.590 us|  259|  259|       no|
    +---------+---------+----------+----------+-----+-----+---------+

    + Detail: 
        * Instance: 
        N/A

        * Loop: 
        +-------------------------------+---------+---------+----------+-----------+-----------+------+----------+
        |                               |  Latency (cycles) | Iteration|  Initiation Interval  | Trip |          |
        |           Loop Name           |   min   |   max   |  Latency |  achieved |   target  | Count| Pipelined|
        +-------------------------------+---------+---------+----------+-----------+-----------+------+----------+
        |- writeoutput_VITIS_LOOP_34_2  |      257|      257|         3|          1|          1|   256|       yes|
        +-------------------------------+---------+---------+----------+-----------+-----------+------+----------+

============================================================
+ Verbose Summary: Synthesis Manager
============================================================
InlineROM: 1
ExposeGlobal: 0
============================================================
+ Verbose Summary: CDFG Model
============================================================
IsTopModel: 0
ResetActiveHigh: 1
IsCombinational: 2
IsDatapathOnly: 0
HasWiredReturn: 1
HasMFsm: 2
HasVarLatency: 1
IsPipeline: 0
IsRtlPipelined: 0
IsInstanceOverlapped: 0
IsDontTouch: 0
HasImplIP: 0
IsGatedGlobalClock: 0

+ Individual pipeline summary: 
  * Pipeline-0: initiation interval (II) = 1, depth = 3


============================================================
+ Verbose Summary: Schedule
============================================================
* Number of FSM states : 3
* Pipeline : 1
  Pipeline-0 : II = 1, D = 3, States = { 1 2 3 }
* Dataflow Pipeline: 0

* FSM state transitions: 
1 --> 2 
2 --> 3 
3 --> 

* FSM state operations: 

State 1 <SV = 0> <Delay = 5.94>
ST_1 : Operation 6 [1/1] (0.00ns)   --->   "%j = alloca i32 1"   --->   Operation 6 'alloca' 'j' <Predicate = true> <Delay = 0.00>
ST_1 : Operation 7 [1/1] (0.00ns)   --->   "%i = alloca i32 1"   --->   Operation 7 'alloca' 'i' <Predicate = true> <Delay = 0.00>
ST_1 : Operation 8 [1/1] (0.00ns)   --->   "%indvar_flatten = alloca i32 1"   --->   Operation 8 'alloca' 'indvar_flatten' <Predicate = true> <Delay = 0.00>
ST_1 : Operation 9 [1/1] (0.00ns)   --->   "%specinterface_ln0 = specinterface void @_ssdm_op_SpecInterface, i32 %ABpartial, void @empty_1, i32 0, i32 0, void @empty, i32 4294967295, i32 0, void @empty, void @empty, void @empty, i32 0, i32 0, i32 0, i32 0, void @empty, void @empty, i32 4294967295, i32 0"   --->   Operation 9 'specinterface' 'specinterface_ln0' <Predicate = true> <Delay = 0.00>
ST_1 : Operation 10 [1/1] (1.58ns)   --->   "%store_ln0 = store i9 0, i9 %indvar_flatten"   --->   Operation 10 'store' 'store_ln0' <Predicate = true> <Delay = 1.58>
ST_1 : Operation 11 [1/1] (1.58ns)   --->   "%store_ln0 = store i5 0, i5 %i"   --->   Operation 11 'store' 'store_ln0' <Predicate = true> <Delay = 1.58>
ST_1 : Operation 12 [1/1] (1.58ns)   --->   "%store_ln0 = store i5 0, i5 %j"   --->   Operation 12 'store' 'store_ln0' <Predicate = true> <Delay = 1.58>
ST_1 : Operation 13 [1/1] (0.00ns)   --->   "%br_ln0 = br void %for.inc69"   --->   Operation 13 'br' 'br_ln0' <Predicate = true> <Delay = 0.00>
ST_1 : Operation 14 [1/1] (0.00ns)   --->   "%indvar_flatten_load = load i9 %indvar_flatten" [LabB/BlockMatrix_design.cpp:33]   --->   Operation 14 'load' 'indvar_flatten_load' <Predicate = true> <Delay = 0.00>
ST_1 : Operation 15 [1/1] (0.00ns)   --->   "%specpipeline_ln0 = specpipeline void @_ssdm_op_SpecPipeline, i32 4294967295, i32 0, i32 1, i32 0, void @p_str"   --->   Operation 15 'specpipeline' 'specpipeline_ln0' <Predicate = true> <Delay = 0.00>
ST_1 : Operation 16 [1/1] (1.66ns)   --->   "%icmp_ln33 = icmp_eq  i9 %indvar_flatten_load, i9 256" [LabB/BlockMatrix_design.cpp:33]   --->   Operation 16 'icmp' 'icmp_ln33' <Predicate = true> <Delay = 1.66> <CoreInst = "Cmp">   --->   Core 9 'Cmp' <Latency = 0> <II = 1> <Delay = 1.66> <FuncUnit> <Opcode : 'icmp'> <InPorts = 2> <OutPorts = 1>
ST_1 : Operation 17 [1/1] (1.82ns)   --->   "%add_ln33_1 = add i9 %indvar_flatten_load, i9 1" [LabB/BlockMatrix_design.cpp:33]   --->   Operation 17 'add' 'add_ln33_1' <Predicate = true> <Delay = 1.82> <CoreInst = "Adder">   --->   Core 1 'Adder' <Latency = 0> <II = 1> <Delay = 1.82> <FuncUnit> <Opcode : 'add' 'sub'> <InPorts = 2> <OutPorts = 1>
ST_1 : Operation 18 [1/1] (0.00ns)   --->   "%br_ln33 = br i1 %icmp_ln33, void %for.inc72, void %for.end74.exitStub" [LabB/BlockMatrix_design.cpp:33]   --->   Operation 18 'br' 'br_ln33' <Predicate = true> <Delay = 0.00>
ST_1 : Operation 19 [1/1] (0.00ns)   --->   "%j_load = load i5 %j" [LabB/BlockMatrix_design.cpp:34]   --->   Operation 19 'load' 'j_load' <Predicate = (!icmp_ln33)> <Delay = 0.00>
ST_1 : Operation 20 [1/1] (0.00ns)   --->   "%i_load = load i5 %i" [LabB/BlockMatrix_design.cpp:33]   --->   Operation 20 'load' 'i_load' <Predicate = (!icmp_ln33)> <Delay = 0.00>
ST_1 : Operation 21 [1/1] (1.78ns)   --->   "%add_ln33 = add i5 %i_load, i5 1" [LabB/BlockMatrix_design.cpp:33]   --->   Operation 21 'add' 'add_ln33' <Predicate = (!icmp_ln33)> <Delay = 1.78> <CoreInst = "Adder">   --->   Core 1 'Adder' <Latency = 0> <II = 1> <Delay = 1.78> <FuncUnit> <Opcode : 'add' 'sub'> <InPorts = 2> <OutPorts = 1>
ST_1 : Operation 22 [1/1] (1.36ns)   --->   "%icmp_ln34 = icmp_eq  i5 %j_load, i5 16" [LabB/BlockMatrix_design.cpp:34]   --->   Operation 22 'icmp' 'icmp_ln34' <Predicate = (!icmp_ln33)> <Delay = 1.36> <CoreInst = "Cmp">   --->   Core 9 'Cmp' <Latency = 0> <II = 1> <Delay = 1.36> <FuncUnit> <Opcode : 'icmp'> <InPorts = 2> <OutPorts = 1>
ST_1 : Operation 23 [1/1] (1.21ns)   --->   "%select_ln33 = select i1 %icmp_ln34, i5 0, i5 %j_load" [LabB/BlockMatrix_design.cpp:33]   --->   Operation 23 'select' 'select_ln33' <Predicate = (!icmp_ln33)> <Delay = 1.21> <CoreInst = "Sel">   --->   Core 73 'Sel' <Latency = 0> <II = 1> <Delay = 1.21> <FuncUnit> <Opcode : 'select'> <InPorts = 3> <OutPorts = 1>
ST_1 : Operation 24 [1/1] (1.21ns)   --->   "%select_ln33_1 = select i1 %icmp_ln34, i5 %add_ln33, i5 %i_load" [LabB/BlockMatrix_design.cpp:33]   --->   Operation 24 'select' 'select_ln33_1' <Predicate = (!icmp_ln33)> <Delay = 1.21> <CoreInst = "Sel">   --->   Core 73 'Sel' <Latency = 0> <II = 1> <Delay = 1.21> <FuncUnit> <Opcode : 'select'> <InPorts = 3> <OutPorts = 1>
ST_1 : Operation 25 [1/1] (0.00ns)   --->   "%trunc_ln35 = trunc i5 %select_ln33_1" [LabB/BlockMatrix_design.cpp:35]   --->   Operation 25 'trunc' 'trunc_ln35' <Predicate = (!icmp_ln33)> <Delay = 0.00>
ST_1 : Operation 26 [1/1] (0.00ns)   --->   "%trunc_ln33 = trunc i5 %add_ln33" [LabB/BlockMatrix_design.cpp:33]   --->   Operation 26 'trunc' 'trunc_ln33' <Predicate = (!icmp_ln33)> <Delay = 0.00>
ST_1 : Operation 27 [1/1] (0.00ns)   --->   "%trunc_ln33_1 = trunc i5 %i_load" [LabB/BlockMatrix_design.cpp:33]   --->   Operation 27 'trunc' 'trunc_ln33_1' <Predicate = (!icmp_ln33)> <Delay = 0.00>
ST_1 : Operation 28 [1/1] (1.02ns)   --->   "%select_ln33_3 = select i1 %icmp_ln34, i4 %trunc_ln33, i4 %trunc_ln33_1" [LabB/BlockMatrix_design.cpp:33]   --->   Operation 28 'select' 'select_ln33_3' <Predicate = (!icmp_ln33)> <Delay = 1.02> <CoreInst = "Sel">   --->   Core 73 'Sel' <Latency = 0> <II = 1> <Delay = 1.02> <FuncUnit> <Opcode : 'select'> <InPorts = 3> <OutPorts = 1>
ST_1 : Operation 29 [1/1] (0.00ns)   --->   "%zext_ln33 = zext i4 %select_ln33_3" [LabB/BlockMatrix_design.cpp:33]   --->   Operation 29 'zext' 'zext_ln33' <Predicate = (!icmp_ln33)> <Delay = 0.00>
ST_1 : Operation 30 [1/1] (0.00ns)   --->   "%AB_addr = getelementptr i32 %AB, i64 0, i64 %zext_ln33" [LabB/BlockMatrix_design.cpp:35]   --->   Operation 30 'getelementptr' 'AB_addr' <Predicate = (!icmp_ln33)> <Delay = 0.00>
ST_1 : Operation 31 [2/2] (2.32ns)   --->   "%AB_load = load i4 %AB_addr" [LabB/BlockMatrix_design.cpp:33]   --->   Operation 31 'load' 'AB_load' <Predicate = (!icmp_ln33)> <Delay = 2.32> <CoreInst = "RAM">   --->   Core 82 'RAM' <Latency = 1> <II = 1> <Delay = 2.32> <Storage> <Opcode : 'load' 'store'> <Ports = 2> <Width = 32> <Depth = 16> <RAM>
ST_1 : Operation 32 [1/1] (0.00ns)   --->   "%AB_1_addr = getelementptr i32 %AB_1, i64 0, i64 %zext_ln33" [LabB/BlockMatrix_design.cpp:35]   --->   Operation 32 'getelementptr' 'AB_1_addr' <Predicate = (!icmp_ln33)> <Delay = 0.00>
ST_1 : Operation 33 [2/2] (2.32ns)   --->   "%AB_1_load = load i4 %AB_1_addr" [LabB/BlockMatrix_design.cpp:33]   --->   Operation 33 'load' 'AB_1_load' <Predicate = (!icmp_ln33)> <Delay = 2.32> <CoreInst = "RAM">   --->   Core 82 'RAM' <Latency = 1> <II = 1> <Delay = 2.32> <Storage> <Opcode : 'load' 'store'> <Ports = 2> <Width = 32> <Depth = 16> <RAM>
ST_1 : Operation 34 [1/1] (0.00ns)   --->   "%AB_2_addr = getelementptr i32 %AB_2, i64 0, i64 %zext_ln33" [LabB/BlockMatrix_design.cpp:35]   --->   Operation 34 'getelementptr' 'AB_2_addr' <Predicate = (!icmp_ln33)> <Delay = 0.00>
ST_1 : Operation 35 [2/2] (2.32ns)   --->   "%AB_2_load = load i4 %AB_2_addr" [LabB/BlockMatrix_design.cpp:33]   --->   Operation 35 'load' 'AB_2_load' <Predicate = (!icmp_ln33)> <Delay = 2.32> <CoreInst = "RAM">   --->   Core 82 'RAM' <Latency = 1> <II = 1> <Delay = 2.32> <Storage> <Opcode : 'load' 'store'> <Ports = 2> <Width = 32> <Depth = 16> <RAM>
ST_1 : Operation 36 [1/1] (0.00ns)   --->   "%AB_3_addr = getelementptr i32 %AB_3, i64 0, i64 %zext_ln33" [LabB/BlockMatrix_design.cpp:35]   --->   Operation 36 'getelementptr' 'AB_3_addr' <Predicate = (!icmp_ln33)> <Delay = 0.00>
ST_1 : Operation 37 [2/2] (2.32ns)   --->   "%AB_3_load = load i4 %AB_3_addr" [LabB/BlockMatrix_design.cpp:33]   --->   Operation 37 'load' 'AB_3_load' <Predicate = (!icmp_ln33)> <Delay = 2.32> <CoreInst = "RAM">   --->   Core 82 'RAM' <Latency = 1> <II = 1> <Delay = 2.32> <Storage> <Opcode : 'load' 'store'> <Ports = 2> <Width = 32> <Depth = 16> <RAM>
ST_1 : Operation 38 [1/1] (0.00ns)   --->   "%AB_4_addr = getelementptr i32 %AB_4, i64 0, i64 %zext_ln33" [LabB/BlockMatrix_design.cpp:35]   --->   Operation 38 'getelementptr' 'AB_4_addr' <Predicate = (!icmp_ln33)> <Delay = 0.00>
ST_1 : Operation 39 [2/2] (2.32ns)   --->   "%AB_4_load = load i4 %AB_4_addr" [LabB/BlockMatrix_design.cpp:33]   --->   Operation 39 'load' 'AB_4_load' <Predicate = (!icmp_ln33)> <Delay = 2.32> <CoreInst = "RAM">   --->   Core 82 'RAM' <Latency = 1> <II = 1> <Delay = 2.32> <Storage> <Opcode : 'load' 'store'> <Ports = 2> <Width = 32> <Depth = 16> <RAM>
ST_1 : Operation 40 [1/1] (0.00ns)   --->   "%AB_5_addr = getelementptr i32 %AB_5, i64 0, i64 %zext_ln33" [LabB/BlockMatrix_design.cpp:35]   --->   Operation 40 'getelementptr' 'AB_5_addr' <Predicate = (!icmp_ln33)> <Delay = 0.00>
ST_1 : Operation 41 [2/2] (2.32ns)   --->   "%AB_5_load = load i4 %AB_5_addr" [LabB/BlockMatrix_design.cpp:33]   --->   Operation 41 'load' 'AB_5_load' <Predicate = (!icmp_ln33)> <Delay = 2.32> <CoreInst = "RAM">   --->   Core 82 'RAM' <Latency = 1> <II = 1> <Delay = 2.32> <Storage> <Opcode : 'load' 'store'> <Ports = 2> <Width = 32> <Depth = 16> <RAM>
ST_1 : Operation 42 [1/1] (0.00ns)   --->   "%AB_6_addr = getelementptr i32 %AB_6, i64 0, i64 %zext_ln33" [LabB/BlockMatrix_design.cpp:35]   --->   Operation 42 'getelementptr' 'AB_6_addr' <Predicate = (!icmp_ln33)> <Delay = 0.00>
ST_1 : Operation 43 [2/2] (2.32ns)   --->   "%AB_6_load = load i4 %AB_6_addr" [LabB/BlockMatrix_design.cpp:33]   --->   Operation 43 'load' 'AB_6_load' <Predicate = (!icmp_ln33)> <Delay = 2.32> <CoreInst = "RAM">   --->   Core 82 'RAM' <Latency = 1> <II = 1> <Delay = 2.32> <Storage> <Opcode : 'load' 'store'> <Ports = 2> <Width = 32> <Depth = 16> <RAM>
ST_1 : Operation 44 [1/1] (0.00ns)   --->   "%AB_7_addr = getelementptr i32 %AB_7, i64 0, i64 %zext_ln33" [LabB/BlockMatrix_design.cpp:35]   --->   Operation 44 'getelementptr' 'AB_7_addr' <Predicate = (!icmp_ln33)> <Delay = 0.00>
ST_1 : Operation 45 [2/2] (2.32ns)   --->   "%AB_7_load = load i4 %AB_7_addr" [LabB/BlockMatrix_design.cpp:33]   --->   Operation 45 'load' 'AB_7_load' <Predicate = (!icmp_ln33)> <Delay = 2.32> <CoreInst = "RAM">   --->   Core 82 'RAM' <Latency = 1> <II = 1> <Delay = 2.32> <Storage> <Opcode : 'load' 'store'> <Ports = 2> <Width = 32> <Depth = 16> <RAM>
ST_1 : Operation 46 [1/1] (0.00ns)   --->   "%AB_8_addr = getelementptr i32 %AB_8, i64 0, i64 %zext_ln33" [LabB/BlockMatrix_design.cpp:35]   --->   Operation 46 'getelementptr' 'AB_8_addr' <Predicate = (!icmp_ln33)> <Delay = 0.00>
ST_1 : Operation 47 [2/2] (2.32ns)   --->   "%AB_8_load = load i4 %AB_8_addr" [LabB/BlockMatrix_design.cpp:33]   --->   Operation 47 'load' 'AB_8_load' <Predicate = (!icmp_ln33)> <Delay = 2.32> <CoreInst = "RAM">   --->   Core 82 'RAM' <Latency = 1> <II = 1> <Delay = 2.32> <Storage> <Opcode : 'load' 'store'> <Ports = 2> <Width = 32> <Depth = 16> <RAM>
ST_1 : Operation 48 [1/1] (0.00ns)   --->   "%AB_9_addr = getelementptr i32 %AB_9, i64 0, i64 %zext_ln33" [LabB/BlockMatrix_design.cpp:35]   --->   Operation 48 'getelementptr' 'AB_9_addr' <Predicate = (!icmp_ln33)> <Delay = 0.00>
ST_1 : Operation 49 [2/2] (2.32ns)   --->   "%AB_9_load = load i4 %AB_9_addr" [LabB/BlockMatrix_design.cpp:33]   --->   Operation 49 'load' 'AB_9_load' <Predicate = (!icmp_ln33)> <Delay = 2.32> <CoreInst = "RAM">   --->   Core 82 'RAM' <Latency = 1> <II = 1> <Delay = 2.32> <Storage> <Opcode : 'load' 'store'> <Ports = 2> <Width = 32> <Depth = 16> <RAM>
ST_1 : Operation 50 [1/1] (0.00ns)   --->   "%AB_10_addr = getelementptr i32 %AB_10, i64 0, i64 %zext_ln33" [LabB/BlockMatrix_design.cpp:35]   --->   Operation 50 'getelementptr' 'AB_10_addr' <Predicate = (!icmp_ln33)> <Delay = 0.00>
ST_1 : Operation 51 [2/2] (2.32ns)   --->   "%AB_10_load = load i4 %AB_10_addr" [LabB/BlockMatrix_design.cpp:33]   --->   Operation 51 'load' 'AB_10_load' <Predicate = (!icmp_ln33)> <Delay = 2.32> <CoreInst = "RAM">   --->   Core 82 'RAM' <Latency = 1> <II = 1> <Delay = 2.32> <Storage> <Opcode : 'load' 'store'> <Ports = 2> <Width = 32> <Depth = 16> <RAM>
ST_1 : Operation 52 [1/1] (0.00ns)   --->   "%AB_11_addr = getelementptr i32 %AB_11, i64 0, i64 %zext_ln33" [LabB/BlockMatrix_design.cpp:35]   --->   Operation 52 'getelementptr' 'AB_11_addr' <Predicate = (!icmp_ln33)> <Delay = 0.00>
ST_1 : Operation 53 [2/2] (2.32ns)   --->   "%AB_11_load = load i4 %AB_11_addr" [LabB/BlockMatrix_design.cpp:33]   --->   Operation 53 'load' 'AB_11_load' <Predicate = (!icmp_ln33)> <Delay = 2.32> <CoreInst = "RAM">   --->   Core 82 'RAM' <Latency = 1> <II = 1> <Delay = 2.32> <Storage> <Opcode : 'load' 'store'> <Ports = 2> <Width = 32> <Depth = 16> <RAM>
ST_1 : Operation 54 [1/1] (0.00ns)   --->   "%AB_12_addr = getelementptr i32 %AB_12, i64 0, i64 %zext_ln33" [LabB/BlockMatrix_design.cpp:35]   --->   Operation 54 'getelementptr' 'AB_12_addr' <Predicate = (!icmp_ln33)> <Delay = 0.00>
ST_1 : Operation 55 [2/2] (2.32ns)   --->   "%AB_12_load = load i4 %AB_12_addr" [LabB/BlockMatrix_design.cpp:33]   --->   Operation 55 'load' 'AB_12_load' <Predicate = (!icmp_ln33)> <Delay = 2.32> <CoreInst = "RAM">   --->   Core 82 'RAM' <Latency = 1> <II = 1> <Delay = 2.32> <Storage> <Opcode : 'load' 'store'> <Ports = 2> <Width = 32> <Depth = 16> <RAM>
ST_1 : Operation 56 [1/1] (0.00ns)   --->   "%AB_13_addr = getelementptr i32 %AB_13, i64 0, i64 %zext_ln33" [LabB/BlockMatrix_design.cpp:35]   --->   Operation 56 'getelementptr' 'AB_13_addr' <Predicate = (!icmp_ln33)> <Delay = 0.00>
ST_1 : Operation 57 [2/2] (2.32ns)   --->   "%AB_13_load = load i4 %AB_13_addr" [LabB/BlockMatrix_design.cpp:33]   --->   Operation 57 'load' 'AB_13_load' <Predicate = (!icmp_ln33)> <Delay = 2.32> <CoreInst = "RAM">   --->   Core 82 'RAM' <Latency = 1> <II = 1> <Delay = 2.32> <Storage> <Opcode : 'load' 'store'> <Ports = 2> <Width = 32> <Depth = 16> <RAM>
ST_1 : Operation 58 [1/1] (0.00ns)   --->   "%AB_14_addr = getelementptr i32 %AB_14, i64 0, i64 %zext_ln33" [LabB/BlockMatrix_design.cpp:35]   --->   Operation 58 'getelementptr' 'AB_14_addr' <Predicate = (!icmp_ln33)> <Delay = 0.00>
ST_1 : Operation 59 [2/2] (2.32ns)   --->   "%AB_14_load = load i4 %AB_14_addr" [LabB/BlockMatrix_design.cpp:33]   --->   Operation 59 'load' 'AB_14_load' <Predicate = (!icmp_ln33)> <Delay = 2.32> <CoreInst = "RAM">   --->   Core 82 'RAM' <Latency = 1> <II = 1> <Delay = 2.32> <Storage> <Opcode : 'load' 'store'> <Ports = 2> <Width = 32> <Depth = 16> <RAM>
ST_1 : Operation 60 [1/1] (0.00ns)   --->   "%AB_15_addr = getelementptr i32 %AB_15, i64 0, i64 %zext_ln33" [LabB/BlockMatrix_design.cpp:35]   --->   Operation 60 'getelementptr' 'AB_15_addr' <Predicate = (!icmp_ln33)> <Delay = 0.00>
ST_1 : Operation 61 [2/2] (2.32ns)   --->   "%AB_15_load = load i4 %AB_15_addr" [LabB/BlockMatrix_design.cpp:33]   --->   Operation 61 'load' 'AB_15_load' <Predicate = (!icmp_ln33)> <Delay = 2.32> <CoreInst = "RAM">   --->   Core 82 'RAM' <Latency = 1> <II = 1> <Delay = 2.32> <Storage> <Opcode : 'load' 'store'> <Ports = 2> <Width = 32> <Depth = 16> <RAM>
ST_1 : Operation 62 [1/1] (1.78ns)   --->   "%add_ln34 = add i5 %select_ln33, i5 1" [LabB/BlockMatrix_design.cpp:34]   --->   Operation 62 'add' 'add_ln34' <Predicate = (!icmp_ln33)> <Delay = 1.78> <CoreInst = "Adder">   --->   Core 1 'Adder' <Latency = 0> <II = 1> <Delay = 1.78> <FuncUnit> <Opcode : 'add' 'sub'> <InPorts = 2> <OutPorts = 1>
ST_1 : Operation 63 [1/1] (1.58ns)   --->   "%store_ln34 = store i9 %add_ln33_1, i9 %indvar_flatten" [LabB/BlockMatrix_design.cpp:34]   --->   Operation 63 'store' 'store_ln34' <Predicate = (!icmp_ln33)> <Delay = 1.58>
ST_1 : Operation 64 [1/1] (1.58ns)   --->   "%store_ln34 = store i5 %select_ln33_1, i5 %i" [LabB/BlockMatrix_design.cpp:34]   --->   Operation 64 'store' 'store_ln34' <Predicate = (!icmp_ln33)> <Delay = 1.58>
ST_1 : Operation 65 [1/1] (1.58ns)   --->   "%store_ln34 = store i5 %add_ln34, i5 %j" [LabB/BlockMatrix_design.cpp:34]   --->   Operation 65 'store' 'store_ln34' <Predicate = (!icmp_ln33)> <Delay = 1.58>

State 2 <SV = 1> <Delay = 4.38>
ST_2 : Operation 66 [1/1] (0.00ns)   --->   "%tmp = bitconcatenate i8 @_ssdm_op_BitConcatenate.i8.i4.i4, i4 %trunc_ln35, i4 0" [LabB/BlockMatrix_design.cpp:35]   --->   Operation 66 'bitconcatenate' 'tmp' <Predicate = true> <Delay = 0.00>
ST_2 : Operation 67 [1/2] (2.32ns)   --->   "%AB_load = load i4 %AB_addr" [LabB/BlockMatrix_design.cpp:33]   --->   Operation 67 'load' 'AB_load' <Predicate = true> <Delay = 2.32> <CoreInst = "RAM">   --->   Core 82 'RAM' <Latency = 1> <II = 1> <Delay = 2.32> <Storage> <Opcode : 'load' 'store'> <Ports = 2> <Width = 32> <Depth = 16> <RAM>
ST_2 : Operation 68 [1/2] (2.32ns)   --->   "%AB_1_load = load i4 %AB_1_addr" [LabB/BlockMatrix_design.cpp:33]   --->   Operation 68 'load' 'AB_1_load' <Predicate = true> <Delay = 2.32> <CoreInst = "RAM">   --->   Core 82 'RAM' <Latency = 1> <II = 1> <Delay = 2.32> <Storage> <Opcode : 'load' 'store'> <Ports = 2> <Width = 32> <Depth = 16> <RAM>
ST_2 : Operation 69 [1/2] (2.32ns)   --->   "%AB_2_load = load i4 %AB_2_addr" [LabB/BlockMatrix_design.cpp:33]   --->   Operation 69 'load' 'AB_2_load' <Predicate = true> <Delay = 2.32> <CoreInst = "RAM">   --->   Core 82 'RAM' <Latency = 1> <II = 1> <Delay = 2.32> <Storage> <Opcode : 'load' 'store'> <Ports = 2> <Width = 32> <Depth = 16> <RAM>
ST_2 : Operation 70 [1/2] (2.32ns)   --->   "%AB_3_load = load i4 %AB_3_addr" [LabB/BlockMatrix_design.cpp:33]   --->   Operation 70 'load' 'AB_3_load' <Predicate = true> <Delay = 2.32> <CoreInst = "RAM">   --->   Core 82 'RAM' <Latency = 1> <II = 1> <Delay = 2.32> <Storage> <Opcode : 'load' 'store'> <Ports = 2> <Width = 32> <Depth = 16> <RAM>
ST_2 : Operation 71 [1/2] (2.32ns)   --->   "%AB_4_load = load i4 %AB_4_addr" [LabB/BlockMatrix_design.cpp:33]   --->   Operation 71 'load' 'AB_4_load' <Predicate = true> <Delay = 2.32> <CoreInst = "RAM">   --->   Core 82 'RAM' <Latency = 1> <II = 1> <Delay = 2.32> <Storage> <Opcode : 'load' 'store'> <Ports = 2> <Width = 32> <Depth = 16> <RAM>
ST_2 : Operation 72 [1/2] (2.32ns)   --->   "%AB_5_load = load i4 %AB_5_addr" [LabB/BlockMatrix_design.cpp:33]   --->   Operation 72 'load' 'AB_5_load' <Predicate = true> <Delay = 2.32> <CoreInst = "RAM">   --->   Core 82 'RAM' <Latency = 1> <II = 1> <Delay = 2.32> <Storage> <Opcode : 'load' 'store'> <Ports = 2> <Width = 32> <Depth = 16> <RAM>
ST_2 : Operation 73 [1/2] (2.32ns)   --->   "%AB_6_load = load i4 %AB_6_addr" [LabB/BlockMatrix_design.cpp:33]   --->   Operation 73 'load' 'AB_6_load' <Predicate = true> <Delay = 2.32> <CoreInst = "RAM">   --->   Core 82 'RAM' <Latency = 1> <II = 1> <Delay = 2.32> <Storage> <Opcode : 'load' 'store'> <Ports = 2> <Width = 32> <Depth = 16> <RAM>
ST_2 : Operation 74 [1/2] (2.32ns)   --->   "%AB_7_load = load i4 %AB_7_addr" [LabB/BlockMatrix_design.cpp:33]   --->   Operation 74 'load' 'AB_7_load' <Predicate = true> <Delay = 2.32> <CoreInst = "RAM">   --->   Core 82 'RAM' <Latency = 1> <II = 1> <Delay = 2.32> <Storage> <Opcode : 'load' 'store'> <Ports = 2> <Width = 32> <Depth = 16> <RAM>
ST_2 : Operation 75 [1/2] (2.32ns)   --->   "%AB_8_load = load i4 %AB_8_addr" [LabB/BlockMatrix_design.cpp:33]   --->   Operation 75 'load' 'AB_8_load' <Predicate = true> <Delay = 2.32> <CoreInst = "RAM">   --->   Core 82 'RAM' <Latency = 1> <II = 1> <Delay = 2.32> <Storage> <Opcode : 'load' 'store'> <Ports = 2> <Width = 32> <Depth = 16> <RAM>
ST_2 : Operation 76 [1/2] (2.32ns)   --->   "%AB_9_load = load i4 %AB_9_addr" [LabB/BlockMatrix_design.cpp:33]   --->   Operation 76 'load' 'AB_9_load' <Predicate = true> <Delay = 2.32> <CoreInst = "RAM">   --->   Core 82 'RAM' <Latency = 1> <II = 1> <Delay = 2.32> <Storage> <Opcode : 'load' 'store'> <Ports = 2> <Width = 32> <Depth = 16> <RAM>
ST_2 : Operation 77 [1/2] (2.32ns)   --->   "%AB_10_load = load i4 %AB_10_addr" [LabB/BlockMatrix_design.cpp:33]   --->   Operation 77 'load' 'AB_10_load' <Predicate = true> <Delay = 2.32> <CoreInst = "RAM">   --->   Core 82 'RAM' <Latency = 1> <II = 1> <Delay = 2.32> <Storage> <Opcode : 'load' 'store'> <Ports = 2> <Width = 32> <Depth = 16> <RAM>
ST_2 : Operation 78 [1/2] (2.32ns)   --->   "%AB_11_load = load i4 %AB_11_addr" [LabB/BlockMatrix_design.cpp:33]   --->   Operation 78 'load' 'AB_11_load' <Predicate = true> <Delay = 2.32> <CoreInst = "RAM">   --->   Core 82 'RAM' <Latency = 1> <II = 1> <Delay = 2.32> <Storage> <Opcode : 'load' 'store'> <Ports = 2> <Width = 32> <Depth = 16> <RAM>
ST_2 : Operation 79 [1/2] (2.32ns)   --->   "%AB_12_load = load i4 %AB_12_addr" [LabB/BlockMatrix_design.cpp:33]   --->   Operation 79 'load' 'AB_12_load' <Predicate = true> <Delay = 2.32> <CoreInst = "RAM">   --->   Core 82 'RAM' <Latency = 1> <II = 1> <Delay = 2.32> <Storage> <Opcode : 'load' 'store'> <Ports = 2> <Width = 32> <Depth = 16> <RAM>
ST_2 : Operation 80 [1/2] (2.32ns)   --->   "%AB_13_load = load i4 %AB_13_addr" [LabB/BlockMatrix_design.cpp:33]   --->   Operation 80 'load' 'AB_13_load' <Predicate = true> <Delay = 2.32> <CoreInst = "RAM">   --->   Core 82 'RAM' <Latency = 1> <II = 1> <Delay = 2.32> <Storage> <Opcode : 'load' 'store'> <Ports = 2> <Width = 32> <Depth = 16> <RAM>
ST_2 : Operation 81 [1/2] (2.32ns)   --->   "%AB_14_load = load i4 %AB_14_addr" [LabB/BlockMatrix_design.cpp:33]   --->   Operation 81 'load' 'AB_14_load' <Predicate = true> <Delay = 2.32> <CoreInst = "RAM">   --->   Core 82 'RAM' <Latency = 1> <II = 1> <Delay = 2.32> <Storage> <Opcode : 'load' 'store'> <Ports = 2> <Width = 32> <Depth = 16> <RAM>
ST_2 : Operation 82 [1/2] (2.32ns)   --->   "%AB_15_load = load i4 %AB_15_addr" [LabB/BlockMatrix_design.cpp:33]   --->   Operation 82 'load' 'AB_15_load' <Predicate = true> <Delay = 2.32> <CoreInst = "RAM">   --->   Core 82 'RAM' <Latency = 1> <II = 1> <Delay = 2.32> <Storage> <Opcode : 'load' 'store'> <Ports = 2> <Width = 32> <Depth = 16> <RAM>
ST_2 : Operation 83 [1/1] (0.00ns)   --->   "%zext_ln35 = zext i5 %select_ln33" [LabB/BlockMatrix_design.cpp:35]   --->   Operation 83 'zext' 'zext_ln35' <Predicate = true> <Delay = 0.00>
ST_2 : Operation 84 [1/1] (1.91ns)   --->   "%add_ln35 = add i8 %tmp, i8 %zext_ln35" [LabB/BlockMatrix_design.cpp:35]   --->   Operation 84 'add' 'add_ln35' <Predicate = true> <Delay = 1.91> <CoreInst = "Adder">   --->   Core 1 'Adder' <Latency = 0> <II = 1> <Delay = 1.91> <FuncUnit> <Opcode : 'add' 'sub'> <InPorts = 2> <OutPorts = 1>
ST_2 : Operation 85 [1/1] (2.06ns)   --->   "%tmp_s = mux i32 @_ssdm_op_Mux.ap_auto.16i32.i5, i32 %AB_load, i32 %AB_1_load, i32 %AB_2_load, i32 %AB_3_load, i32 %AB_4_load, i32 %AB_5_load, i32 %AB_6_load, i32 %AB_7_load, i32 %AB_8_load, i32 %AB_9_load, i32 %AB_10_load, i32 %AB_11_load, i32 %AB_12_load, i32 %AB_13_load, i32 %AB_14_load, i32 %AB_15_load, i5 %select_ln33" [LabB/BlockMatrix_design.cpp:35]   --->   Operation 85 'mux' 'tmp_s' <Predicate = true> <Delay = 2.06> <CoreInst = "Multiplexer">   --->   Core 76 'Multiplexer' <Latency = 0> <II = 1> <Delay = 2.06> <FuncUnit> <Opcode : 'mux'> <InPorts = 2> <OutPorts = 1>
ST_2 : Operation 94 [1/1] (0.00ns)   --->   "%ret_ln0 = ret"   --->   Operation 94 'ret' 'ret_ln0' <Predicate = (icmp_ln33)> <Delay = 0.00>

State 3 <SV = 2> <Delay = 3.25>
ST_3 : Operation 86 [1/1] (0.00ns)   --->   "%specloopname_ln0 = specloopname void @_ssdm_op_SpecLoopName, void @writeoutput_VITIS_LOOP_34_2_str"   --->   Operation 86 'specloopname' 'specloopname_ln0' <Predicate = true> <Delay = 0.00>
ST_3 : Operation 87 [1/1] (0.00ns)   --->   "%empty = speclooptripcount i32 @_ssdm_op_SpecLoopTripCount, i64 256, i64 256, i64 256"   --->   Operation 87 'speclooptripcount' 'empty' <Predicate = true> <Delay = 0.00>
ST_3 : Operation 88 [1/1] (0.00ns)   --->   "%specpipeline_ln0 = specpipeline void @_ssdm_op_SpecPipeline, i32 4294967295, i32 0, i32 1, i32 0, void @p_str"   --->   Operation 88 'specpipeline' 'specpipeline_ln0' <Predicate = true> <Delay = 0.00>
ST_3 : Operation 89 [1/1] (0.00ns)   --->   "%zext_ln35_1 = zext i8 %add_ln35" [LabB/BlockMatrix_design.cpp:35]   --->   Operation 89 'zext' 'zext_ln35_1' <Predicate = true> <Delay = 0.00>
ST_3 : Operation 90 [1/1] (0.00ns)   --->   "%ABpartial_addr = getelementptr i32 %ABpartial, i64 0, i64 %zext_ln35_1" [LabB/BlockMatrix_design.cpp:35]   --->   Operation 90 'getelementptr' 'ABpartial_addr' <Predicate = true> <Delay = 0.00>
ST_3 : Operation 91 [1/1] (0.00ns)   --->   "%specloopname_ln34 = specloopname void @_ssdm_op_SpecLoopName, void @empty_4" [LabB/BlockMatrix_design.cpp:34]   --->   Operation 91 'specloopname' 'specloopname_ln34' <Predicate = true> <Delay = 0.00>
ST_3 : Operation 92 [1/1] (3.25ns)   --->   "%store_ln35 = store i32 %tmp_s, i8 %ABpartial_addr" [LabB/BlockMatrix_design.cpp:35]   --->   Operation 92 'store' 'store_ln35' <Predicate = true> <Delay = 3.25> <CoreInst = "RAM">   --->   Core 82 'RAM' <Latency = 1> <II = 1> <Delay = 3.25> <Storage> <Opcode : 'load' 'store'> <Ports = 2> <Width = 32> <Depth = 256> <RAM>
ST_3 : Operation 93 [1/1] (0.00ns)   --->   "%br_ln34 = br void %for.inc69" [LabB/BlockMatrix_design.cpp:34]   --->   Operation 93 'br' 'br_ln34' <Predicate = true> <Delay = 0.00>


============================================================
+ Verbose Summary: Binding
============================================================
STG Binding: 
---------------- STG Properties BEGIN ----------------
- Is combinational: 0
- Is one-state seq: 0
- Is datapath-only: 0
- Is pipelined: 0
- Is top level: 0
Port [ Return ] is wired: 1; IO mode=ap_ctrl_hs:ce=0
Port [ AB]:  wired=1; compound=1; hidden=0; nouse=0; global=0; static=0; extern=0; dir=0; type=1; pingpong=1; private_global=0; MemPort=[13]; IO mode=ap_memory:ce=0
Port [ AB_1]:  wired=1; compound=1; hidden=0; nouse=0; global=0; static=0; extern=0; dir=0; type=1; pingpong=1; private_global=0; MemPort=[13]; IO mode=ap_memory:ce=0
Port [ AB_2]:  wired=1; compound=1; hidden=0; nouse=0; global=0; static=0; extern=0; dir=0; type=1; pingpong=1; private_global=0; MemPort=[13]; IO mode=ap_memory:ce=0
Port [ AB_3]:  wired=1; compound=1; hidden=0; nouse=0; global=0; static=0; extern=0; dir=0; type=1; pingpong=1; private_global=0; MemPort=[13]; IO mode=ap_memory:ce=0
Port [ AB_4]:  wired=1; compound=1; hidden=0; nouse=0; global=0; static=0; extern=0; dir=0; type=1; pingpong=1; private_global=0; MemPort=[13]; IO mode=ap_memory:ce=0
Port [ AB_5]:  wired=1; compound=1; hidden=0; nouse=0; global=0; static=0; extern=0; dir=0; type=1; pingpong=1; private_global=0; MemPort=[13]; IO mode=ap_memory:ce=0
Port [ AB_6]:  wired=1; compound=1; hidden=0; nouse=0; global=0; static=0; extern=0; dir=0; type=1; pingpong=1; private_global=0; MemPort=[13]; IO mode=ap_memory:ce=0
Port [ AB_7]:  wired=1; compound=1; hidden=0; nouse=0; global=0; static=0; extern=0; dir=0; type=1; pingpong=1; private_global=0; MemPort=[13]; IO mode=ap_memory:ce=0
Port [ AB_8]:  wired=1; compound=1; hidden=0; nouse=0; global=0; static=0; extern=0; dir=0; type=1; pingpong=1; private_global=0; MemPort=[13]; IO mode=ap_memory:ce=0
Port [ AB_9]:  wired=1; compound=1; hidden=0; nouse=0; global=0; static=0; extern=0; dir=0; type=1; pingpong=1; private_global=0; MemPort=[13]; IO mode=ap_memory:ce=0
Port [ AB_10]:  wired=1; compound=1; hidden=0; nouse=0; global=0; static=0; extern=0; dir=0; type=1; pingpong=1; private_global=0; MemPort=[13]; IO mode=ap_memory:ce=0
Port [ AB_11]:  wired=1; compound=1; hidden=0; nouse=0; global=0; static=0; extern=0; dir=0; type=1; pingpong=1; private_global=0; MemPort=[13]; IO mode=ap_memory:ce=0
Port [ AB_12]:  wired=1; compound=1; hidden=0; nouse=0; global=0; static=0; extern=0; dir=0; type=1; pingpong=1; private_global=0; MemPort=[13]; IO mode=ap_memory:ce=0
Port [ AB_13]:  wired=1; compound=1; hidden=0; nouse=0; global=0; static=0; extern=0; dir=0; type=1; pingpong=1; private_global=0; MemPort=[13]; IO mode=ap_memory:ce=0
Port [ AB_14]:  wired=1; compound=1; hidden=0; nouse=0; global=0; static=0; extern=0; dir=0; type=1; pingpong=1; private_global=0; MemPort=[13]; IO mode=ap_memory:ce=0
Port [ AB_15]:  wired=1; compound=1; hidden=0; nouse=0; global=0; static=0; extern=0; dir=0; type=1; pingpong=1; private_global=0; MemPort=[13]; IO mode=ap_memory:ce=0
Port [ ABpartial]:  wired=1; compound=1; hidden=0; nouse=0; global=0; static=0; extern=0; dir=1; type=1; pingpong=0; private_global=0; MemPort=[03]; IO mode=ap_memory:ce=0
---------------- STG Properties END ------------------

---------------- Datapath Model BEGIN ----------------

<LifeTime>
<method=bitvector/>
j                   (alloca           ) [ 0100]
i                   (alloca           ) [ 0100]
indvar_flatten      (alloca           ) [ 0100]
specinterface_ln0   (specinterface    ) [ 0000]
store_ln0           (store            ) [ 0000]
store_ln0           (store            ) [ 0000]
store_ln0           (store            ) [ 0000]
br_ln0              (br               ) [ 0000]
indvar_flatten_load (load             ) [ 0000]
specpipeline_ln0    (specpipeline     ) [ 0000]
icmp_ln33           (icmp             ) [ 0110]
add_ln33_1          (add              ) [ 0000]
br_ln33             (br               ) [ 0000]
j_load              (load             ) [ 0000]
i_load              (load             ) [ 0000]
add_ln33            (add              ) [ 0000]
icmp_ln34           (icmp             ) [ 0000]
select_ln33         (select           ) [ 0110]
select_ln33_1       (select           ) [ 0000]
trunc_ln35          (trunc            ) [ 0110]
trunc_ln33          (trunc            ) [ 0000]
trunc_ln33_1        (trunc            ) [ 0000]
select_ln33_3       (select           ) [ 0000]
zext_ln33           (zext             ) [ 0000]
AB_addr             (getelementptr    ) [ 0110]
AB_1_addr           (getelementptr    ) [ 0110]
AB_2_addr           (getelementptr    ) [ 0110]
AB_3_addr           (getelementptr    ) [ 0110]
AB_4_addr           (getelementptr    ) [ 0110]
AB_5_addr           (getelementptr    ) [ 0110]
AB_6_addr           (getelementptr    ) [ 0110]
AB_7_addr           (getelementptr    ) [ 0110]
AB_8_addr           (getelementptr    ) [ 0110]
AB_9_addr           (getelementptr    ) [ 0110]
AB_10_addr          (getelementptr    ) [ 0110]
AB_11_addr          (getelementptr    ) [ 0110]
AB_12_addr          (getelementptr    ) [ 0110]
AB_13_addr          (getelementptr    ) [ 0110]
AB_14_addr          (getelementptr    ) [ 0110]
AB_15_addr          (getelementptr    ) [ 0110]
add_ln34            (add              ) [ 0000]
store_ln34          (store            ) [ 0000]
store_ln34          (store            ) [ 0000]
store_ln34          (store            ) [ 0000]
tmp                 (bitconcatenate   ) [ 0000]
AB_load             (load             ) [ 0000]
AB_1_load           (load             ) [ 0000]
AB_2_load           (load             ) [ 0000]
AB_3_load           (load             ) [ 0000]
AB_4_load           (load             ) [ 0000]
AB_5_load           (load             ) [ 0000]
AB_6_load           (load             ) [ 0000]
AB_7_load           (load             ) [ 0000]
AB_8_load           (load             ) [ 0000]
AB_9_load           (load             ) [ 0000]
AB_10_load          (load             ) [ 0000]
AB_11_load          (load             ) [ 0000]
AB_12_load          (load             ) [ 0000]
AB_13_load          (load             ) [ 0000]
AB_14_load          (load             ) [ 0000]
AB_15_load          (load             ) [ 0000]
zext_ln35           (zext             ) [ 0000]
add_ln35            (add              ) [ 0101]
tmp_s               (mux              ) [ 0101]
specloopname_ln0    (specloopname     ) [ 0000]
empty               (speclooptripcount) [ 0000]
specpipeline_ln0    (specpipeline     ) [ 0000]
zext_ln35_1         (zext             ) [ 0000]
ABpartial_addr      (getelementptr    ) [ 0000]
specloopname_ln34   (specloopname     ) [ 0000]
store_ln35          (store            ) [ 0000]
br_ln34             (br               ) [ 0000]
ret_ln0             (ret              ) [ 0000]
</LifeTime>

<model>

<comp_list>
<comp id="0" class="1000" name="AB">
<pin_list>
<pin id="1" dir="1" index="0" bw="1" slack="0"/>
</pin_list>
<bind>
<StgValue><ssdm name="AB"/><MemPortTyVec>1 3 </MemPortTyVec>
</StgValue>
</bind>
</comp>

<comp id="2" class="1000" name="AB_1">
<pin_list>
<pin id="3" dir="1" index="0" bw="1" slack="0"/>
</pin_list>
<bind>
<StgValue><ssdm name="AB_1"/><MemPortTyVec>1 3 </MemPortTyVec>
</StgValue>
</bind>
</comp>

<comp id="4" class="1000" name="AB_2">
<pin_list>
<pin id="5" dir="1" index="0" bw="1" slack="0"/>
</pin_list>
<bind>
<StgValue><ssdm name="AB_2"/><MemPortTyVec>1 3 </MemPortTyVec>
</StgValue>
</bind>
</comp>

<comp id="6" class="1000" name="AB_3">
<pin_list>
<pin id="7" dir="1" index="0" bw="1" slack="0"/>
</pin_list>
<bind>
<StgValue><ssdm name="AB_3"/><MemPortTyVec>1 3 </MemPortTyVec>
</StgValue>
</bind>
</comp>

<comp id="8" class="1000" name="AB_4">
<pin_list>
<pin id="9" dir="1" index="0" bw="1" slack="0"/>
</pin_list>
<bind>
<StgValue><ssdm name="AB_4"/><MemPortTyVec>1 3 </MemPortTyVec>
</StgValue>
</bind>
</comp>

<comp id="10" class="1000" name="AB_5">
<pin_list>
<pin id="11" dir="1" index="0" bw="1" slack="0"/>
</pin_list>
<bind>
<StgValue><ssdm name="AB_5"/><MemPortTyVec>1 3 </MemPortTyVec>
</StgValue>
</bind>
</comp>

<comp id="12" class="1000" name="AB_6">
<pin_list>
<pin id="13" dir="1" index="0" bw="1" slack="0"/>
</pin_list>
<bind>
<StgValue><ssdm name="AB_6"/><MemPortTyVec>1 3 </MemPortTyVec>
</StgValue>
</bind>
</comp>

<comp id="14" class="1000" name="AB_7">
<pin_list>
<pin id="15" dir="1" index="0" bw="1" slack="0"/>
</pin_list>
<bind>
<StgValue><ssdm name="AB_7"/><MemPortTyVec>1 3 </MemPortTyVec>
</StgValue>
</bind>
</comp>

<comp id="16" class="1000" name="AB_8">
<pin_list>
<pin id="17" dir="1" index="0" bw="1" slack="0"/>
</pin_list>
<bind>
<StgValue><ssdm name="AB_8"/><MemPortTyVec>1 3 </MemPortTyVec>
</StgValue>
</bind>
</comp>

<comp id="18" class="1000" name="AB_9">
<pin_list>
<pin id="19" dir="1" index="0" bw="1" slack="0"/>
</pin_list>
<bind>
<StgValue><ssdm name="AB_9"/><MemPortTyVec>1 3 </MemPortTyVec>
</StgValue>
</bind>
</comp>

<comp id="20" class="1000" name="AB_10">
<pin_list>
<pin id="21" dir="1" index="0" bw="1" slack="0"/>
</pin_list>
<bind>
<StgValue><ssdm name="AB_10"/><MemPortTyVec>1 3 </MemPortTyVec>
</StgValue>
</bind>
</comp>

<comp id="22" class="1000" name="AB_11">
<pin_list>
<pin id="23" dir="1" index="0" bw="1" slack="0"/>
</pin_list>
<bind>
<StgValue><ssdm name="AB_11"/><MemPortTyVec>1 3 </MemPortTyVec>
</StgValue>
</bind>
</comp>

<comp id="24" class="1000" name="AB_12">
<pin_list>
<pin id="25" dir="1" index="0" bw="1" slack="0"/>
</pin_list>
<bind>
<StgValue><ssdm name="AB_12"/><MemPortTyVec>1 3 </MemPortTyVec>
</StgValue>
</bind>
</comp>

<comp id="26" class="1000" name="AB_13">
<pin_list>
<pin id="27" dir="1" index="0" bw="1" slack="0"/>
</pin_list>
<bind>
<StgValue><ssdm name="AB_13"/><MemPortTyVec>1 3 </MemPortTyVec>
</StgValue>
</bind>
</comp>

<comp id="28" class="1000" name="AB_14">
<pin_list>
<pin id="29" dir="1" index="0" bw="1" slack="0"/>
</pin_list>
<bind>
<StgValue><ssdm name="AB_14"/><MemPortTyVec>1 3 </MemPortTyVec>
</StgValue>
</bind>
</comp>

<comp id="30" class="1000" name="AB_15">
<pin_list>
<pin id="31" dir="1" index="0" bw="1" slack="0"/>
</pin_list>
<bind>
<StgValue><ssdm name="AB_15"/><MemPortTyVec>1 3 </MemPortTyVec>
</StgValue>
</bind>
</comp>

<comp id="32" class="1000" name="ABpartial">
<pin_list>
<pin id="33" dir="1" index="0" bw="1" slack="0"/>
</pin_list>
<bind>
<StgValue><ssdm name="ABpartial"/><MemPortTyVec>0 3 </MemPortTyVec>
</StgValue>
</bind>
</comp>

<comp id="34" class="1001" name="const_34">
<pin_list>
<pin id="35" dir="1" index="0" bw="1" slack="0"/>
</pin_list>
<bind>
<StgValue><ssdm name=""/></StgValue>
</bind>
</comp>

<comp id="36" class="1001" name="const_36">
<pin_list>
<pin id="37" dir="1" index="0" bw="1" slack="2147483647"/>
</pin_list>
<bind>
<StgValue><ssdm name="_ssdm_op_SpecInterface"/></StgValue>
</bind>
</comp>

<comp id="38" class="1001" name="const_38">
<pin_list>
<pin id="39" dir="1" index="0" bw="1" slack="2147483647"/>
</pin_list>
<bind>
<StgValue><ssdm name="empty_1"/></StgValue>
</bind>
</comp>

<comp id="40" class="1001" name="const_40">
<pin_list>
<pin id="41" dir="1" index="0" bw="1" slack="2147483647"/>
</pin_list>
<bind>
<StgValue><ssdm name=""/></StgValue>
</bind>
</comp>

<comp id="42" class="1001" name="const_42">
<pin_list>
<pin id="43" dir="1" index="0" bw="1" slack="2147483647"/>
</pin_list>
<bind>
<StgValue><ssdm name="empty"/></StgValue>
</bind>
</comp>

<comp id="44" class="1001" name="const_44">
<pin_list>
<pin id="45" dir="1" index="0" bw="1" slack="2147483647"/>
</pin_list>
<bind>
<StgValue><ssdm name=""/></StgValue>
</bind>
</comp>

<comp id="46" class="1001" name="const_46">
<pin_list>
<pin id="47" dir="1" index="0" bw="1" slack="0"/>
</pin_list>
<bind>
<StgValue><ssdm name=""/></StgValue>
</bind>
</comp>

<comp id="48" class="1001" name="const_48">
<pin_list>
<pin id="49" dir="1" index="0" bw="1" slack="0"/>
</pin_list>
<bind>
<StgValue><ssdm name=""/></StgValue>
</bind>
</comp>

<comp id="50" class="1001" name="const_50">
<pin_list>
<pin id="51" dir="1" index="0" bw="1" slack="2147483647"/>
</pin_list>
<bind>
<StgValue><ssdm name="_ssdm_op_SpecPipeline"/></StgValue>
</bind>
</comp>

<comp id="52" class="1001" name="const_52">
<pin_list>
<pin id="53" dir="1" index="0" bw="1" slack="2147483647"/>
</pin_list>
<bind>
<StgValue><ssdm name="p_str"/></StgValue>
</bind>
</comp>

<comp id="54" class="1001" name="const_54">
<pin_list>
<pin id="55" dir="1" index="0" bw="1" slack="0"/>
</pin_list>
<bind>
<StgValue><ssdm name=""/></StgValue>
</bind>
</comp>

<comp id="56" class="1001" name="const_56">
<pin_list>
<pin id="57" dir="1" index="0" bw="1" slack="0"/>
</pin_list>
<bind>
<StgValue><ssdm name=""/></StgValue>
</bind>
</comp>

<comp id="58" class="1001" name="const_58">
<pin_list>
<pin id="59" dir="1" index="0" bw="1" slack="0"/>
</pin_list>
<bind>
<StgValue><ssdm name=""/></StgValue>
</bind>
</comp>

<comp id="60" class="1001" name="const_60">
<pin_list>
<pin id="61" dir="1" index="0" bw="1" slack="0"/>
</pin_list>
<bind>
<StgValue><ssdm name=""/></StgValue>
</bind>
</comp>

<comp id="62" class="1001" name="const_62">
<pin_list>
<pin id="63" dir="1" index="0" bw="1" slack="0"/>
</pin_list>
<bind>
<StgValue><ssdm name=""/></StgValue>
</bind>
</comp>

<comp id="64" class="1001" name="const_64">
<pin_list>
<pin id="65" dir="1" index="0" bw="1" slack="0"/>
</pin_list>
<bind>
<StgValue><ssdm name="_ssdm_op_BitConcatenate.i8.i4.i4"/></StgValue>
</bind>
</comp>

<comp id="66" class="1001" name="const_66">
<pin_list>
<pin id="67" dir="1" index="0" bw="1" slack="0"/>
</pin_list>
<bind>
<StgValue><ssdm name=""/></StgValue>
</bind>
</comp>

<comp id="68" class="1001" name="const_68">
<pin_list>
<pin id="69" dir="1" index="0" bw="1" slack="0"/>
</pin_list>
<bind>
<StgValue><ssdm name="_ssdm_op_Mux.ap_auto.16i32.i5"/></StgValue>
</bind>
</comp>

<comp id="70" class="1001" name="const_70">
<pin_list>
<pin id="71" dir="1" index="0" bw="1" slack="2147483647"/>
</pin_list>
<bind>
<StgValue><ssdm name="_ssdm_op_SpecLoopName"/></StgValue>
</bind>
</comp>

<comp id="72" class="1001" name="const_72">
<pin_list>
<pin id="73" dir="1" index="0" bw="1" slack="2147483647"/>
</pin_list>
<bind>
<StgValue><ssdm name="writeoutput_VITIS_LOOP_34_2_str"/></StgValue>
</bind>
</comp>

<comp id="74" class="1001" name="const_74">
<pin_list>
<pin id="75" dir="1" index="0" bw="1" slack="2147483647"/>
</pin_list>
<bind>
<StgValue><ssdm name="_ssdm_op_SpecLoopTripCount"/></StgValue>
</bind>
</comp>

<comp id="76" class="1001" name="const_76">
<pin_list>
<pin id="77" dir="1" index="0" bw="1" slack="2147483647"/>
</pin_list>
<bind>
<StgValue><ssdm name=""/></StgValue>
</bind>
</comp>

<comp id="78" class="1001" name="const_78">
<pin_list>
<pin id="79" dir="1" index="0" bw="1" slack="2147483647"/>
</pin_list>
<bind>
<StgValue><ssdm name="empty_4"/></StgValue>
</bind>
</comp>

<comp id="80" class="1004" name="j_fu_80">
<pin_list>
<pin id="81" dir="0" index="0" bw="1" slack="0"/>
<pin id="82" dir="1" index="1" bw="5" slack="0"/>
</pin_list>
<bind>
<opcode="alloca(26) " fcode="alloca"/>
<opset="j/1 "/>
</bind>
</comp>

<comp id="84" class="1004" name="i_fu_84">
<pin_list>
<pin id="85" dir="0" index="0" bw="1" slack="0"/>
<pin id="86" dir="1" index="1" bw="5" slack="0"/>
</pin_list>
<bind>
<opcode="alloca(26) " fcode="alloca"/>
<opset="i/1 "/>
</bind>
</comp>

<comp id="88" class="1004" name="indvar_flatten_fu_88">
<pin_list>
<pin id="89" dir="0" index="0" bw="1" slack="0"/>
<pin id="90" dir="1" index="1" bw="9" slack="0"/>
</pin_list>
<bind>
<opcode="alloca(26) " fcode="alloca"/>
<opset="indvar_flatten/1 "/>
</bind>
</comp>

<comp id="92" class="1004" name="AB_addr_gep_fu_92">
<pin_list>
<pin id="93" dir="0" index="0" bw="32" slack="0"/>
<pin id="94" dir="0" index="1" bw="1" slack="0"/>
<pin id="95" dir="0" index="2" bw="4" slack="0"/>
<pin id="96" dir="1" index="3" bw="4" slack="0"/>
</pin_list>
<bind>
<opcode="getelementptr(29) " fcode="getelementptr"/>
<opset="AB_addr/1 "/>
</bind>
</comp>

<comp id="99" class="1004" name="grp_access_fu_99">
<pin_list>
<pin id="100" dir="0" index="0" bw="4" slack="0"/>
<pin id="101" dir="0" index="1" bw="32" slack="2147483647"/>
<pin id="102" dir="0" index="2" bw="0" slack="2147483647"/>
<pin id="103" dir="1" index="3" bw="32" slack="0"/>
</pin_list>
<bind>
<opcode="load(27) " fcode="load"/>
<opset="AB_load/1 "/>
</bind>
</comp>

<comp id="105" class="1004" name="AB_1_addr_gep_fu_105">
<pin_list>
<pin id="106" dir="0" index="0" bw="32" slack="0"/>
<pin id="107" dir="0" index="1" bw="1" slack="0"/>
<pin id="108" dir="0" index="2" bw="4" slack="0"/>
<pin id="109" dir="1" index="3" bw="4" slack="0"/>
</pin_list>
<bind>
<opcode="getelementptr(29) " fcode="getelementptr"/>
<opset="AB_1_addr/1 "/>
</bind>
</comp>

<comp id="112" class="1004" name="grp_access_fu_112">
<pin_list>
<pin id="113" dir="0" index="0" bw="4" slack="0"/>
<pin id="114" dir="0" index="1" bw="32" slack="2147483647"/>
<pin id="115" dir="0" index="2" bw="0" slack="2147483647"/>
<pin id="116" dir="1" index="3" bw="32" slack="0"/>
</pin_list>
<bind>
<opcode="load(27) " fcode="load"/>
<opset="AB_1_load/1 "/>
</bind>
</comp>

<comp id="118" class="1004" name="AB_2_addr_gep_fu_118">
<pin_list>
<pin id="119" dir="0" index="0" bw="32" slack="0"/>
<pin id="120" dir="0" index="1" bw="1" slack="0"/>
<pin id="121" dir="0" index="2" bw="4" slack="0"/>
<pin id="122" dir="1" index="3" bw="4" slack="0"/>
</pin_list>
<bind>
<opcode="getelementptr(29) " fcode="getelementptr"/>
<opset="AB_2_addr/1 "/>
</bind>
</comp>

<comp id="125" class="1004" name="grp_access_fu_125">
<pin_list>
<pin id="126" dir="0" index="0" bw="4" slack="0"/>
<pin id="127" dir="0" index="1" bw="32" slack="2147483647"/>
<pin id="128" dir="0" index="2" bw="0" slack="2147483647"/>
<pin id="129" dir="1" index="3" bw="32" slack="0"/>
</pin_list>
<bind>
<opcode="load(27) " fcode="load"/>
<opset="AB_2_load/1 "/>
</bind>
</comp>

<comp id="131" class="1004" name="AB_3_addr_gep_fu_131">
<pin_list>
<pin id="132" dir="0" index="0" bw="32" slack="0"/>
<pin id="133" dir="0" index="1" bw="1" slack="0"/>
<pin id="134" dir="0" index="2" bw="4" slack="0"/>
<pin id="135" dir="1" index="3" bw="4" slack="0"/>
</pin_list>
<bind>
<opcode="getelementptr(29) " fcode="getelementptr"/>
<opset="AB_3_addr/1 "/>
</bind>
</comp>

<comp id="138" class="1004" name="grp_access_fu_138">
<pin_list>
<pin id="139" dir="0" index="0" bw="4" slack="0"/>
<pin id="140" dir="0" index="1" bw="32" slack="2147483647"/>
<pin id="141" dir="0" index="2" bw="0" slack="2147483647"/>
<pin id="142" dir="1" index="3" bw="32" slack="0"/>
</pin_list>
<bind>
<opcode="load(27) " fcode="load"/>
<opset="AB_3_load/1 "/>
</bind>
</comp>

<comp id="144" class="1004" name="AB_4_addr_gep_fu_144">
<pin_list>
<pin id="145" dir="0" index="0" bw="32" slack="0"/>
<pin id="146" dir="0" index="1" bw="1" slack="0"/>
<pin id="147" dir="0" index="2" bw="4" slack="0"/>
<pin id="148" dir="1" index="3" bw="4" slack="0"/>
</pin_list>
<bind>
<opcode="getelementptr(29) " fcode="getelementptr"/>
<opset="AB_4_addr/1 "/>
</bind>
</comp>

<comp id="151" class="1004" name="grp_access_fu_151">
<pin_list>
<pin id="152" dir="0" index="0" bw="4" slack="0"/>
<pin id="153" dir="0" index="1" bw="32" slack="2147483647"/>
<pin id="154" dir="0" index="2" bw="0" slack="2147483647"/>
<pin id="155" dir="1" index="3" bw="32" slack="0"/>
</pin_list>
<bind>
<opcode="load(27) " fcode="load"/>
<opset="AB_4_load/1 "/>
</bind>
</comp>

<comp id="157" class="1004" name="AB_5_addr_gep_fu_157">
<pin_list>
<pin id="158" dir="0" index="0" bw="32" slack="0"/>
<pin id="159" dir="0" index="1" bw="1" slack="0"/>
<pin id="160" dir="0" index="2" bw="4" slack="0"/>
<pin id="161" dir="1" index="3" bw="4" slack="0"/>
</pin_list>
<bind>
<opcode="getelementptr(29) " fcode="getelementptr"/>
<opset="AB_5_addr/1 "/>
</bind>
</comp>

<comp id="164" class="1004" name="grp_access_fu_164">
<pin_list>
<pin id="165" dir="0" index="0" bw="4" slack="0"/>
<pin id="166" dir="0" index="1" bw="32" slack="2147483647"/>
<pin id="167" dir="0" index="2" bw="0" slack="2147483647"/>
<pin id="168" dir="1" index="3" bw="32" slack="0"/>
</pin_list>
<bind>
<opcode="load(27) " fcode="load"/>
<opset="AB_5_load/1 "/>
</bind>
</comp>

<comp id="170" class="1004" name="AB_6_addr_gep_fu_170">
<pin_list>
<pin id="171" dir="0" index="0" bw="32" slack="0"/>
<pin id="172" dir="0" index="1" bw="1" slack="0"/>
<pin id="173" dir="0" index="2" bw="4" slack="0"/>
<pin id="174" dir="1" index="3" bw="4" slack="0"/>
</pin_list>
<bind>
<opcode="getelementptr(29) " fcode="getelementptr"/>
<opset="AB_6_addr/1 "/>
</bind>
</comp>

<comp id="177" class="1004" name="grp_access_fu_177">
<pin_list>
<pin id="178" dir="0" index="0" bw="4" slack="0"/>
<pin id="179" dir="0" index="1" bw="32" slack="2147483647"/>
<pin id="180" dir="0" index="2" bw="0" slack="2147483647"/>
<pin id="181" dir="1" index="3" bw="32" slack="0"/>
</pin_list>
<bind>
<opcode="load(27) " fcode="load"/>
<opset="AB_6_load/1 "/>
</bind>
</comp>

<comp id="183" class="1004" name="AB_7_addr_gep_fu_183">
<pin_list>
<pin id="184" dir="0" index="0" bw="32" slack="0"/>
<pin id="185" dir="0" index="1" bw="1" slack="0"/>
<pin id="186" dir="0" index="2" bw="4" slack="0"/>
<pin id="187" dir="1" index="3" bw="4" slack="0"/>
</pin_list>
<bind>
<opcode="getelementptr(29) " fcode="getelementptr"/>
<opset="AB_7_addr/1 "/>
</bind>
</comp>

<comp id="190" class="1004" name="grp_access_fu_190">
<pin_list>
<pin id="191" dir="0" index="0" bw="4" slack="0"/>
<pin id="192" dir="0" index="1" bw="32" slack="2147483647"/>
<pin id="193" dir="0" index="2" bw="0" slack="2147483647"/>
<pin id="194" dir="1" index="3" bw="32" slack="0"/>
</pin_list>
<bind>
<opcode="load(27) " fcode="load"/>
<opset="AB_7_load/1 "/>
</bind>
</comp>

<comp id="196" class="1004" name="AB_8_addr_gep_fu_196">
<pin_list>
<pin id="197" dir="0" index="0" bw="32" slack="0"/>
<pin id="198" dir="0" index="1" bw="1" slack="0"/>
<pin id="199" dir="0" index="2" bw="4" slack="0"/>
<pin id="200" dir="1" index="3" bw="4" slack="0"/>
</pin_list>
<bind>
<opcode="getelementptr(29) " fcode="getelementptr"/>
<opset="AB_8_addr/1 "/>
</bind>
</comp>

<comp id="203" class="1004" name="grp_access_fu_203">
<pin_list>
<pin id="204" dir="0" index="0" bw="4" slack="0"/>
<pin id="205" dir="0" index="1" bw="32" slack="2147483647"/>
<pin id="206" dir="0" index="2" bw="0" slack="2147483647"/>
<pin id="207" dir="1" index="3" bw="32" slack="0"/>
</pin_list>
<bind>
<opcode="load(27) " fcode="load"/>
<opset="AB_8_load/1 "/>
</bind>
</comp>

<comp id="209" class="1004" name="AB_9_addr_gep_fu_209">
<pin_list>
<pin id="210" dir="0" index="0" bw="32" slack="0"/>
<pin id="211" dir="0" index="1" bw="1" slack="0"/>
<pin id="212" dir="0" index="2" bw="4" slack="0"/>
<pin id="213" dir="1" index="3" bw="4" slack="0"/>
</pin_list>
<bind>
<opcode="getelementptr(29) " fcode="getelementptr"/>
<opset="AB_9_addr/1 "/>
</bind>
</comp>

<comp id="216" class="1004" name="grp_access_fu_216">
<pin_list>
<pin id="217" dir="0" index="0" bw="4" slack="0"/>
<pin id="218" dir="0" index="1" bw="32" slack="2147483647"/>
<pin id="219" dir="0" index="2" bw="0" slack="2147483647"/>
<pin id="220" dir="1" index="3" bw="32" slack="0"/>
</pin_list>
<bind>
<opcode="load(27) " fcode="load"/>
<opset="AB_9_load/1 "/>
</bind>
</comp>

<comp id="222" class="1004" name="AB_10_addr_gep_fu_222">
<pin_list>
<pin id="223" dir="0" index="0" bw="32" slack="0"/>
<pin id="224" dir="0" index="1" bw="1" slack="0"/>
<pin id="225" dir="0" index="2" bw="4" slack="0"/>
<pin id="226" dir="1" index="3" bw="4" slack="0"/>
</pin_list>
<bind>
<opcode="getelementptr(29) " fcode="getelementptr"/>
<opset="AB_10_addr/1 "/>
</bind>
</comp>

<comp id="229" class="1004" name="grp_access_fu_229">
<pin_list>
<pin id="230" dir="0" index="0" bw="4" slack="0"/>
<pin id="231" dir="0" index="1" bw="32" slack="2147483647"/>
<pin id="232" dir="0" index="2" bw="0" slack="2147483647"/>
<pin id="233" dir="1" index="3" bw="32" slack="0"/>
</pin_list>
<bind>
<opcode="load(27) " fcode="load"/>
<opset="AB_10_load/1 "/>
</bind>
</comp>

<comp id="235" class="1004" name="AB_11_addr_gep_fu_235">
<pin_list>
<pin id="236" dir="0" index="0" bw="32" slack="0"/>
<pin id="237" dir="0" index="1" bw="1" slack="0"/>
<pin id="238" dir="0" index="2" bw="4" slack="0"/>
<pin id="239" dir="1" index="3" bw="4" slack="0"/>
</pin_list>
<bind>
<opcode="getelementptr(29) " fcode="getelementptr"/>
<opset="AB_11_addr/1 "/>
</bind>
</comp>

<comp id="242" class="1004" name="grp_access_fu_242">
<pin_list>
<pin id="243" dir="0" index="0" bw="4" slack="0"/>
<pin id="244" dir="0" index="1" bw="32" slack="2147483647"/>
<pin id="245" dir="0" index="2" bw="0" slack="2147483647"/>
<pin id="246" dir="1" index="3" bw="32" slack="0"/>
</pin_list>
<bind>
<opcode="load(27) " fcode="load"/>
<opset="AB_11_load/1 "/>
</bind>
</comp>

<comp id="248" class="1004" name="AB_12_addr_gep_fu_248">
<pin_list>
<pin id="249" dir="0" index="0" bw="32" slack="0"/>
<pin id="250" dir="0" index="1" bw="1" slack="0"/>
<pin id="251" dir="0" index="2" bw="4" slack="0"/>
<pin id="252" dir="1" index="3" bw="4" slack="0"/>
</pin_list>
<bind>
<opcode="getelementptr(29) " fcode="getelementptr"/>
<opset="AB_12_addr/1 "/>
</bind>
</comp>

<comp id="255" class="1004" name="grp_access_fu_255">
<pin_list>
<pin id="256" dir="0" index="0" bw="4" slack="0"/>
<pin id="257" dir="0" index="1" bw="32" slack="2147483647"/>
<pin id="258" dir="0" index="2" bw="0" slack="2147483647"/>
<pin id="259" dir="1" index="3" bw="32" slack="0"/>
</pin_list>
<bind>
<opcode="load(27) " fcode="load"/>
<opset="AB_12_load/1 "/>
</bind>
</comp>

<comp id="261" class="1004" name="AB_13_addr_gep_fu_261">
<pin_list>
<pin id="262" dir="0" index="0" bw="32" slack="0"/>
<pin id="263" dir="0" index="1" bw="1" slack="0"/>
<pin id="264" dir="0" index="2" bw="4" slack="0"/>
<pin id="265" dir="1" index="3" bw="4" slack="0"/>
</pin_list>
<bind>
<opcode="getelementptr(29) " fcode="getelementptr"/>
<opset="AB_13_addr/1 "/>
</bind>
</comp>

<comp id="268" class="1004" name="grp_access_fu_268">
<pin_list>
<pin id="269" dir="0" index="0" bw="4" slack="0"/>
<pin id="270" dir="0" index="1" bw="32" slack="2147483647"/>
<pin id="271" dir="0" index="2" bw="0" slack="2147483647"/>
<pin id="272" dir="1" index="3" bw="32" slack="0"/>
</pin_list>
<bind>
<opcode="load(27) " fcode="load"/>
<opset="AB_13_load/1 "/>
</bind>
</comp>

<comp id="274" class="1004" name="AB_14_addr_gep_fu_274">
<pin_list>
<pin id="275" dir="0" index="0" bw="32" slack="0"/>
<pin id="276" dir="0" index="1" bw="1" slack="0"/>
<pin id="277" dir="0" index="2" bw="4" slack="0"/>
<pin id="278" dir="1" index="3" bw="4" slack="0"/>
</pin_list>
<bind>
<opcode="getelementptr(29) " fcode="getelementptr"/>
<opset="AB_14_addr/1 "/>
</bind>
</comp>

<comp id="281" class="1004" name="grp_access_fu_281">
<pin_list>
<pin id="282" dir="0" index="0" bw="4" slack="0"/>
<pin id="283" dir="0" index="1" bw="32" slack="2147483647"/>
<pin id="284" dir="0" index="2" bw="0" slack="2147483647"/>
<pin id="285" dir="1" index="3" bw="32" slack="0"/>
</pin_list>
<bind>
<opcode="load(27) " fcode="load"/>
<opset="AB_14_load/1 "/>
</bind>
</comp>

<comp id="287" class="1004" name="AB_15_addr_gep_fu_287">
<pin_list>
<pin id="288" dir="0" index="0" bw="32" slack="0"/>
<pin id="289" dir="0" index="1" bw="1" slack="0"/>
<pin id="290" dir="0" index="2" bw="4" slack="0"/>
<pin id="291" dir="1" index="3" bw="4" slack="0"/>
</pin_list>
<bind>
<opcode="getelementptr(29) " fcode="getelementptr"/>
<opset="AB_15_addr/1 "/>
</bind>
</comp>

<comp id="294" class="1004" name="grp_access_fu_294">
<pin_list>
<pin id="295" dir="0" index="0" bw="4" slack="0"/>
<pin id="296" dir="0" index="1" bw="32" slack="2147483647"/>
<pin id="297" dir="0" index="2" bw="0" slack="2147483647"/>
<pin id="298" dir="1" index="3" bw="32" slack="0"/>
</pin_list>
<bind>
<opcode="load(27) " fcode="load"/>
<opset="AB_15_load/1 "/>
</bind>
</comp>

<comp id="300" class="1004" name="ABpartial_addr_gep_fu_300">
<pin_list>
<pin id="301" dir="0" index="0" bw="32" slack="0"/>
<pin id="302" dir="0" index="1" bw="1" slack="0"/>
<pin id="303" dir="0" index="2" bw="8" slack="0"/>
<pin id="304" dir="1" index="3" bw="8" slack="0"/>
</pin_list>
<bind>
<opcode="getelementptr(29) " fcode="getelementptr"/>
<opset="ABpartial_addr/3 "/>
</bind>
</comp>

<comp id="307" class="1004" name="store_ln35_access_fu_307">
<pin_list>
<pin id="308" dir="0" index="0" bw="8" slack="0"/>
<pin id="309" dir="0" index="1" bw="32" slack="1"/>
<pin id="310" dir="0" index="2" bw="0" slack="2147483647"/>
<pin id="311" dir="1" index="3" bw="32" slack="2147483647"/>
</pin_list>
<bind>
<opcode="store(28) " fcode="store"/>
<opset="store_ln35/3 "/>
</bind>
</comp>

<comp id="313" class="1004" name="store_ln0_store_fu_313">
<pin_list>
<pin id="314" dir="0" index="0" bw="1" slack="0"/>
<pin id="315" dir="0" index="1" bw="9" slack="0"/>
<pin id="316" dir="1" index="2" bw="0" slack="2147483647"/>
</pin_list>
<bind>
<opcode="store(28) " fcode="store"/>
<opset="store_ln0/1 "/>
</bind>
</comp>

<comp id="318" class="1004" name="store_ln0_store_fu_318">
<pin_list>
<pin id="319" dir="0" index="0" bw="1" slack="0"/>
<pin id="320" dir="0" index="1" bw="5" slack="0"/>
<pin id="321" dir="1" index="2" bw="0" slack="2147483647"/>
</pin_list>
<bind>
<opcode="store(28) " fcode="store"/>
<opset="store_ln0/1 "/>
</bind>
</comp>

<comp id="323" class="1004" name="store_ln0_store_fu_323">
<pin_list>
<pin id="324" dir="0" index="0" bw="1" slack="0"/>
<pin id="325" dir="0" index="1" bw="5" slack="0"/>
<pin id="326" dir="1" index="2" bw="0" slack="2147483647"/>
</pin_list>
<bind>
<opcode="store(28) " fcode="store"/>
<opset="store_ln0/1 "/>
</bind>
</comp>

<comp id="328" class="1004" name="indvar_flatten_load_load_fu_328">
<pin_list>
<pin id="329" dir="0" index="0" bw="9" slack="0"/>
<pin id="330" dir="1" index="1" bw="9" slack="0"/>
</pin_list>
<bind>
<opcode="load(27) " fcode="load"/>
<opset="indvar_flatten_load/1 "/>
</bind>
</comp>

<comp id="331" class="1004" name="icmp_ln33_fu_331">
<pin_list>
<pin id="332" dir="0" index="0" bw="9" slack="0"/>
<pin id="333" dir="0" index="1" bw="9" slack="0"/>
<pin id="334" dir="1" index="2" bw="1" slack="1"/>
</pin_list>
<bind>
<opcode="icmp(45) " fcode="icmp"/>
<opset="icmp_ln33/1 "/>
</bind>
</comp>

<comp id="337" class="1004" name="add_ln33_1_fu_337">
<pin_list>
<pin id="338" dir="0" index="0" bw="9" slack="0"/>
<pin id="339" dir="0" index="1" bw="1" slack="0"/>
<pin id="340" dir="1" index="2" bw="9" slack="0"/>
</pin_list>
<bind>
<opcode="add(8) " fcode="add"/>
<opset="add_ln33_1/1 "/>
</bind>
</comp>

<comp id="343" class="1004" name="j_load_load_fu_343">
<pin_list>
<pin id="344" dir="0" index="0" bw="5" slack="0"/>
<pin id="345" dir="1" index="1" bw="5" slack="0"/>
</pin_list>
<bind>
<opcode="load(27) " fcode="load"/>
<opset="j_load/1 "/>
</bind>
</comp>

<comp id="346" class="1004" name="i_load_load_fu_346">
<pin_list>
<pin id="347" dir="0" index="0" bw="5" slack="0"/>
<pin id="348" dir="1" index="1" bw="5" slack="0"/>
</pin_list>
<bind>
<opcode="load(27) " fcode="load"/>
<opset="i_load/1 "/>
</bind>
</comp>

<comp id="349" class="1004" name="add_ln33_fu_349">
<pin_list>
<pin id="350" dir="0" index="0" bw="5" slack="0"/>
<pin id="351" dir="0" index="1" bw="1" slack="0"/>
<pin id="352" dir="1" index="2" bw="5" slack="0"/>
</pin_list>
<bind>
<opcode="add(8) " fcode="add"/>
<opset="add_ln33/1 "/>
</bind>
</comp>

<comp id="355" class="1004" name="icmp_ln34_fu_355">
<pin_list>
<pin id="356" dir="0" index="0" bw="5" slack="0"/>
<pin id="357" dir="0" index="1" bw="5" slack="0"/>
<pin id="358" dir="1" index="2" bw="1" slack="0"/>
</pin_list>
<bind>
<opcode="icmp(45) " fcode="icmp"/>
<opset="icmp_ln34/1 "/>
</bind>
</comp>

<comp id="361" class="1004" name="select_ln33_fu_361">
<pin_list>
<pin id="362" dir="0" index="0" bw="1" slack="0"/>
<pin id="363" dir="0" index="1" bw="1" slack="0"/>
<pin id="364" dir="0" index="2" bw="5" slack="0"/>
<pin id="365" dir="1" index="3" bw="5" slack="0"/>
</pin_list>
<bind>
<opcode="select(49) " fcode="select"/>
<opset="select_ln33/1 "/>
</bind>
</comp>

<comp id="369" class="1004" name="select_ln33_1_fu_369">
<pin_list>
<pin id="370" dir="0" index="0" bw="1" slack="0"/>
<pin id="371" dir="0" index="1" bw="5" slack="0"/>
<pin id="372" dir="0" index="2" bw="5" slack="0"/>
<pin id="373" dir="1" index="3" bw="5" slack="0"/>
</pin_list>
<bind>
<opcode="select(49) " fcode="select"/>
<opset="select_ln33_1/1 "/>
</bind>
</comp>

<comp id="377" class="1004" name="trunc_ln35_fu_377">
<pin_list>
<pin id="378" dir="0" index="0" bw="5" slack="0"/>
<pin id="379" dir="1" index="1" bw="4" slack="1"/>
</pin_list>
<bind>
<opcode="trunc(33) " fcode="trunc"/>
<opset="trunc_ln35/1 "/>
</bind>
</comp>

<comp id="381" class="1004" name="trunc_ln33_fu_381">
<pin_list>
<pin id="382" dir="0" index="0" bw="5" slack="0"/>
<pin id="383" dir="1" index="1" bw="4" slack="0"/>
</pin_list>
<bind>
<opcode="trunc(33) " fcode="trunc"/>
<opset="trunc_ln33/1 "/>
</bind>
</comp>

<comp id="385" class="1004" name="trunc_ln33_1_fu_385">
<pin_list>
<pin id="386" dir="0" index="0" bw="5" slack="0"/>
<pin id="387" dir="1" index="1" bw="4" slack="0"/>
</pin_list>
<bind>
<opcode="trunc(33) " fcode="trunc"/>
<opset="trunc_ln33_1/1 "/>
</bind>
</comp>

<comp id="389" class="1004" name="select_ln33_3_fu_389">
<pin_list>
<pin id="390" dir="0" index="0" bw="1" slack="0"/>
<pin id="391" dir="0" index="1" bw="4" slack="0"/>
<pin id="392" dir="0" index="2" bw="4" slack="0"/>
<pin id="393" dir="1" index="3" bw="4" slack="0"/>
</pin_list>
<bind>
<opcode="select(49) " fcode="select"/>
<opset="select_ln33_3/1 "/>
</bind>
</comp>

<comp id="397" class="1004" name="zext_ln33_fu_397">
<pin_list>
<pin id="398" dir="0" index="0" bw="4" slack="0"/>
<pin id="399" dir="1" index="1" bw="64" slack="0"/>
</pin_list>
<bind>
<opcode="zext(34) " fcode="zext"/>
<opset="zext_ln33/1 "/>
</bind>
</comp>

<comp id="417" class="1004" name="add_ln34_fu_417">
<pin_list>
<pin id="418" dir="0" index="0" bw="5" slack="0"/>
<pin id="419" dir="0" index="1" bw="1" slack="0"/>
<pin id="420" dir="1" index="2" bw="5" slack="0"/>
</pin_list>
<bind>
<opcode="add(8) " fcode="add"/>
<opset="add_ln34/1 "/>
</bind>
</comp>

<comp id="423" class="1004" name="store_ln34_store_fu_423">
<pin_list>
<pin id="424" dir="0" index="0" bw="9" slack="0"/>
<pin id="425" dir="0" index="1" bw="9" slack="0"/>
<pin id="426" dir="1" index="2" bw="0" slack="2147483647"/>
</pin_list>
<bind>
<opcode="store(28) " fcode="store"/>
<opset="store_ln34/1 "/>
</bind>
</comp>

<comp id="428" class="1004" name="store_ln34_store_fu_428">
<pin_list>
<pin id="429" dir="0" index="0" bw="5" slack="0"/>
<pin id="430" dir="0" index="1" bw="5" slack="0"/>
<pin id="431" dir="1" index="2" bw="0" slack="2147483647"/>
</pin_list>
<bind>
<opcode="store(28) " fcode="store"/>
<opset="store_ln34/1 "/>
</bind>
</comp>

<comp id="433" class="1004" name="store_ln34_store_fu_433">
<pin_list>
<pin id="434" dir="0" index="0" bw="5" slack="0"/>
<pin id="435" dir="0" index="1" bw="5" slack="0"/>
<pin id="436" dir="1" index="2" bw="0" slack="2147483647"/>
</pin_list>
<bind>
<opcode="store(28) " fcode="store"/>
<opset="store_ln34/1 "/>
</bind>
</comp>

<comp id="438" class="1004" name="tmp_fu_438">
<pin_list>
<pin id="439" dir="0" index="0" bw="8" slack="0"/>
<pin id="440" dir="0" index="1" bw="4" slack="1"/>
<pin id="441" dir="0" index="2" bw="1" slack="0"/>
<pin id="442" dir="1" index="3" bw="8" slack="0"/>
</pin_list>
<bind>
<opcode="bitconcatenate(1004) " fcode="bitconcatenate"/>
<opset="tmp/2 "/>
</bind>
</comp>

<comp id="445" class="1004" name="zext_ln35_fu_445">
<pin_list>
<pin id="446" dir="0" index="0" bw="5" slack="1"/>
<pin id="447" dir="1" index="1" bw="8" slack="0"/>
</pin_list>
<bind>
<opcode="zext(34) " fcode="zext"/>
<opset="zext_ln35/2 "/>
</bind>
</comp>

<comp id="448" class="1004" name="add_ln35_fu_448">
<pin_list>
<pin id="449" dir="0" index="0" bw="8" slack="0"/>
<pin id="450" dir="0" index="1" bw="5" slack="0"/>
<pin id="451" dir="1" index="2" bw="8" slack="1"/>
</pin_list>
<bind>
<opcode="add(8) " fcode="add"/>
<opset="add_ln35/2 "/>
</bind>
</comp>

<comp id="454" class="1004" name="tmp_s_fu_454">
<pin_list>
<pin id="455" dir="0" index="0" bw="32" slack="0"/>
<pin id="456" dir="0" index="1" bw="32" slack="0"/>
<pin id="457" dir="0" index="2" bw="32" slack="0"/>
<pin id="458" dir="0" index="3" bw="32" slack="0"/>
<pin id="459" dir="0" index="4" bw="32" slack="0"/>
<pin id="460" dir="0" index="5" bw="32" slack="0"/>
<pin id="461" dir="0" index="6" bw="32" slack="0"/>
<pin id="462" dir="0" index="7" bw="32" slack="0"/>
<pin id="463" dir="0" index="8" bw="32" slack="0"/>
<pin id="464" dir="0" index="9" bw="32" slack="0"/>
<pin id="465" dir="0" index="10" bw="32" slack="0"/>
<pin id="466" dir="0" index="11" bw="32" slack="0"/>
<pin id="467" dir="0" index="12" bw="32" slack="0"/>
<pin id="468" dir="0" index="13" bw="32" slack="0"/>
<pin id="469" dir="0" index="14" bw="32" slack="0"/>
<pin id="470" dir="0" index="15" bw="32" slack="0"/>
<pin id="471" dir="0" index="16" bw="32" slack="0"/>
<pin id="472" dir="0" index="17" bw="5" slack="1"/>
<pin id="473" dir="1" index="18" bw="32" slack="1"/>
</pin_list>
<bind>
<opcode="mux(1196) " fcode="mux"/>
<opset="tmp_s/2 "/>
</bind>
</comp>

<comp id="491" class="1004" name="zext_ln35_1_fu_491">
<pin_list>
<pin id="492" dir="0" index="0" bw="8" slack="1"/>
<pin id="493" dir="1" index="1" bw="64" slack="0"/>
</pin_list>
<bind>
<opcode="zext(34) " fcode="zext"/>
<opset="zext_ln35_1/3 "/>
</bind>
</comp>

<comp id="495" class="1005" name="j_reg_495">
<pin_list>
<pin id="496" dir="0" index="0" bw="5" slack="0"/>
<pin id="497" dir="1" index="1" bw="5" slack="0"/>
</pin_list>
<bind>
<opset="j "/>
</bind>
</comp>

<comp id="502" class="1005" name="i_reg_502">
<pin_list>
<pin id="503" dir="0" index="0" bw="5" slack="0"/>
<pin id="504" dir="1" index="1" bw="5" slack="0"/>
</pin_list>
<bind>
<opset="i "/>
</bind>
</comp>

<comp id="509" class="1005" name="indvar_flatten_reg_509">
<pin_list>
<pin id="510" dir="0" index="0" bw="9" slack="0"/>
<pin id="511" dir="1" index="1" bw="9" slack="0"/>
</pin_list>
<bind>
<opset="indvar_flatten "/>
</bind>
</comp>

<comp id="516" class="1005" name="icmp_ln33_reg_516">
<pin_list>
<pin id="517" dir="0" index="0" bw="1" slack="1"/>
<pin id="518" dir="1" index="1" bw="1" slack="2147483647"/>
</pin_list>
<bind>
<opset="icmp_ln33 "/>
</bind>
</comp>

<comp id="520" class="1005" name="select_ln33_reg_520">
<pin_list>
<pin id="521" dir="0" index="0" bw="5" slack="1"/>
<pin id="522" dir="1" index="1" bw="5" slack="1"/>
</pin_list>
<bind>
<opset="select_ln33 "/>
</bind>
</comp>

<comp id="526" class="1005" name="trunc_ln35_reg_526">
<pin_list>
<pin id="527" dir="0" index="0" bw="4" slack="1"/>
<pin id="528" dir="1" index="1" bw="4" slack="1"/>
</pin_list>
<bind>
<opset="trunc_ln35 "/>
</bind>
</comp>

<comp id="531" class="1005" name="AB_addr_reg_531">
<pin_list>
<pin id="532" dir="0" index="0" bw="4" slack="1"/>
<pin id="533" dir="1" index="1" bw="4" slack="1"/>
</pin_list>
<bind>
<opset="AB_addr "/>
</bind>
</comp>

<comp id="536" class="1005" name="AB_1_addr_reg_536">
<pin_list>
<pin id="537" dir="0" index="0" bw="4" slack="1"/>
<pin id="538" dir="1" index="1" bw="4" slack="1"/>
</pin_list>
<bind>
<opset="AB_1_addr "/>
</bind>
</comp>

<comp id="541" class="1005" name="AB_2_addr_reg_541">
<pin_list>
<pin id="542" dir="0" index="0" bw="4" slack="1"/>
<pin id="543" dir="1" index="1" bw="4" slack="1"/>
</pin_list>
<bind>
<opset="AB_2_addr "/>
</bind>
</comp>

<comp id="546" class="1005" name="AB_3_addr_reg_546">
<pin_list>
<pin id="547" dir="0" index="0" bw="4" slack="1"/>
<pin id="548" dir="1" index="1" bw="4" slack="1"/>
</pin_list>
<bind>
<opset="AB_3_addr "/>
</bind>
</comp>

<comp id="551" class="1005" name="AB_4_addr_reg_551">
<pin_list>
<pin id="552" dir="0" index="0" bw="4" slack="1"/>
<pin id="553" dir="1" index="1" bw="4" slack="1"/>
</pin_list>
<bind>
<opset="AB_4_addr "/>
</bind>
</comp>

<comp id="556" class="1005" name="AB_5_addr_reg_556">
<pin_list>
<pin id="557" dir="0" index="0" bw="4" slack="1"/>
<pin id="558" dir="1" index="1" bw="4" slack="1"/>
</pin_list>
<bind>
<opset="AB_5_addr "/>
</bind>
</comp>

<comp id="561" class="1005" name="AB_6_addr_reg_561">
<pin_list>
<pin id="562" dir="0" index="0" bw="4" slack="1"/>
<pin id="563" dir="1" index="1" bw="4" slack="1"/>
</pin_list>
<bind>
<opset="AB_6_addr "/>
</bind>
</comp>

<comp id="566" class="1005" name="AB_7_addr_reg_566">
<pin_list>
<pin id="567" dir="0" index="0" bw="4" slack="1"/>
<pin id="568" dir="1" index="1" bw="4" slack="1"/>
</pin_list>
<bind>
<opset="AB_7_addr "/>
</bind>
</comp>

<comp id="571" class="1005" name="AB_8_addr_reg_571">
<pin_list>
<pin id="572" dir="0" index="0" bw="4" slack="1"/>
<pin id="573" dir="1" index="1" bw="4" slack="1"/>
</pin_list>
<bind>
<opset="AB_8_addr "/>
</bind>
</comp>

<comp id="576" class="1005" name="AB_9_addr_reg_576">
<pin_list>
<pin id="577" dir="0" index="0" bw="4" slack="1"/>
<pin id="578" dir="1" index="1" bw="4" slack="1"/>
</pin_list>
<bind>
<opset="AB_9_addr "/>
</bind>
</comp>

<comp id="581" class="1005" name="AB_10_addr_reg_581">
<pin_list>
<pin id="582" dir="0" index="0" bw="4" slack="1"/>
<pin id="583" dir="1" index="1" bw="4" slack="1"/>
</pin_list>
<bind>
<opset="AB_10_addr "/>
</bind>
</comp>

<comp id="586" class="1005" name="AB_11_addr_reg_586">
<pin_list>
<pin id="587" dir="0" index="0" bw="4" slack="1"/>
<pin id="588" dir="1" index="1" bw="4" slack="1"/>
</pin_list>
<bind>
<opset="AB_11_addr "/>
</bind>
</comp>

<comp id="591" class="1005" name="AB_12_addr_reg_591">
<pin_list>
<pin id="592" dir="0" index="0" bw="4" slack="1"/>
<pin id="593" dir="1" index="1" bw="4" slack="1"/>
</pin_list>
<bind>
<opset="AB_12_addr "/>
</bind>
</comp>

<comp id="596" class="1005" name="AB_13_addr_reg_596">
<pin_list>
<pin id="597" dir="0" index="0" bw="4" slack="1"/>
<pin id="598" dir="1" index="1" bw="4" slack="1"/>
</pin_list>
<bind>
<opset="AB_13_addr "/>
</bind>
</comp>

<comp id="601" class="1005" name="AB_14_addr_reg_601">
<pin_list>
<pin id="602" dir="0" index="0" bw="4" slack="1"/>
<pin id="603" dir="1" index="1" bw="4" slack="1"/>
</pin_list>
<bind>
<opset="AB_14_addr "/>
</bind>
</comp>

<comp id="606" class="1005" name="AB_15_addr_reg_606">
<pin_list>
<pin id="607" dir="0" index="0" bw="4" slack="1"/>
<pin id="608" dir="1" index="1" bw="4" slack="1"/>
</pin_list>
<bind>
<opset="AB_15_addr "/>
</bind>
</comp>

<comp id="611" class="1005" name="add_ln35_reg_611">
<pin_list>
<pin id="612" dir="0" index="0" bw="8" slack="1"/>
<pin id="613" dir="1" index="1" bw="8" slack="1"/>
</pin_list>
<bind>
<opset="add_ln35 "/>
</bind>
</comp>

<comp id="616" class="1005" name="tmp_s_reg_616">
<pin_list>
<pin id="617" dir="0" index="0" bw="32" slack="1"/>
<pin id="618" dir="1" index="1" bw="32" slack="1"/>
</pin_list>
<bind>
<opset="tmp_s "/>
</bind>
</comp>

</comp_list>

<net_list>
<net id="83"><net_src comp="34" pin="0"/><net_sink comp="80" pin=0"/></net>

<net id="87"><net_src comp="34" pin="0"/><net_sink comp="84" pin=0"/></net>

<net id="91"><net_src comp="34" pin="0"/><net_sink comp="88" pin=0"/></net>

<net id="97"><net_src comp="0" pin="0"/><net_sink comp="92" pin=0"/></net>

<net id="98"><net_src comp="62" pin="0"/><net_sink comp="92" pin=1"/></net>

<net id="104"><net_src comp="92" pin="3"/><net_sink comp="99" pin=0"/></net>

<net id="110"><net_src comp="2" pin="0"/><net_sink comp="105" pin=0"/></net>

<net id="111"><net_src comp="62" pin="0"/><net_sink comp="105" pin=1"/></net>

<net id="117"><net_src comp="105" pin="3"/><net_sink comp="112" pin=0"/></net>

<net id="123"><net_src comp="4" pin="0"/><net_sink comp="118" pin=0"/></net>

<net id="124"><net_src comp="62" pin="0"/><net_sink comp="118" pin=1"/></net>

<net id="130"><net_src comp="118" pin="3"/><net_sink comp="125" pin=0"/></net>

<net id="136"><net_src comp="6" pin="0"/><net_sink comp="131" pin=0"/></net>

<net id="137"><net_src comp="62" pin="0"/><net_sink comp="131" pin=1"/></net>

<net id="143"><net_src comp="131" pin="3"/><net_sink comp="138" pin=0"/></net>

<net id="149"><net_src comp="8" pin="0"/><net_sink comp="144" pin=0"/></net>

<net id="150"><net_src comp="62" pin="0"/><net_sink comp="144" pin=1"/></net>

<net id="156"><net_src comp="144" pin="3"/><net_sink comp="151" pin=0"/></net>

<net id="162"><net_src comp="10" pin="0"/><net_sink comp="157" pin=0"/></net>

<net id="163"><net_src comp="62" pin="0"/><net_sink comp="157" pin=1"/></net>

<net id="169"><net_src comp="157" pin="3"/><net_sink comp="164" pin=0"/></net>

<net id="175"><net_src comp="12" pin="0"/><net_sink comp="170" pin=0"/></net>

<net id="176"><net_src comp="62" pin="0"/><net_sink comp="170" pin=1"/></net>

<net id="182"><net_src comp="170" pin="3"/><net_sink comp="177" pin=0"/></net>

<net id="188"><net_src comp="14" pin="0"/><net_sink comp="183" pin=0"/></net>

<net id="189"><net_src comp="62" pin="0"/><net_sink comp="183" pin=1"/></net>

<net id="195"><net_src comp="183" pin="3"/><net_sink comp="190" pin=0"/></net>

<net id="201"><net_src comp="16" pin="0"/><net_sink comp="196" pin=0"/></net>

<net id="202"><net_src comp="62" pin="0"/><net_sink comp="196" pin=1"/></net>

<net id="208"><net_src comp="196" pin="3"/><net_sink comp="203" pin=0"/></net>

<net id="214"><net_src comp="18" pin="0"/><net_sink comp="209" pin=0"/></net>

<net id="215"><net_src comp="62" pin="0"/><net_sink comp="209" pin=1"/></net>

<net id="221"><net_src comp="209" pin="3"/><net_sink comp="216" pin=0"/></net>

<net id="227"><net_src comp="20" pin="0"/><net_sink comp="222" pin=0"/></net>

<net id="228"><net_src comp="62" pin="0"/><net_sink comp="222" pin=1"/></net>

<net id="234"><net_src comp="222" pin="3"/><net_sink comp="229" pin=0"/></net>

<net id="240"><net_src comp="22" pin="0"/><net_sink comp="235" pin=0"/></net>

<net id="241"><net_src comp="62" pin="0"/><net_sink comp="235" pin=1"/></net>

<net id="247"><net_src comp="235" pin="3"/><net_sink comp="242" pin=0"/></net>

<net id="253"><net_src comp="24" pin="0"/><net_sink comp="248" pin=0"/></net>

<net id="254"><net_src comp="62" pin="0"/><net_sink comp="248" pin=1"/></net>

<net id="260"><net_src comp="248" pin="3"/><net_sink comp="255" pin=0"/></net>

<net id="266"><net_src comp="26" pin="0"/><net_sink comp="261" pin=0"/></net>

<net id="267"><net_src comp="62" pin="0"/><net_sink comp="261" pin=1"/></net>

<net id="273"><net_src comp="261" pin="3"/><net_sink comp="268" pin=0"/></net>

<net id="279"><net_src comp="28" pin="0"/><net_sink comp="274" pin=0"/></net>

<net id="280"><net_src comp="62" pin="0"/><net_sink comp="274" pin=1"/></net>

<net id="286"><net_src comp="274" pin="3"/><net_sink comp="281" pin=0"/></net>

<net id="292"><net_src comp="30" pin="0"/><net_sink comp="287" pin=0"/></net>

<net id="293"><net_src comp="62" pin="0"/><net_sink comp="287" pin=1"/></net>

<net id="299"><net_src comp="287" pin="3"/><net_sink comp="294" pin=0"/></net>

<net id="305"><net_src comp="32" pin="0"/><net_sink comp="300" pin=0"/></net>

<net id="306"><net_src comp="62" pin="0"/><net_sink comp="300" pin=1"/></net>

<net id="312"><net_src comp="300" pin="3"/><net_sink comp="307" pin=0"/></net>

<net id="317"><net_src comp="46" pin="0"/><net_sink comp="313" pin=0"/></net>

<net id="322"><net_src comp="48" pin="0"/><net_sink comp="318" pin=0"/></net>

<net id="327"><net_src comp="48" pin="0"/><net_sink comp="323" pin=0"/></net>

<net id="335"><net_src comp="328" pin="1"/><net_sink comp="331" pin=0"/></net>

<net id="336"><net_src comp="54" pin="0"/><net_sink comp="331" pin=1"/></net>

<net id="341"><net_src comp="328" pin="1"/><net_sink comp="337" pin=0"/></net>

<net id="342"><net_src comp="56" pin="0"/><net_sink comp="337" pin=1"/></net>

<net id="353"><net_src comp="346" pin="1"/><net_sink comp="349" pin=0"/></net>

<net id="354"><net_src comp="58" pin="0"/><net_sink comp="349" pin=1"/></net>

<net id="359"><net_src comp="343" pin="1"/><net_sink comp="355" pin=0"/></net>

<net id="360"><net_src comp="60" pin="0"/><net_sink comp="355" pin=1"/></net>

<net id="366"><net_src comp="355" pin="2"/><net_sink comp="361" pin=0"/></net>

<net id="367"><net_src comp="48" pin="0"/><net_sink comp="361" pin=1"/></net>

<net id="368"><net_src comp="343" pin="1"/><net_sink comp="361" pin=2"/></net>

<net id="374"><net_src comp="355" pin="2"/><net_sink comp="369" pin=0"/></net>

<net id="375"><net_src comp="349" pin="2"/><net_sink comp="369" pin=1"/></net>

<net id="376"><net_src comp="346" pin="1"/><net_sink comp="369" pin=2"/></net>

<net id="380"><net_src comp="369" pin="3"/><net_sink comp="377" pin=0"/></net>

<net id="384"><net_src comp="349" pin="2"/><net_sink comp="381" pin=0"/></net>

<net id="388"><net_src comp="346" pin="1"/><net_sink comp="385" pin=0"/></net>

<net id="394"><net_src comp="355" pin="2"/><net_sink comp="389" pin=0"/></net>

<net id="395"><net_src comp="381" pin="1"/><net_sink comp="389" pin=1"/></net>

<net id="396"><net_src comp="385" pin="1"/><net_sink comp="389" pin=2"/></net>

<net id="400"><net_src comp="389" pin="3"/><net_sink comp="397" pin=0"/></net>

<net id="401"><net_src comp="397" pin="1"/><net_sink comp="92" pin=2"/></net>

<net id="402"><net_src comp="397" pin="1"/><net_sink comp="105" pin=2"/></net>

<net id="403"><net_src comp="397" pin="1"/><net_sink comp="118" pin=2"/></net>

<net id="404"><net_src comp="397" pin="1"/><net_sink comp="131" pin=2"/></net>

<net id="405"><net_src comp="397" pin="1"/><net_sink comp="144" pin=2"/></net>

<net id="406"><net_src comp="397" pin="1"/><net_sink comp="157" pin=2"/></net>

<net id="407"><net_src comp="397" pin="1"/><net_sink comp="170" pin=2"/></net>

<net id="408"><net_src comp="397" pin="1"/><net_sink comp="183" pin=2"/></net>

<net id="409"><net_src comp="397" pin="1"/><net_sink comp="196" pin=2"/></net>

<net id="410"><net_src comp="397" pin="1"/><net_sink comp="209" pin=2"/></net>

<net id="411"><net_src comp="397" pin="1"/><net_sink comp="222" pin=2"/></net>

<net id="412"><net_src comp="397" pin="1"/><net_sink comp="235" pin=2"/></net>

<net id="413"><net_src comp="397" pin="1"/><net_sink comp="248" pin=2"/></net>

<net id="414"><net_src comp="397" pin="1"/><net_sink comp="261" pin=2"/></net>

<net id="415"><net_src comp="397" pin="1"/><net_sink comp="274" pin=2"/></net>

<net id="416"><net_src comp="397" pin="1"/><net_sink comp="287" pin=2"/></net>

<net id="421"><net_src comp="361" pin="3"/><net_sink comp="417" pin=0"/></net>

<net id="422"><net_src comp="58" pin="0"/><net_sink comp="417" pin=1"/></net>

<net id="427"><net_src comp="337" pin="2"/><net_sink comp="423" pin=0"/></net>

<net id="432"><net_src comp="369" pin="3"/><net_sink comp="428" pin=0"/></net>

<net id="437"><net_src comp="417" pin="2"/><net_sink comp="433" pin=0"/></net>

<net id="443"><net_src comp="64" pin="0"/><net_sink comp="438" pin=0"/></net>

<net id="444"><net_src comp="66" pin="0"/><net_sink comp="438" pin=2"/></net>

<net id="452"><net_src comp="438" pin="3"/><net_sink comp="448" pin=0"/></net>

<net id="453"><net_src comp="445" pin="1"/><net_sink comp="448" pin=1"/></net>

<net id="474"><net_src comp="68" pin="0"/><net_sink comp="454" pin=0"/></net>

<net id="475"><net_src comp="99" pin="3"/><net_sink comp="454" pin=1"/></net>

<net id="476"><net_src comp="112" pin="3"/><net_sink comp="454" pin=2"/></net>

<net id="477"><net_src comp="125" pin="3"/><net_sink comp="454" pin=3"/></net>

<net id="478"><net_src comp="138" pin="3"/><net_sink comp="454" pin=4"/></net>

<net id="479"><net_src comp="151" pin="3"/><net_sink comp="454" pin=5"/></net>

<net id="480"><net_src comp="164" pin="3"/><net_sink comp="454" pin=6"/></net>

<net id="481"><net_src comp="177" pin="3"/><net_sink comp="454" pin=7"/></net>

<net id="482"><net_src comp="190" pin="3"/><net_sink comp="454" pin=8"/></net>

<net id="483"><net_src comp="203" pin="3"/><net_sink comp="454" pin=9"/></net>

<net id="484"><net_src comp="216" pin="3"/><net_sink comp="454" pin=10"/></net>

<net id="485"><net_src comp="229" pin="3"/><net_sink comp="454" pin=11"/></net>

<net id="486"><net_src comp="242" pin="3"/><net_sink comp="454" pin=12"/></net>

<net id="487"><net_src comp="255" pin="3"/><net_sink comp="454" pin=13"/></net>

<net id="488"><net_src comp="268" pin="3"/><net_sink comp="454" pin=14"/></net>

<net id="489"><net_src comp="281" pin="3"/><net_sink comp="454" pin=15"/></net>

<net id="490"><net_src comp="294" pin="3"/><net_sink comp="454" pin=16"/></net>

<net id="494"><net_src comp="491" pin="1"/><net_sink comp="300" pin=2"/></net>

<net id="498"><net_src comp="80" pin="1"/><net_sink comp="495" pin=0"/></net>

<net id="499"><net_src comp="495" pin="1"/><net_sink comp="323" pin=1"/></net>

<net id="500"><net_src comp="495" pin="1"/><net_sink comp="343" pin=0"/></net>

<net id="501"><net_src comp="495" pin="1"/><net_sink comp="433" pin=1"/></net>

<net id="505"><net_src comp="84" pin="1"/><net_sink comp="502" pin=0"/></net>

<net id="506"><net_src comp="502" pin="1"/><net_sink comp="318" pin=1"/></net>

<net id="507"><net_src comp="502" pin="1"/><net_sink comp="346" pin=0"/></net>

<net id="508"><net_src comp="502" pin="1"/><net_sink comp="428" pin=1"/></net>

<net id="512"><net_src comp="88" pin="1"/><net_sink comp="509" pin=0"/></net>

<net id="513"><net_src comp="509" pin="1"/><net_sink comp="313" pin=1"/></net>

<net id="514"><net_src comp="509" pin="1"/><net_sink comp="328" pin=0"/></net>

<net id="515"><net_src comp="509" pin="1"/><net_sink comp="423" pin=1"/></net>

<net id="519"><net_src comp="331" pin="2"/><net_sink comp="516" pin=0"/></net>

<net id="523"><net_src comp="361" pin="3"/><net_sink comp="520" pin=0"/></net>

<net id="524"><net_src comp="520" pin="1"/><net_sink comp="445" pin=0"/></net>

<net id="525"><net_src comp="520" pin="1"/><net_sink comp="454" pin=17"/></net>

<net id="529"><net_src comp="377" pin="1"/><net_sink comp="526" pin=0"/></net>

<net id="530"><net_src comp="526" pin="1"/><net_sink comp="438" pin=1"/></net>

<net id="534"><net_src comp="92" pin="3"/><net_sink comp="531" pin=0"/></net>

<net id="535"><net_src comp="531" pin="1"/><net_sink comp="99" pin=0"/></net>

<net id="539"><net_src comp="105" pin="3"/><net_sink comp="536" pin=0"/></net>

<net id="540"><net_src comp="536" pin="1"/><net_sink comp="112" pin=0"/></net>

<net id="544"><net_src comp="118" pin="3"/><net_sink comp="541" pin=0"/></net>

<net id="545"><net_src comp="541" pin="1"/><net_sink comp="125" pin=0"/></net>

<net id="549"><net_src comp="131" pin="3"/><net_sink comp="546" pin=0"/></net>

<net id="550"><net_src comp="546" pin="1"/><net_sink comp="138" pin=0"/></net>

<net id="554"><net_src comp="144" pin="3"/><net_sink comp="551" pin=0"/></net>

<net id="555"><net_src comp="551" pin="1"/><net_sink comp="151" pin=0"/></net>

<net id="559"><net_src comp="157" pin="3"/><net_sink comp="556" pin=0"/></net>

<net id="560"><net_src comp="556" pin="1"/><net_sink comp="164" pin=0"/></net>

<net id="564"><net_src comp="170" pin="3"/><net_sink comp="561" pin=0"/></net>

<net id="565"><net_src comp="561" pin="1"/><net_sink comp="177" pin=0"/></net>

<net id="569"><net_src comp="183" pin="3"/><net_sink comp="566" pin=0"/></net>

<net id="570"><net_src comp="566" pin="1"/><net_sink comp="190" pin=0"/></net>

<net id="574"><net_src comp="196" pin="3"/><net_sink comp="571" pin=0"/></net>

<net id="575"><net_src comp="571" pin="1"/><net_sink comp="203" pin=0"/></net>

<net id="579"><net_src comp="209" pin="3"/><net_sink comp="576" pin=0"/></net>

<net id="580"><net_src comp="576" pin="1"/><net_sink comp="216" pin=0"/></net>

<net id="584"><net_src comp="222" pin="3"/><net_sink comp="581" pin=0"/></net>

<net id="585"><net_src comp="581" pin="1"/><net_sink comp="229" pin=0"/></net>

<net id="589"><net_src comp="235" pin="3"/><net_sink comp="586" pin=0"/></net>

<net id="590"><net_src comp="586" pin="1"/><net_sink comp="242" pin=0"/></net>

<net id="594"><net_src comp="248" pin="3"/><net_sink comp="591" pin=0"/></net>

<net id="595"><net_src comp="591" pin="1"/><net_sink comp="255" pin=0"/></net>

<net id="599"><net_src comp="261" pin="3"/><net_sink comp="596" pin=0"/></net>

<net id="600"><net_src comp="596" pin="1"/><net_sink comp="268" pin=0"/></net>

<net id="604"><net_src comp="274" pin="3"/><net_sink comp="601" pin=0"/></net>

<net id="605"><net_src comp="601" pin="1"/><net_sink comp="281" pin=0"/></net>

<net id="609"><net_src comp="287" pin="3"/><net_sink comp="606" pin=0"/></net>

<net id="610"><net_src comp="606" pin="1"/><net_sink comp="294" pin=0"/></net>

<net id="614"><net_src comp="448" pin="2"/><net_sink comp="611" pin=0"/></net>

<net id="615"><net_src comp="611" pin="1"/><net_sink comp="491" pin=0"/></net>

<net id="619"><net_src comp="454" pin="18"/><net_sink comp="616" pin=0"/></net>

<net id="620"><net_src comp="616" pin="1"/><net_sink comp="307" pin=1"/></net>

</net_list>

</model> 
---------------- Datapath Model END ------------------

* FSMD analyzer results:
  - Output states:
	Port: ABpartial | {3 }
 - Input state : 
	Port: Loop_writeoutput_proc : AB | {1 2 }
	Port: Loop_writeoutput_proc : AB_1 | {1 2 }
	Port: Loop_writeoutput_proc : AB_2 | {1 2 }
	Port: Loop_writeoutput_proc : AB_3 | {1 2 }
	Port: Loop_writeoutput_proc : AB_4 | {1 2 }
	Port: Loop_writeoutput_proc : AB_5 | {1 2 }
	Port: Loop_writeoutput_proc : AB_6 | {1 2 }
	Port: Loop_writeoutput_proc : AB_7 | {1 2 }
	Port: Loop_writeoutput_proc : AB_8 | {1 2 }
	Port: Loop_writeoutput_proc : AB_9 | {1 2 }
	Port: Loop_writeoutput_proc : AB_10 | {1 2 }
	Port: Loop_writeoutput_proc : AB_11 | {1 2 }
	Port: Loop_writeoutput_proc : AB_12 | {1 2 }
	Port: Loop_writeoutput_proc : AB_13 | {1 2 }
	Port: Loop_writeoutput_proc : AB_14 | {1 2 }
	Port: Loop_writeoutput_proc : AB_15 | {1 2 }
  - Chain level:
	State 1
		store_ln0 : 1
		store_ln0 : 1
		store_ln0 : 1
		indvar_flatten_load : 1
		icmp_ln33 : 2
		add_ln33_1 : 2
		br_ln33 : 3
		j_load : 1
		i_load : 1
		add_ln33 : 2
		icmp_ln34 : 2
		select_ln33 : 3
		select_ln33_1 : 3
		trunc_ln35 : 4
		trunc_ln33 : 3
		trunc_ln33_1 : 2
		select_ln33_3 : 4
		zext_ln33 : 5
		AB_addr : 6
		AB_load : 7
		AB_1_addr : 6
		AB_1_load : 7
		AB_2_addr : 6
		AB_2_load : 7
		AB_3_addr : 6
		AB_3_load : 7
		AB_4_addr : 6
		AB_4_load : 7
		AB_5_addr : 6
		AB_5_load : 7
		AB_6_addr : 6
		AB_6_load : 7
		AB_7_addr : 6
		AB_7_load : 7
		AB_8_addr : 6
		AB_8_load : 7
		AB_9_addr : 6
		AB_9_load : 7
		AB_10_addr : 6
		AB_10_load : 7
		AB_11_addr : 6
		AB_11_load : 7
		AB_12_addr : 6
		AB_12_load : 7
		AB_13_addr : 6
		AB_13_load : 7
		AB_14_addr : 6
		AB_14_load : 7
		AB_15_addr : 6
		AB_15_load : 7
		add_ln34 : 4
		store_ln34 : 3
		store_ln34 : 4
		store_ln34 : 5
	State 2
		add_ln35 : 1
		tmp_s : 1
	State 3
		ABpartial_addr : 1
		store_ln35 : 2


============================================================
+ Verbose Summary: Datapath Resource usage 
============================================================

* Functional unit list:
|----------|----------------------|---------|---------|
| Operation|    Functional Unit   |    FF   |   LUT   |
|----------|----------------------|---------|---------|
|    mux   |     tmp_s_fu_454     |    0    |    65   |
|----------|----------------------|---------|---------|
|          |   add_ln33_1_fu_337  |    0    |    14   |
|    add   |    add_ln33_fu_349   |    0    |    13   |
|          |    add_ln34_fu_417   |    0    |    13   |
|          |    add_ln35_fu_448   |    0    |    15   |
|----------|----------------------|---------|---------|
|   icmp   |   icmp_ln33_fu_331   |    0    |    11   |
|          |   icmp_ln34_fu_355   |    0    |    9    |
|----------|----------------------|---------|---------|
|          |  select_ln33_fu_361  |    0    |    5    |
|  select  | select_ln33_1_fu_369 |    0    |    5    |
|          | select_ln33_3_fu_389 |    0    |    4    |
|----------|----------------------|---------|---------|
|          |   trunc_ln35_fu_377  |    0    |    0    |
|   trunc  |   trunc_ln33_fu_381  |    0    |    0    |
|          |  trunc_ln33_1_fu_385 |    0    |    0    |
|----------|----------------------|---------|---------|
|          |   zext_ln33_fu_397   |    0    |    0    |
|   zext   |   zext_ln35_fu_445   |    0    |    0    |
|          |  zext_ln35_1_fu_491  |    0    |    0    |
|----------|----------------------|---------|---------|
|bitconcatenate|      tmp_fu_438      |    0    |    0    |
|----------|----------------------|---------|---------|
|   Total  |                      |    0    |   154   |
|----------|----------------------|---------|---------|

Memories:
N/A

* Register list:
+----------------------+--------+
|                      |   FF   |
+----------------------+--------+
|  AB_10_addr_reg_581  |    4   |
|  AB_11_addr_reg_586  |    4   |
|  AB_12_addr_reg_591  |    4   |
|  AB_13_addr_reg_596  |    4   |
|  AB_14_addr_reg_601  |    4   |
|  AB_15_addr_reg_606  |    4   |
|   AB_1_addr_reg_536  |    4   |
|   AB_2_addr_reg_541  |    4   |
|   AB_3_addr_reg_546  |    4   |
|   AB_4_addr_reg_551  |    4   |
|   AB_5_addr_reg_556  |    4   |
|   AB_6_addr_reg_561  |    4   |
|   AB_7_addr_reg_566  |    4   |
|   AB_8_addr_reg_571  |    4   |
|   AB_9_addr_reg_576  |    4   |
|    AB_addr_reg_531   |    4   |
|   add_ln35_reg_611   |    8   |
|       i_reg_502      |    5   |
|   icmp_ln33_reg_516  |    1   |
|indvar_flatten_reg_509|    9   |
|       j_reg_495      |    5   |
|  select_ln33_reg_520 |    5   |
|     tmp_s_reg_616    |   32   |
|  trunc_ln35_reg_526  |    4   |
+----------------------+--------+
|         Total        |   133  |
+----------------------+--------+

* Multiplexer (MUX) list: 
|-------------------|------|------|------|--------||---------||---------|
|        Comp       |  Pin | Size |  BW  | S x BW ||  Delay  ||   LUT   |
|-------------------|------|------|------|--------||---------||---------|
|  grp_access_fu_99 |  p0  |   2  |   4  |    8   ||    9    |
| grp_access_fu_112 |  p0  |   2  |   4  |    8   ||    9    |
| grp_access_fu_125 |  p0  |   2  |   4  |    8   ||    9    |
| grp_access_fu_138 |  p0  |   2  |   4  |    8   ||    9    |
| grp_access_fu_151 |  p0  |   2  |   4  |    8   ||    9    |
| grp_access_fu_164 |  p0  |   2  |   4  |    8   ||    9    |
| grp_access_fu_177 |  p0  |   2  |   4  |    8   ||    9    |
| grp_access_fu_190 |  p0  |   2  |   4  |    8   ||    9    |
| grp_access_fu_203 |  p0  |   2  |   4  |    8   ||    9    |
| grp_access_fu_216 |  p0  |   2  |   4  |    8   ||    9    |
| grp_access_fu_229 |  p0  |   2  |   4  |    8   ||    9    |
| grp_access_fu_242 |  p0  |   2  |   4  |    8   ||    9    |
| grp_access_fu_255 |  p0  |   2  |   4  |    8   ||    9    |
| grp_access_fu_268 |  p0  |   2  |   4  |    8   ||    9    |
| grp_access_fu_281 |  p0  |   2  |   4  |    8   ||    9    |
| grp_access_fu_294 |  p0  |   2  |   4  |    8   ||    9    |
|-------------------|------|------|------|--------||---------||---------|
|       Total       |      |      |      |   128  ||  25.408 ||   144   |
|-------------------|------|------|------|--------||---------||---------|



* Summary:
+-----------+--------+--------+--------+
|           |  Delay |   FF   |   LUT  |
+-----------+--------+--------+--------+
|  Function |    -   |    0   |   154  |
|   Memory  |    -   |    -   |    -   |
|Multiplexer|   25   |    -   |   144  |
|  Register |    -   |   133  |    -   |
+-----------+--------+--------+--------+
|   Total   |   25   |   133  |   298  |
+-----------+--------+--------+--------+
