Vivado Simulator v2022.1
Copyright 1986-1999, 2001-2022 Xilinx, Inc. All Rights Reserved.
Running: D:/tool/Xilinx/Vivado/2022.1/bin/unwrapped/win64.o/xelab.exe xil_defaultlib.apatb_blockmatmul_top glbl -Oenable_linking_all_libraries -prj blockmatmul.prj -L smartconnect_v1_0 -L axi_protocol_checker_v1_1_12 -L axi_protocol_checker_v1_1_13 -L axis_protocol_checker_v1_1_11 -L axis_protocol_checker_v1_1_12 -L xil_defaultlib -L unisims_ver -L xpm -L floating_point_v7_0_20 -L floating_point_v7_1_14 --lib ieee_proposed=./ieee_proposed -s blockmatmul -debug wave 
Multi-threading is on. Using 4 slave threads.
INFO: [VRFC 10-2263] Analyzing SystemVerilog file "E:/Xilinx/Vitis/LabB/solution1/sim/verilog/glbl.v" into library work
INFO: [VRFC 10-311] analyzing module glbl
INFO: [VRFC 10-2263] Analyzing SystemVerilog file "E:/Xilinx/Vitis/LabB/solution1/sim/verilog/AESL_autofifo_Arows.v" into library xil_defaultlib
INFO: [VRFC 10-311] analyzing module AESL_autofifo_Arows
INFO: [VRFC 10-2263] Analyzing SystemVerilog file "E:/Xilinx/Vitis/LabB/solution1/sim/verilog/AESL_autofifo_Bcols.v" into library xil_defaultlib
INFO: [VRFC 10-311] analyzing module AESL_autofifo_Bcols
INFO: [VRFC 10-2263] Analyzing SystemVerilog file "E:/Xilinx/Vitis/LabB/solution1/sim/verilog/AESL_automem_ABpartial.v" into library xil_defaultlib
INFO: [VRFC 10-311] analyzing module AESL_automem_ABpartial
INFO: [VRFC 10-2263] Analyzing SystemVerilog file "E:/Xilinx/Vitis/LabB/solution1/sim/verilog/blockmatmul.autotb.v" into library xil_defaultlib
INFO: [VRFC 10-311] analyzing module apatb_blockmatmul_top
INFO: [VRFC 10-2263] Analyzing SystemVerilog file "E:/Xilinx/Vitis/LabB/solution1/sim/verilog/blockmatmul.v" into library xil_defaultlib
INFO: [VRFC 10-311] analyzing module blockmatmul
INFO: [VRFC 10-2263] Analyzing SystemVerilog file "E:/Xilinx/Vitis/LabB/solution1/sim/verilog/blockmatmul_AB_RAM_AUTO_1R1W.v" into library xil_defaultlib
INFO: [VRFC 10-311] analyzing module blockmatmul_AB_RAM_AUTO_1R1W
INFO: [VRFC 10-2263] Analyzing SystemVerilog file "E:/Xilinx/Vitis/LabB/solution1/sim/verilog/blockmatmul_A_RAM_AUTO_1R1W.v" into library xil_defaultlib
INFO: [VRFC 10-311] analyzing module blockmatmul_A_RAM_AUTO_1R1W
INFO: [VRFC 10-2263] Analyzing SystemVerilog file "E:/Xilinx/Vitis/LabB/solution1/sim/verilog/blockmatmul_blockmatmul_Pipeline_1.v" into library xil_defaultlib
INFO: [VRFC 10-311] analyzing module blockmatmul_blockmatmul_Pipeline_1
INFO: [VRFC 10-2263] Analyzing SystemVerilog file "E:/Xilinx/Vitis/LabB/solution1/sim/verilog/blockmatmul_blockmatmul_Pipeline_loadA.v" into library xil_defaultlib
INFO: [VRFC 10-311] analyzing module blockmatmul_blockmatmul_Pipeline_loadA
INFO: [VRFC 10-2263] Analyzing SystemVerilog file "E:/Xilinx/Vitis/LabB/solution1/sim/verilog/blockmatmul_blockmatmul_Pipeline_ps_i.v" into library xil_defaultlib
INFO: [VRFC 10-311] analyzing module blockmatmul_blockmatmul_Pipeline_ps_i
INFO: [VRFC 10-2263] Analyzing SystemVerilog file "E:/Xilinx/Vitis/LabB/solution1/sim/verilog/blockmatmul_blockmatmul_Pipeline_writeoutput_VITIS_LOOP_34_2.v" into library xil_defaultlib
INFO: [VRFC 10-311] analyzing module blockmatmul_blockmatmul_Pipeline_writeoutput_VITIS_LOOP_34_2
INFO: [VRFC 10-2263] Analyzing SystemVerilog file "E:/Xilinx/Vitis/LabB/solution1/sim/verilog/blockmatmul_flow_control_loop_pipe_sequential_init.v" into library xil_defaultlib
INFO: [VRFC 10-311] analyzing module blockmatmul_flow_control_loop_pipe_sequential_init
INFO: [VRFC 10-2263] Analyzing SystemVerilog file "E:/Xilinx/Vitis/LabB/solution1/sim/verilog/blockmatmul_mul_32s_32s_32_2_1.v" into library xil_defaultlib
INFO: [VRFC 10-311] analyzing module blockmatmul_mul_32s_32s_32_2_1
INFO: [VRFC 10-2263] Analyzing SystemVerilog file "E:/Xilinx/Vitis/LabB/solution1/sim/verilog/dataflow_monitor.sv" into library xil_defaultlib
INFO: [VRFC 10-311] analyzing module dataflow_monitor
Starting static elaboration
Pass Through NonSizing Optimizer
Completed static elaboration
Starting simulation data flow analysis
Completed simulation data flow analysis
Time Resolution for simulation is 1ps
Compiling package xil_defaultlib.$unit_dataflow_monitor_sv
Compiling module xil_defaultlib.blockmatmul_A_RAM_AUTO_1R1W
Compiling module xil_defaultlib.blockmatmul_AB_RAM_AUTO_1R1W
Compiling module xil_defaultlib.blockmatmul_flow_control_loop_pi...
Compiling module xil_defaultlib.blockmatmul_blockmatmul_Pipeline...
Compiling module xil_defaultlib.blockmatmul_blockmatmul_Pipeline...
Compiling module xil_defaultlib.blockmatmul_blockmatmul_Pipeline...
Compiling module xil_defaultlib.blockmatmul_mul_32s_32s_32_2_1(N...
Compiling module xil_defaultlib.blockmatmul_blockmatmul_Pipeline...
Compiling module xil_defaultlib.blockmatmul
Compiling module xil_defaultlib.AESL_autofifo_Arows
Compiling module xil_defaultlib.AESL_autofifo_Bcols
Compiling module xil_defaultlib.AESL_automem_ABpartial
Compiling module xil_defaultlib.nodf_module_intf
Compiling module xil_defaultlib.seq_loop_intf(FSM_WIDTH=8)
Compiling module xil_defaultlib.upc_loop_intf(FSM_WIDTH=8)
Compiling module xil_defaultlib.upc_loop_intf(FSM_WIDTH=1)
Compiling module xil_defaultlib.upc_loop_intf(FSM_WIDTH=16)
Compiling module xil_defaultlib.dataflow_monitor_1
Compiling module xil_defaultlib.apatb_blockmatmul_top
Compiling module work.glbl
Built simulation snapshot blockmatmul
