

================================================================
== Vitis HLS Report for 'Loop_1_proc1_Pipeline_1'
================================================================
* Date:           Wed Apr 12 06:54:18 2023

* Version:        2022.1 (Build 3526262 on Mon Apr 18 15:48:16 MDT 2022)
* Project:        LabB
* Solution:       solution5 (Vivado IP Flow Target)
* Product family: zynq
* Target device:  xc7z020-clg400-1


================================================================
== Performance Estimates
================================================================
+ Timing: 
    * Summary: 
    +--------+----------+----------+------------+
    |  Clock |  Target  | Estimated| Uncertainty|
    +--------+----------+----------+------------+
    |ap_clk  |  10.00 ns|  6.194 ns|     2.70 ns|
    +--------+----------+----------+------------+

+ Latency: 
    * Summary: 
    +---------+---------+----------+----------+-----+-----+---------+
    |  Latency (cycles) |  Latency (absolute) |  Interval | Pipeline|
    |   min   |   max   |    min   |    max   | min | max |   Type  |
    +---------+---------+----------+----------+-----+-----+---------+
    |      258|      258|  2.580 us|  2.580 us|  258|  258|       no|
    +---------+---------+----------+----------+-----+-----+---------+

    + Detail: 
        * Instance: 
        N/A

        * Loop: 
        +----------+---------+---------+----------+-----------+-----------+------+----------+
        |          |  Latency (cycles) | Iteration|  Initiation Interval  | Trip |          |
        | Loop Name|   min   |   max   |  Latency |  achieved |   target  | Count| Pipelined|
        +----------+---------+---------+----------+-----------+-----------+------+----------+
        |- Loop 1  |      256|      256|         1|          1|          1|   256|       yes|
        +----------+---------+---------+----------+-----------+-----------+------+----------+



================================================================
== Utilization Estimates
================================================================
* Summary: 
+-----------------+---------+-----+--------+-------+-----+
|       Name      | BRAM_18K| DSP |   FF   |  LUT  | URAM|
+-----------------+---------+-----+--------+-------+-----+
|DSP              |        -|    -|       -|      -|    -|
|Expression       |        -|    -|       0|    207|    -|
|FIFO             |        -|    -|       -|      -|    -|
|Instance         |        -|    -|       -|      -|    -|
|Memory           |        -|    -|       -|      -|    -|
|Multiplexer      |        -|    -|       -|     36|    -|
|Register         |        -|    -|      11|      -|    -|
+-----------------+---------+-----+--------+-------+-----+
|Total            |        0|    0|      11|    243|    0|
+-----------------+---------+-----+--------+-------+-----+
|Available        |      280|  220|  106400|  53200|    0|
+-----------------+---------+-----+--------+-------+-----+
|Utilization (%)  |        0|    0|      ~0|     ~0|    0|
+-----------------+---------+-----+--------+-------+-----+

+ Detail: 
    * Instance: 
    N/A

    * DSP: 
    N/A

    * Memory: 
    N/A

    * FIFO: 
    N/A

    * Expression: 
    +----------------------------+----------+----+---+-----+------------+------------+
    |        Variable Name       | Operation| DSP| FF| LUT | Bitwidth P0| Bitwidth P1|
    +----------------------------+----------+----+---+-----+------------+------------+
    |empty_112_fu_72_p2          |         +|   0|  0|   14|           9|           1|
    |exitcond36418_i_i_fu_66_p2  |      icmp|   0|  0|   11|           9|          10|
    |mask_fu_109_p2              |       shl|   0|  0|  182|           4|          64|
    +----------------------------+----------+----+---+-----+------------+------------+
    |Total                       |          |   0|  0|  207|          22|          75|
    +----------------------------+----------+----+---+-----+------------+------------+

    * Multiplexer: 
    +-------------------------+----+-----------+-----+-----------+
    |           Name          | LUT| Input Size| Bits| Total Bits|
    +-------------------------+----+-----------+-----+-----------+
    |AB_we0                   |   9|          2|   64|        128|
    |ap_done_int              |   9|          2|    1|          2|
    |ap_sig_allocacmp_p_load  |   9|          2|    9|         18|
    |empty_fu_42              |   9|          2|    9|         18|
    +-------------------------+----+-----------+-----+-----------+
    |Total                    |  36|          8|   83|        166|
    +-------------------------+----+-----------+-----+-----------+

    * Register: 
    +-------------+---+----+-----+-----------+
    |     Name    | FF| LUT| Bits| Const Bits|
    +-------------+---+----+-----+-----------+
    |ap_CS_fsm    |  1|   0|    1|          0|
    |ap_done_reg  |  1|   0|    1|          0|
    |empty_fu_42  |  9|   0|    9|          0|
    +-------------+---+----+-----+-----------+
    |Total        | 11|   0|   11|          0|
    +-------------+---+----+-----+-----------+



================================================================
== Interface
================================================================
* Summary: 
+-------------+-----+-----+------------+-------------------------+--------------+
|  RTL Ports  | Dir | Bits|  Protocol  |      Source Object      |    C Type    |
+-------------+-----+-----+------------+-------------------------+--------------+
|ap_clk       |   in|    1|  ap_ctrl_hs|  Loop_1_proc1_Pipeline_1|  return value|
|ap_rst       |   in|    1|  ap_ctrl_hs|  Loop_1_proc1_Pipeline_1|  return value|
|ap_start     |   in|    1|  ap_ctrl_hs|  Loop_1_proc1_Pipeline_1|  return value|
|ap_done      |  out|    1|  ap_ctrl_hs|  Loop_1_proc1_Pipeline_1|  return value|
|ap_idle      |  out|    1|  ap_ctrl_hs|  Loop_1_proc1_Pipeline_1|  return value|
|ap_ready     |  out|    1|  ap_ctrl_hs|  Loop_1_proc1_Pipeline_1|  return value|
|AB_address0  |  out|    4|   ap_memory|                       AB|         array|
|AB_ce0       |  out|    1|   ap_memory|                       AB|         array|
|AB_we0       |  out|   64|   ap_memory|                       AB|         array|
|AB_d0        |  out|  512|   ap_memory|                       AB|         array|
+-------------+-----+-----+------------+-------------------------+--------------+

