

================================================================
== Vitis HLS Report for 'Loop_1_proc1_Pipeline_loadA'
================================================================
* Date:           Wed Apr 12 06:54:18 2023

* Version:        2022.1 (Build 3526262 on Mon Apr 18 15:48:16 MDT 2022)
* Project:        LabB
* Solution:       solution5 (Vivado IP Flow Target)
* Product family: zynq
* Target device:  xc7z020-clg400-1


================================================================
== Performance Estimates
================================================================
+ Timing: 
    * Summary: 
    +--------+----------+----------+------------+
    |  Clock |  Target  | Estimated| Uncertainty|
    +--------+----------+----------+------------+
    |ap_clk  |  10.00 ns|  6.731 ns|     2.70 ns|
    +--------+----------+----------+------------+

+ Latency: 
    * Summary: 
    +---------+---------+----------+----------+-----+-----+---------+
    |  Latency (cycles) |  Latency (absolute) |  Interval | Pipeline|
    |   min   |   max   |    min   |    max   | min | max |   Type  |
    +---------+---------+----------+----------+-----+-----+---------+
    |       66|       66|  0.660 us|  0.660 us|   66|   66|       no|
    +---------+---------+----------+----------+-----+-----+---------+

    + Detail: 
        * Instance: 
        N/A

        * Loop: 
        +----------+---------+---------+----------+-----------+-----------+------+----------+
        |          |  Latency (cycles) | Iteration|  Initiation Interval  | Trip |          |
        | Loop Name|   min   |   max   |  Latency |  achieved |   target  | Count| Pipelined|
        +----------+---------+---------+----------+-----------+-----------+------+----------+
        |- loadA   |       64|       64|         2|          1|          1|    64|       yes|
        +----------+---------+---------+----------+-----------+-----------+------+----------+



================================================================
== Utilization Estimates
================================================================
* Summary: 
+-----------------+---------+-----+--------+-------+-----+
|       Name      | BRAM_18K| DSP |   FF   |  LUT  | URAM|
+-----------------+---------+-----+--------+-------+-----+
|DSP              |        -|    -|       -|      -|    -|
|Expression       |        -|    -|       0|     29|    -|
|FIFO             |        -|    -|       -|      -|    -|
|Instance         |        -|    -|       -|      -|    -|
|Memory           |        -|    -|       -|      -|    -|
|Multiplexer      |        -|    -|       -|     45|    -|
|Register         |        -|    -|      17|      -|    -|
+-----------------+---------+-----+--------+-------+-----+
|Total            |        0|    0|      17|     74|    0|
+-----------------+---------+-----+--------+-------+-----+
|Available        |      280|  220|  106400|  53200|    0|
+-----------------+---------+-----+--------+-------+-----+
|Utilization (%)  |        0|    0|      ~0|     ~0|    0|
+-----------------+---------+-----+--------+-------+-----+

+ Detail: 
    * Instance: 
    N/A

    * DSP: 
    N/A

    * Memory: 
    N/A

    * FIFO: 
    N/A

    * Expression: 
    +---------------------------+----------+----+---+----+------------+------------+
    |       Variable Name       | Operation| DSP| FF| LUT| Bitwidth P0| Bitwidth P1|
    +---------------------------+----------+----+---+----+------------+------------+
    |add_ln14_fu_362_p2         |         +|   0|  0|  14|           7|           1|
    |ap_block_pp0_stage0_11001  |       and|   0|  0|   2|           1|           1|
    |icmp_ln14_fu_356_p2        |      icmp|   0|  0|  11|           7|           8|
    |ap_enable_pp0              |       xor|   0|  0|   2|           1|           2|
    +---------------------------+----------+----+---+----+------------+------------+
    |Total                      |          |   0|  0|  29|          16|          12|
    +---------------------------+----------+----+---+----+------------+------------+

    * Multiplexer: 
    +-------------------------+----+-----------+-----+-----------+
    |           Name          | LUT| Input Size| Bits| Total Bits|
    +-------------------------+----+-----------+-----+-----------+
    |Arows_blk_n              |   9|          2|    1|          2|
    |ap_done_int              |   9|          2|    1|          2|
    |ap_enable_reg_pp0_iter1  |   9|          2|    1|          2|
    |ap_sig_allocacmp_i_2     |   9|          2|    7|         14|
    |i_fu_130                 |   9|          2|    7|         14|
    +-------------------------+----+-----------+-----+-----------+
    |Total                    |  45|         10|   17|         34|
    +-------------------------+----+-----------+-----+-----------+

    * Register: 
    +-------------------------+---+----+-----+-----------+
    |           Name          | FF| LUT| Bits| Const Bits|
    +-------------------------+---+----+-----+-----------+
    |ap_CS_fsm                |  1|   0|    1|          0|
    |ap_done_reg              |  1|   0|    1|          0|
    |ap_enable_reg_pp0_iter1  |  1|   0|    1|          0|
    |i_2_reg_569              |  7|   0|    7|          0|
    |i_fu_130                 |  7|   0|    7|          0|
    +-------------------------+---+----+-----+-----------+
    |Total                    | 17|   0|   17|          0|
    +-------------------------+---+----+-----+-----------+



================================================================
== Interface
================================================================
* Summary: 
+-----------------------------------------------------------------------------+-----+-----+------------+--------------------------------------------------------------------+--------------+
|                                  RTL Ports                                  | Dir | Bits|  Protocol  |                            Source Object                           |    C Type    |
+-----------------------------------------------------------------------------+-----+-----+------------+--------------------------------------------------------------------+--------------+
|ap_clk                                                                       |   in|    1|  ap_ctrl_hs|                                         Loop_1_proc1_Pipeline_loadA|  return value|
|ap_rst                                                                       |   in|    1|  ap_ctrl_hs|                                         Loop_1_proc1_Pipeline_loadA|  return value|
|ap_start                                                                     |   in|    1|  ap_ctrl_hs|                                         Loop_1_proc1_Pipeline_loadA|  return value|
|ap_done                                                                      |  out|    1|  ap_ctrl_hs|                                         Loop_1_proc1_Pipeline_loadA|  return value|
|ap_idle                                                                      |  out|    1|  ap_ctrl_hs|                                         Loop_1_proc1_Pipeline_loadA|  return value|
|ap_ready                                                                     |  out|    1|  ap_ctrl_hs|                                         Loop_1_proc1_Pipeline_loadA|  return value|
|Arows_dout                                                                   |   in|  512|     ap_fifo|                                                               Arows|       pointer|
|Arows_empty_n                                                                |   in|    1|     ap_fifo|                                                               Arows|       pointer|
|Arows_read                                                                   |  out|    1|     ap_fifo|                                                               Arows|       pointer|
|blockmatmul_stream_blockvec_0_stream_blockvec_0_blockmat_int_A_address0      |  out|    6|   ap_memory|      blockmatmul_stream_blockvec_0_stream_blockvec_0_blockmat_int_A|         array|
|blockmatmul_stream_blockvec_0_stream_blockvec_0_blockmat_int_A_ce0           |  out|    1|   ap_memory|      blockmatmul_stream_blockvec_0_stream_blockvec_0_blockmat_int_A|         array|
|blockmatmul_stream_blockvec_0_stream_blockvec_0_blockmat_int_A_we0           |  out|    1|   ap_memory|      blockmatmul_stream_blockvec_0_stream_blockvec_0_blockmat_int_A|         array|
|blockmatmul_stream_blockvec_0_stream_blockvec_0_blockmat_int_A_d0            |  out|   32|   ap_memory|      blockmatmul_stream_blockvec_0_stream_blockvec_0_blockmat_int_A|         array|
|blockmatmul_stream_blockvec_0_stream_blockvec_0_blockmat_int_A_1_address0    |  out|    6|   ap_memory|    blockmatmul_stream_blockvec_0_stream_blockvec_0_blockmat_int_A_1|         array|
|blockmatmul_stream_blockvec_0_stream_blockvec_0_blockmat_int_A_1_ce0         |  out|    1|   ap_memory|    blockmatmul_stream_blockvec_0_stream_blockvec_0_blockmat_int_A_1|         array|
|blockmatmul_stream_blockvec_0_stream_blockvec_0_blockmat_int_A_1_we0         |  out|    1|   ap_memory|    blockmatmul_stream_blockvec_0_stream_blockvec_0_blockmat_int_A_1|         array|
|blockmatmul_stream_blockvec_0_stream_blockvec_0_blockmat_int_A_1_d0          |  out|   32|   ap_memory|    blockmatmul_stream_blockvec_0_stream_blockvec_0_blockmat_int_A_1|         array|
|blockmatmul_stream_blockvec_0_stream_blockvec_0_blockmat_int_A_2_address0    |  out|    6|   ap_memory|    blockmatmul_stream_blockvec_0_stream_blockvec_0_blockmat_int_A_2|         array|
|blockmatmul_stream_blockvec_0_stream_blockvec_0_blockmat_int_A_2_ce0         |  out|    1|   ap_memory|    blockmatmul_stream_blockvec_0_stream_blockvec_0_blockmat_int_A_2|         array|
|blockmatmul_stream_blockvec_0_stream_blockvec_0_blockmat_int_A_2_we0         |  out|    1|   ap_memory|    blockmatmul_stream_blockvec_0_stream_blockvec_0_blockmat_int_A_2|         array|
|blockmatmul_stream_blockvec_0_stream_blockvec_0_blockmat_int_A_2_d0          |  out|   32|   ap_memory|    blockmatmul_stream_blockvec_0_stream_blockvec_0_blockmat_int_A_2|         array|
|blockmatmul_stream_blockvec_0_stream_blockvec_0_blockmat_int_A_3_address0    |  out|    6|   ap_memory|    blockmatmul_stream_blockvec_0_stream_blockvec_0_blockmat_int_A_3|         array|
|blockmatmul_stream_blockvec_0_stream_blockvec_0_blockmat_int_A_3_ce0         |  out|    1|   ap_memory|    blockmatmul_stream_blockvec_0_stream_blockvec_0_blockmat_int_A_3|         array|
|blockmatmul_stream_blockvec_0_stream_blockvec_0_blockmat_int_A_3_we0         |  out|    1|   ap_memory|    blockmatmul_stream_blockvec_0_stream_blockvec_0_blockmat_int_A_3|         array|
|blockmatmul_stream_blockvec_0_stream_blockvec_0_blockmat_int_A_3_d0          |  out|   32|   ap_memory|    blockmatmul_stream_blockvec_0_stream_blockvec_0_blockmat_int_A_3|         array|
|blockmatmul_stream_blockvec_0_stream_blockvec_0_blockmat_int_A_4_address0    |  out|    6|   ap_memory|    blockmatmul_stream_blockvec_0_stream_blockvec_0_blockmat_int_A_4|         array|
|blockmatmul_stream_blockvec_0_stream_blockvec_0_blockmat_int_A_4_ce0         |  out|    1|   ap_memory|    blockmatmul_stream_blockvec_0_stream_blockvec_0_blockmat_int_A_4|         array|
|blockmatmul_stream_blockvec_0_stream_blockvec_0_blockmat_int_A_4_we0         |  out|    1|   ap_memory|    blockmatmul_stream_blockvec_0_stream_blockvec_0_blockmat_int_A_4|         array|
|blockmatmul_stream_blockvec_0_stream_blockvec_0_blockmat_int_A_4_d0          |  out|   32|   ap_memory|    blockmatmul_stream_blockvec_0_stream_blockvec_0_blockmat_int_A_4|         array|
|blockmatmul_stream_blockvec_0_stream_blockvec_0_blockmat_int_A_5_address0    |  out|    6|   ap_memory|    blockmatmul_stream_blockvec_0_stream_blockvec_0_blockmat_int_A_5|         array|
|blockmatmul_stream_blockvec_0_stream_blockvec_0_blockmat_int_A_5_ce0         |  out|    1|   ap_memory|    blockmatmul_stream_blockvec_0_stream_blockvec_0_blockmat_int_A_5|         array|
|blockmatmul_stream_blockvec_0_stream_blockvec_0_blockmat_int_A_5_we0         |  out|    1|   ap_memory|    blockmatmul_stream_blockvec_0_stream_blockvec_0_blockmat_int_A_5|         array|
|blockmatmul_stream_blockvec_0_stream_blockvec_0_blockmat_int_A_5_d0          |  out|   32|   ap_memory|    blockmatmul_stream_blockvec_0_stream_blockvec_0_blockmat_int_A_5|         array|
|blockmatmul_stream_blockvec_0_stream_blockvec_0_blockmat_int_A_6_address0    |  out|    6|   ap_memory|    blockmatmul_stream_blockvec_0_stream_blockvec_0_blockmat_int_A_6|         array|
|blockmatmul_stream_blockvec_0_stream_blockvec_0_blockmat_int_A_6_ce0         |  out|    1|   ap_memory|    blockmatmul_stream_blockvec_0_stream_blockvec_0_blockmat_int_A_6|         array|
|blockmatmul_stream_blockvec_0_stream_blockvec_0_blockmat_int_A_6_we0         |  out|    1|   ap_memory|    blockmatmul_stream_blockvec_0_stream_blockvec_0_blockmat_int_A_6|         array|
|blockmatmul_stream_blockvec_0_stream_blockvec_0_blockmat_int_A_6_d0          |  out|   32|   ap_memory|    blockmatmul_stream_blockvec_0_stream_blockvec_0_blockmat_int_A_6|         array|
|blockmatmul_stream_blockvec_0_stream_blockvec_0_blockmat_int_A_7_address0    |  out|    6|   ap_memory|    blockmatmul_stream_blockvec_0_stream_blockvec_0_blockmat_int_A_7|         array|
|blockmatmul_stream_blockvec_0_stream_blockvec_0_blockmat_int_A_7_ce0         |  out|    1|   ap_memory|    blockmatmul_stream_blockvec_0_stream_blockvec_0_blockmat_int_A_7|         array|
|blockmatmul_stream_blockvec_0_stream_blockvec_0_blockmat_int_A_7_we0         |  out|    1|   ap_memory|    blockmatmul_stream_blockvec_0_stream_blockvec_0_blockmat_int_A_7|         array|
|blockmatmul_stream_blockvec_0_stream_blockvec_0_blockmat_int_A_7_d0          |  out|   32|   ap_memory|    blockmatmul_stream_blockvec_0_stream_blockvec_0_blockmat_int_A_7|         array|
|blockmatmul_stream_blockvec_0_stream_blockvec_0_blockmat_int_A_8_address0    |  out|    6|   ap_memory|    blockmatmul_stream_blockvec_0_stream_blockvec_0_blockmat_int_A_8|         array|
|blockmatmul_stream_blockvec_0_stream_blockvec_0_blockmat_int_A_8_ce0         |  out|    1|   ap_memory|    blockmatmul_stream_blockvec_0_stream_blockvec_0_blockmat_int_A_8|         array|
|blockmatmul_stream_blockvec_0_stream_blockvec_0_blockmat_int_A_8_we0         |  out|    1|   ap_memory|    blockmatmul_stream_blockvec_0_stream_blockvec_0_blockmat_int_A_8|         array|
|blockmatmul_stream_blockvec_0_stream_blockvec_0_blockmat_int_A_8_d0          |  out|   32|   ap_memory|    blockmatmul_stream_blockvec_0_stream_blockvec_0_blockmat_int_A_8|         array|
|blockmatmul_stream_blockvec_0_stream_blockvec_0_blockmat_int_A_9_address0    |  out|    6|   ap_memory|    blockmatmul_stream_blockvec_0_stream_blockvec_0_blockmat_int_A_9|         array|
|blockmatmul_stream_blockvec_0_stream_blockvec_0_blockmat_int_A_9_ce0         |  out|    1|   ap_memory|    blockmatmul_stream_blockvec_0_stream_blockvec_0_blockmat_int_A_9|         array|
|blockmatmul_stream_blockvec_0_stream_blockvec_0_blockmat_int_A_9_we0         |  out|    1|   ap_memory|    blockmatmul_stream_blockvec_0_stream_blockvec_0_blockmat_int_A_9|         array|
|blockmatmul_stream_blockvec_0_stream_blockvec_0_blockmat_int_A_9_d0          |  out|   32|   ap_memory|    blockmatmul_stream_blockvec_0_stream_blockvec_0_blockmat_int_A_9|         array|
|p_ZZ11blockmatmulRN3hls6streamI8blockvecLi0EEES3_R8blockmatiE1A_10_address0  |  out|    6|   ap_memory|  p_ZZ11blockmatmulRN3hls6streamI8blockvecLi0EEES3_R8blockmatiE1A_10|         array|
|p_ZZ11blockmatmulRN3hls6streamI8blockvecLi0EEES3_R8blockmatiE1A_10_ce0       |  out|    1|   ap_memory|  p_ZZ11blockmatmulRN3hls6streamI8blockvecLi0EEES3_R8blockmatiE1A_10|         array|
|p_ZZ11blockmatmulRN3hls6streamI8blockvecLi0EEES3_R8blockmatiE1A_10_we0       |  out|    1|   ap_memory|  p_ZZ11blockmatmulRN3hls6streamI8blockvecLi0EEES3_R8blockmatiE1A_10|         array|
|p_ZZ11blockmatmulRN3hls6streamI8blockvecLi0EEES3_R8blockmatiE1A_10_d0        |  out|   32|   ap_memory|  p_ZZ11blockmatmulRN3hls6streamI8blockvecLi0EEES3_R8blockmatiE1A_10|         array|
|p_ZZ11blockmatmulRN3hls6streamI8blockvecLi0EEES3_R8blockmatiE1A_11_address0  |  out|    6|   ap_memory|  p_ZZ11blockmatmulRN3hls6streamI8blockvecLi0EEES3_R8blockmatiE1A_11|         array|
|p_ZZ11blockmatmulRN3hls6streamI8blockvecLi0EEES3_R8blockmatiE1A_11_ce0       |  out|    1|   ap_memory|  p_ZZ11blockmatmulRN3hls6streamI8blockvecLi0EEES3_R8blockmatiE1A_11|         array|
|p_ZZ11blockmatmulRN3hls6streamI8blockvecLi0EEES3_R8blockmatiE1A_11_we0       |  out|    1|   ap_memory|  p_ZZ11blockmatmulRN3hls6streamI8blockvecLi0EEES3_R8blockmatiE1A_11|         array|
|p_ZZ11blockmatmulRN3hls6streamI8blockvecLi0EEES3_R8blockmatiE1A_11_d0        |  out|   32|   ap_memory|  p_ZZ11blockmatmulRN3hls6streamI8blockvecLi0EEES3_R8blockmatiE1A_11|         array|
|p_ZZ11blockmatmulRN3hls6streamI8blockvecLi0EEES3_R8blockmatiE1A_12_address0  |  out|    6|   ap_memory|  p_ZZ11blockmatmulRN3hls6streamI8blockvecLi0EEES3_R8blockmatiE1A_12|         array|
|p_ZZ11blockmatmulRN3hls6streamI8blockvecLi0EEES3_R8blockmatiE1A_12_ce0       |  out|    1|   ap_memory|  p_ZZ11blockmatmulRN3hls6streamI8blockvecLi0EEES3_R8blockmatiE1A_12|         array|
|p_ZZ11blockmatmulRN3hls6streamI8blockvecLi0EEES3_R8blockmatiE1A_12_we0       |  out|    1|   ap_memory|  p_ZZ11blockmatmulRN3hls6streamI8blockvecLi0EEES3_R8blockmatiE1A_12|         array|
|p_ZZ11blockmatmulRN3hls6streamI8blockvecLi0EEES3_R8blockmatiE1A_12_d0        |  out|   32|   ap_memory|  p_ZZ11blockmatmulRN3hls6streamI8blockvecLi0EEES3_R8blockmatiE1A_12|         array|
|p_ZZ11blockmatmulRN3hls6streamI8blockvecLi0EEES3_R8blockmatiE1A_13_address0  |  out|    6|   ap_memory|  p_ZZ11blockmatmulRN3hls6streamI8blockvecLi0EEES3_R8blockmatiE1A_13|         array|
|p_ZZ11blockmatmulRN3hls6streamI8blockvecLi0EEES3_R8blockmatiE1A_13_ce0       |  out|    1|   ap_memory|  p_ZZ11blockmatmulRN3hls6streamI8blockvecLi0EEES3_R8blockmatiE1A_13|         array|
|p_ZZ11blockmatmulRN3hls6streamI8blockvecLi0EEES3_R8blockmatiE1A_13_we0       |  out|    1|   ap_memory|  p_ZZ11blockmatmulRN3hls6streamI8blockvecLi0EEES3_R8blockmatiE1A_13|         array|
|p_ZZ11blockmatmulRN3hls6streamI8blockvecLi0EEES3_R8blockmatiE1A_13_d0        |  out|   32|   ap_memory|  p_ZZ11blockmatmulRN3hls6streamI8blockvecLi0EEES3_R8blockmatiE1A_13|         array|
|p_ZZ11blockmatmulRN3hls6streamI8blockvecLi0EEES3_R8blockmatiE1A_14_address0  |  out|    6|   ap_memory|  p_ZZ11blockmatmulRN3hls6streamI8blockvecLi0EEES3_R8blockmatiE1A_14|         array|
|p_ZZ11blockmatmulRN3hls6streamI8blockvecLi0EEES3_R8blockmatiE1A_14_ce0       |  out|    1|   ap_memory|  p_ZZ11blockmatmulRN3hls6streamI8blockvecLi0EEES3_R8blockmatiE1A_14|         array|
|p_ZZ11blockmatmulRN3hls6streamI8blockvecLi0EEES3_R8blockmatiE1A_14_we0       |  out|    1|   ap_memory|  p_ZZ11blockmatmulRN3hls6streamI8blockvecLi0EEES3_R8blockmatiE1A_14|         array|
|p_ZZ11blockmatmulRN3hls6streamI8blockvecLi0EEES3_R8blockmatiE1A_14_d0        |  out|   32|   ap_memory|  p_ZZ11blockmatmulRN3hls6streamI8blockvecLi0EEES3_R8blockmatiE1A_14|         array|
|p_ZZ11blockmatmulRN3hls6streamI8blockvecLi0EEES3_R8blockmatiE1A_15_address0  |  out|    6|   ap_memory|  p_ZZ11blockmatmulRN3hls6streamI8blockvecLi0EEES3_R8blockmatiE1A_15|         array|
|p_ZZ11blockmatmulRN3hls6streamI8blockvecLi0EEES3_R8blockmatiE1A_15_ce0       |  out|    1|   ap_memory|  p_ZZ11blockmatmulRN3hls6streamI8blockvecLi0EEES3_R8blockmatiE1A_15|         array|
|p_ZZ11blockmatmulRN3hls6streamI8blockvecLi0EEES3_R8blockmatiE1A_15_we0       |  out|    1|   ap_memory|  p_ZZ11blockmatmulRN3hls6streamI8blockvecLi0EEES3_R8blockmatiE1A_15|         array|
|p_ZZ11blockmatmulRN3hls6streamI8blockvecLi0EEES3_R8blockmatiE1A_15_d0        |  out|   32|   ap_memory|  p_ZZ11blockmatmulRN3hls6streamI8blockvecLi0EEES3_R8blockmatiE1A_15|         array|
+-----------------------------------------------------------------------------+-----+-----+------------+--------------------------------------------------------------------+--------------+

